<?xml version="1.0" encoding="UTF-8"?>
<!-- Generated by org.testng.reporters.JUnitXMLReporter -->
<testsuite ignored="6" hostname="BUDDI_DESKTOP" failures="1" tests="100" name="Test3" time="7384.482" errors="0" timestamp="2026-04-25T21:10:04 IST">
  <testcase classname="com.test.TestCases.TestCases_1" name="testCase_001" time="68.5"/>
  <testcase classname="com.test.TestCases.TestCases_1" name="testCase_002" time="53.651"/>
  <testcase classname="com.test.TestCases.TestCases_1" name="testCase_003" time="33.041"/>
  <testcase classname="com.test.TestCases.TestCases_1" name="testCase_004" time="49.224"/>
  <testcase classname="com.test.TestCases.TestCases_1" name="testCase_005" time="29.927"/>
  <testcase classname="com.test.TestCases.TestCases_1" name="testCase_006" time="26.525"/>
  <testcase classname="com.test.TestCases.TestCases_1" name="testCase_007" time="19.592"/>
  <testcase classname="com.test.TestCases.TestCases_1" name="testCase_008" time="15.116"/>
  <testcase classname="com.test.TestCases.TestCases_1" name="testCase_009" time="9.138"/>
  <testcase classname="com.test.TestCases.TestCases_1" name="testCase_010" time="35.057"/>
  <testcase classname="com.test.TestCases.TestCases_1" name="testCase_011" time="17.088"/>
  <testcase classname="com.test.TestCases.TestCases_1" name="testCase_012" time="43.225"/>
  <testcase classname="com.test.TestCases.TestCases_1" name="testCase_013" time="8.691"/>
  <testcase classname="com.test.TestCases.TestCases_1" name="testCase_014" time="0.0">
    <skipped/>
  </testcase> <!-- testCase_014 -->
  <testcase classname="com.test.TestCases.TestCases_1" name="testCase_015" time="0.0">
    <skipped/>
  </testcase> <!-- testCase_015 -->
  <testcase classname="com.test.TestCases.TestCases_1" name="testCase_016" time="0.0">
    <skipped/>
  </testcase> <!-- testCase_016 -->
  <testcase classname="com.test.TestCases.TestCases_1" name="testCase_017" time="0.0">
    <skipped/>
  </testcase> <!-- testCase_017 -->
  <testcase classname="com.test.TestCases.TestCases_1" name="testCase_018" time="0.0">
    <skipped/>
  </testcase> <!-- testCase_018 -->
  <testcase classname="com.test.TestCases.TestCases_1" name="testCase_019" time="0.0">
    <skipped/>
  </testcase> <!-- testCase_019 -->
  <testcase classname="com.test.TestCases.TestCases_1" name="testCase_020" time="0.0">
    <skipped/>
  </testcase> <!-- testCase_020 -->
  <testcase classname="com.test.TestCases.TestCases_1" name="testCase_021" time="0.0">
    <skipped/>
  </testcase> <!-- testCase_021 -->
  <testcase classname="com.test.TestCases.TestCases_1" name="testCase_022" time="0.002">
    <skipped/>
  </testcase> <!-- testCase_022 -->
  <testcase classname="com.test.TestCases.TestCases_1" name="testCase_023" time="0.0">
    <skipped/>
  </testcase> <!-- testCase_023 -->
  <testcase classname="com.test.TestCases.TestCases_1" name="testCase_024" time="0.001">
    <skipped/>
  </testcase> <!-- testCase_024 -->
  <testcase classname="com.test.TestCases.TestCases_1" name="testCase_025" time="0.0">
    <skipped/>
  </testcase> <!-- testCase_025 -->
  <testcase classname="com.test.TestCases.TestCases_2" name="testCase_001" time="71.698"/>
  <testcase classname="com.test.TestCases.TestCases_2" name="testCase_002" time="69.55"/>
  <testcase classname="com.test.TestCases.TestCases_2" name="testCase_003" time="16.711"/>
  <testcase classname="com.test.TestCases.TestCases_2" name="testCase_004" time="0.0">
    <skipped/>
  </testcase> <!-- testCase_004 -->
  <testcase classname="com.test.TestCases.TestCases_2" name="testCase_005" time="0.0">
    <skipped/>
  </testcase> <!-- testCase_005 -->
  <testcase classname="com.test.TestCases.TestCases_2" name="testCase_006" time="0.0">
    <skipped/>
  </testcase> <!-- testCase_006 -->
  <testcase classname="com.test.TestCases.TestCases_2" name="testCase_007" time="0.0">
    <skipped/>
  </testcase> <!-- testCase_007 -->
  <testcase classname="com.test.TestCases.TestCases_2" name="testCase_008" time="0.0">
    <skipped/>
  </testcase> <!-- testCase_008 -->
  <testcase classname="com.test.TestCases.TestCases_2" name="testCase_009" time="0.0">
    <skipped/>
  </testcase> <!-- testCase_009 -->
  <testcase classname="com.test.TestCases.TestCases_2" name="testCase_010" time="0.0">
    <skipped/>
  </testcase> <!-- testCase_010 -->
  <testcase classname="com.test.TestCases.TestCases_2" name="testCase_011" time="0.0">
    <skipped/>
  </testcase> <!-- testCase_011 -->
  <testcase classname="com.test.TestCases.TestCases_2" name="testCase_012" time="0.0">
    <skipped/>
  </testcase> <!-- testCase_012 -->
  <testcase classname="com.test.TestCases.TestCases_2" name="testCase_013" time="0.0">
    <skipped/>
  </testcase> <!-- testCase_013 -->
  <testcase classname="com.test.TestCases.TestCases_2" name="testCase_014" time="0.001">
    <skipped/>
  </testcase> <!-- testCase_014 -->
  <testcase classname="com.test.TestCases.TestCases_2" name="testCase_015" time="0.0">
    <skipped/>
  </testcase> <!-- testCase_015 -->
  <testcase classname="com.test.TestCases.TestCases_2" name="testCase_016" time="0.0">
    <skipped/>
  </testcase> <!-- testCase_016 -->
  <testcase classname="com.test.TestCases.TestCases_2" name="testCase_017" time="0.0">
    <skipped/>
  </testcase> <!-- testCase_017 -->
  <testcase classname="com.test.TestCases.TestCases_2" name="testCase_018" time="0.0">
    <skipped/>
  </testcase> <!-- testCase_018 -->
  <testcase classname="com.test.TestCases.TestCases_2" name="testCase_019" time="0.0">
    <skipped/>
  </testcase> <!-- testCase_019 -->
  <testcase classname="com.test.TestCases.TestCases_2" name="testCase_020" time="0.0">
    <skipped/>
  </testcase> <!-- testCase_020 -->
  <testcase classname="com.test.TestCases.TestCases_2" name="testCase_021" time="0.0">
    <skipped/>
  </testcase> <!-- testCase_021 -->
  <testcase classname="com.test.TestCases.TestCases_2" name="testCase_022" time="0.0">
    <skipped/>
  </testcase> <!-- testCase_022 -->
  <testcase classname="com.test.TestCases.TestCases_2" name="testCase_023" time="0.0">
    <skipped/>
  </testcase> <!-- testCase_023 -->
  <testcase classname="com.test.TestCases.TestCases_2" name="testCase_024" time="0.0">
    <skipped/>
  </testcase> <!-- testCase_024 -->
  <testcase classname="com.test.TestCases.TestCases_2" name="testCase_025" time="0.0">
    <skipped/>
  </testcase> <!-- testCase_025 -->
  <testcase classname="com.test.TestCases.TestCases_3" name="testCase_001" time="24.514"/>
  <testcase classname="com.test.TestCases.TestCases_3" name="testCase_002" time="36.59"/>
  <testcase classname="com.test.TestCases.TestCases_3" name="testCase_003" time="33.031"/>
  <testcase classname="com.test.TestCases.TestCases_3" name="testCase_004" time="39.583"/>
  <testcase classname="com.test.TestCases.TestCases_3" name="testCase_005" time="31.528"/>
  <testcase classname="com.test.TestCases.TestCases_3" name="testCase_006" time="21.452"/>
  <testcase classname="com.test.TestCases.TestCases_3" name="testCase_007" time="39.41"/>
  <testcase classname="com.test.TestCases.TestCases_3" name="testCase_008" time="58.503"/>
  <testcase classname="com.test.TestCases.TestCases_3" name="testCase_009" time="36.292"/>
  <testcase classname="com.test.TestCases.TestCases_3" name="testCase_010" time="60.096"/>
  <testcase classname="com.test.TestCases.TestCases_3" name="testCase_011" time="13.677"/>
  <testcase classname="com.test.TestCases.TestCases_3" name="testCase_012" time="36.66"/>
  <testcase classname="com.test.TestCases.TestCases_3" name="testCase_013" time="9.836"/>
  <testcase classname="com.test.TestCases.TestCases_3" name="testCase_014" time="8.391"/>
  <testcase classname="com.test.TestCases.TestCases_3" name="testCase_015" time="15.274"/>
  <testcase classname="com.test.TestCases.TestCases_3" name="testCase_016" time="60.908">
    <failure type="org.openqa.selenium.ScriptTimeoutException" message="script timeout
  (Session info: MicrosoftEdge=147.0.3912.72)
Build info: version: &amp;apos;4.43.0&amp;apos;, revision: &amp;apos;dd0f534&amp;apos;
System info: os.name: &amp;apos;Windows 11&amp;apos;, os.arch: &amp;apos;amd64&amp;apos;, os.version: &amp;apos;10.0&amp;apos;, java.version: &amp;apos;21.0.9&amp;apos;
Driver info: org.openqa.selenium.remote.RemoteWebDriver
Command: [8c04e25615e785555bb9b271508cbc2b, isElementDisplayed {id=f.253B62D30BD6D7013BB4DC8F582BC58A.d.14AF488453A7A8A848D613501B6145DA.e.35}]
Capabilities {acceptInsecureCerts: false, browserName: MicrosoftEdge, browserVersion: 147.0.3912.72, fedcm:accounts: true, goog:processID: 16380, ms:edgeOptions: {debuggerAddress: localhost:59844}, msedge: {msedgedriverVersion: 147.0.3912.86 (3a0d90fcf938..., userDataDir: C:\Users\chnag\AppData\Loca...}, networkConnectionEnabled: false, pageLoadStrategy: normal, platformName: Windows 11, proxy: Proxy(), se:bidiEnabled: false, se:cdp: ws://localhost:4444/session..., se:cdpVersion: 147.0.3912.72, setWindowRect: true, strictFileInteractability: false, timeouts: {implicit: 0, pageLoad: 300000, script: 30000}, unhandledPromptBehavior: dismiss and notify, webauthn:extension:credBlob: true, webauthn:extension:largeBlob: true, webauthn:extension:minPinLength: true, webauthn:extension:prf: true, webauthn:virtualAuthenticators: true}
Element: [[RemoteWebDriver: MicrosoftEdge on Windows 11 (8c04e25615e785555bb9b271508cbc2b)] -&amp;gt; xpath: //a[normalize-space()=&amp;apos;Signup / Login&amp;apos;]]
Session ID: 8c04e25615e785555bb9b271508cbc2b">
      <![CDATA[org.openqa.selenium.ScriptTimeoutException: script timeout
  (Session info: MicrosoftEdge=147.0.3912.72)
Build info: version: '4.43.0', revision: 'dd0f534'
System info: os.name: 'Windows 11', os.arch: 'amd64', os.version: '10.0', java.version: '21.0.9'
Driver info: org.openqa.selenium.remote.RemoteWebDriver
Command: [8c04e25615e785555bb9b271508cbc2b, isElementDisplayed {id=f.253B62D30BD6D7013BB4DC8F582BC58A.d.14AF488453A7A8A848D613501B6145DA.e.35}]
Capabilities {acceptInsecureCerts: false, browserName: MicrosoftEdge, browserVersion: 147.0.3912.72, fedcm:accounts: true, goog:processID: 16380, ms:edgeOptions: {debuggerAddress: localhost:59844}, msedge: {msedgedriverVersion: 147.0.3912.86 (3a0d90fcf938..., userDataDir: C:\Users\chnag\AppData\Loca...}, networkConnectionEnabled: false, pageLoadStrategy: normal, platformName: Windows 11, proxy: Proxy(), se:bidiEnabled: false, se:cdp: ws://localhost:4444/session..., se:cdpVersion: 147.0.3912.72, setWindowRect: true, strictFileInteractability: false, timeouts: {implicit: 0, pageLoad: 300000, script: 30000}, unhandledPromptBehavior: dismiss and notify, webauthn:extension:credBlob: true, webauthn:extension:largeBlob: true, webauthn:extension:minPinLength: true, webauthn:extension:prf: true, webauthn:virtualAuthenticators: true}
Element: [[RemoteWebDriver: MicrosoftEdge on Windows 11 (8c04e25615e785555bb9b271508cbc2b)] -> xpath: //a[normalize-space()='Signup / Login']]
Session ID: 8c04e25615e785555bb9b271508cbc2b
at org.openqa.selenium.remote.ErrorCodec.decode(ErrorCodec.java:169)
at org.openqa.selenium.remote.codec.w3c.W3CHttpResponseCodec.decode(W3CHttpResponseCodec.java:142)
at org.openqa.selenium.remote.codec.w3c.W3CHttpResponseCodec.decode(W3CHttpResponseCodec.java:49)
at org.openqa.selenium.remote.HttpCommandExecutor.execute(HttpCommandExecutor.java:223)
at org.openqa.selenium.remote.TracedCommandExecutor.execute(TracedCommandExecutor.java:53)
at org.openqa.selenium.remote.RemoteWebDriver.execute(RemoteWebDriver.java:606)
at org.openqa.selenium.remote.RemoteWebElement.execute(RemoteWebElement.java:223)
at org.openqa.selenium.remote.RemoteWebElement.isDisplayed(RemoteWebElement.java:282)
at org.openqa.selenium.support.ui.ExpectedConditions$22.apply(ExpectedConditions.java:757)
at org.openqa.selenium.support.ui.ExpectedConditions$22.apply(ExpectedConditions.java:749)
at org.openqa.selenium.support.ui.FluentWait.until(FluentWait.java:210)
at com.test.Utilities.GenericMethods.waitForElement(GenericMethods.java:30)
at com.test.Utilities.GenericMethods.clickOn(GenericMethods.java:35)
at com.test.Pages.Home_Page.click_HomePage_SignUp_Or_Login_Link(Home_Page.java:25)
at com.test.TestCases.TestCases_3.testCase_016(TestCases_3.java:187)
at java.base/java.util.ArrayList.forEach(ArrayList.java:1596)
at java.base/java.util.concurrent.FutureTask.run(FutureTask.java:317)
at java.base/java.util.concurrent.ThreadPoolExecutor.runWorker(ThreadPoolExecutor.java:1144)
at java.base/java.util.concurrent.ThreadPoolExecutor$Worker.run(ThreadPoolExecutor.java:642)
at java.base/java.lang.Thread.run(Thread.java:1583)
... Removed 15 stack frames]]>
    </failure>
  </testcase> <!-- testCase_016 -->
  <testcase classname="com.test.TestCases.TestCases_3" name="testCase_017" time="0.0">
    <skipped/>
  </testcase> <!-- testCase_017 -->
  <testcase classname="com.test.TestCases.TestCases_3" name="testCase_018" time="0.0">
    <skipped/>
  </testcase> <!-- testCase_018 -->
  <testcase classname="com.test.TestCases.TestCases_3" name="testCase_019" time="0.0">
    <skipped/>
  </testcase> <!-- testCase_019 -->
  <testcase classname="com.test.TestCases.TestCases_3" name="testCase_020" time="0.0">
    <skipped/>
  </testcase> <!-- testCase_020 -->
  <testcase classname="com.test.TestCases.TestCases_3" name="testCase_021" time="0.0">
    <skipped/>
  </testcase> <!-- testCase_021 -->
  <testcase classname="com.test.TestCases.TestCases_3" name="testCase_022" time="0.0">
    <skipped/>
  </testcase> <!-- testCase_022 -->
  <testcase classname="com.test.TestCases.TestCases_3" name="testCase_023" time="0.0">
    <skipped/>
  </testcase> <!-- testCase_023 -->
  <testcase classname="com.test.TestCases.TestCases_3" name="testCase_024" time="0.0">
    <skipped/>
  </testcase> <!-- testCase_024 -->
  <testcase classname="com.test.TestCases.TestCases_3" name="testCase_025" time="0.0">
    <skipped/>
  </testcase> <!-- testCase_025 -->
  <testcase classname="com.test.TestCases.TestCases_4" name="testCase_001" time="45.442"/>
  <testcase classname="com.test.TestCases.TestCases_4" name="testCase_002" time="30.817"/>
  <testcase classname="com.test.TestCases.TestCases_4" name="testCase_003" time="55.065"/>
  <testcase classname="com.test.TestCases.TestCases_4" name="testCase_004" time="41.898"/>
  <testcase classname="com.test.TestCases.TestCases_4" name="testCase_005" time="21.614"/>
  <testcase classname="com.test.TestCases.TestCases_4" name="testCase_006" time="31.77"/>
  <testcase classname="com.test.TestCases.TestCases_4" name="testCase_007" time="25.581"/>
  <testcase classname="com.test.TestCases.TestCases_4" name="testCase_008" time="24.722"/>
  <testcase classname="com.test.TestCases.TestCases_4" name="testCase_009" time="23.786"/>
  <testcase classname="com.test.TestCases.TestCases_4" name="testCase_010" time="15.935"/>
  <testcase classname="com.test.TestCases.TestCases_4" name="testCase_011" time="12.988"/>
  <testcase classname="com.test.TestCases.TestCases_4" name="testCase_012" time="41.277"/>
  <testcase classname="com.test.TestCases.TestCases_4" name="testCase_013" time="26.443"/>
  <testcase classname="com.test.TestCases.TestCases_4" name="testCase_014" time="14.569"/>
  <testcase classname="com.test.TestCases.TestCases_4" name="testCase_015" time="16.162"/>
  <testcase classname="com.test.TestCases.TestCases_4" name="testCase_016" time="20.115"/>
  <testcase classname="com.test.TestCases.TestCases_4" name="testCase_017" time="22.684"/>
  <testcase classname="com.test.TestCases.TestCases_4" name="testCase_018" time="28.806"/>
  <testcase classname="com.test.TestCases.TestCases_4" name="testCase_019" time="50.07"/>
  <testcase classname="com.test.TestCases.TestCases_4" name="testCase_020" time="30.262"/>
  <testcase classname="com.test.TestCases.TestCases_4" name="testCase_021" time="29.843"/>
  <testcase classname="com.test.TestCases.TestCases_4" name="testCase_022" time="19.012"/>
  <testcase classname="com.test.TestCases.TestCases_4" name="testCase_023" time="17.374"/>
  <testcase classname="com.test.TestCases.TestCases_4" name="testCase_024" time="34.448"/>
  <testcase classname="com.test.TestCases.TestCases_4" name="testCase_025" time="9.606"/>
  <testcase classname="com.test.Base.BaseTest" name="@BeforeSuite clearScreenshotsAndReports" time="0.0">
    <ignored/>
  </testcase> <!-- @BeforeSuite clearScreenshotsAndReports -->
  <testcase classname="com.test.Base.BaseTest" name="@AfterSuite afterSuiteCleanup" time="0.0">
    <ignored/>
  </testcase> <!-- @AfterSuite afterSuiteCleanup -->
  <testcase classname="com.test.Base.BaseTest" name="@BeforeSuite clearScreenshotsAndReports" time="0.0">
    <ignored/>
  </testcase> <!-- @BeforeSuite clearScreenshotsAndReports -->
  <testcase classname="com.test.Base.BaseTest" name="@BeforeSuite clearScreenshotsAndReports" time="0.0">
    <ignored/>
  </testcase> <!-- @BeforeSuite clearScreenshotsAndReports -->
  <testcase classname="com.test.Base.BaseTest" name="@AfterSuite afterSuiteCleanup" time="0.0">
    <ignored/>
  </testcase> <!-- @AfterSuite afterSuiteCleanup -->
  <testcase classname="com.test.Base.BaseTest" name="@AfterSuite afterSuiteCleanup" time="0.0">
    <ignored/>
  </testcase> <!-- @AfterSuite afterSuiteCleanup -->
</testsuite> <!-- Test3 -->
