<?xml version="1.0" encoding="UTF-8"?>
<!-- Generated by org.testng.reporters.JUnitXMLReporter -->
<testsuite ignored="6" hostname="BUDDI_DESKTOP" failures="1" tests="100" name="Test1" time="7354.042" errors="0" timestamp="2026-04-25T21:09:35 IST">
  <testcase classname="com.test.Base.BaseTest" name="@BeforeMethod setUp" time="33.518">
    <failure type="org.openqa.selenium.TimeoutException" message="Expected condition failed: waiting for com.test.Base.BaseTest$1@38cd0938
(tried for 15 seconds with 500 milliseconds interval)
Build info: version: &amp;apos;4.43.0&amp;apos;, revision: &amp;apos;dd0f534&amp;apos;
System info: os.name: &amp;apos;Windows 11&amp;apos;, os.arch: &amp;apos;amd64&amp;apos;, os.version: &amp;apos;10.0&amp;apos;, java.version: &amp;apos;21.0.9&amp;apos;
Driver info: org.openqa.selenium.remote.RemoteWebDriver
Capabilities {acceptInsecureCerts: false, browserName: chrome, browserVersion: 147.0.7727.103, chrome: {chromedriverVersion: 147.0.7727.117 (474cc805edd..., userDataDir: C:\Users\chnag\AppData\Loca...}, fedcm:accounts: true, goog:chromeOptions: {debuggerAddress: localhost:55111}, goog:processID: 13216, networkConnectionEnabled: false, pageLoadStrategy: normal, platformName: Windows 11, proxy: Proxy(), se:bidiEnabled: false, se:cdp: ws://localhost:4444/session..., se:cdpVersion: 147.0.7727.103, setWindowRect: true, strictFileInteractability: false, timeouts: {implicit: 0, pageLoad: 300000, script: 30000}, unhandledPromptBehavior: dismiss and notify, webauthn:extension:credBlob: true, webauthn:extension:largeBlob: true, webauthn:extension:minPinLength: true, webauthn:extension:prf: true, webauthn:virtualAuthenticators: true}
Session ID: 4b9aa2019d5cafd3d7b05ead40e848f3">
      <![CDATA[org.openqa.selenium.TimeoutException: Expected condition failed: waiting for com.test.Base.BaseTest$1@38cd0938
(tried for 15 seconds with 500 milliseconds interval)
Build info: version: '4.43.0', revision: 'dd0f534'
System info: os.name: 'Windows 11', os.arch: 'amd64', os.version: '10.0', java.version: '21.0.9'
Driver info: org.openqa.selenium.remote.RemoteWebDriver
Capabilities {acceptInsecureCerts: false, browserName: chrome, browserVersion: 147.0.7727.103, chrome: {chromedriverVersion: 147.0.7727.117 (474cc805edd..., userDataDir: C:\Users\chnag\AppData\Loca...}, fedcm:accounts: true, goog:chromeOptions: {debuggerAddress: localhost:55111}, goog:processID: 13216, networkConnectionEnabled: false, pageLoadStrategy: normal, platformName: Windows 11, proxy: Proxy(), se:bidiEnabled: false, se:cdp: ws://localhost:4444/session..., se:cdpVersion: 147.0.7727.103, setWindowRect: true, strictFileInteractability: false, timeouts: {implicit: 0, pageLoad: 300000, script: 30000}, unhandledPromptBehavior: dismiss and notify, webauthn:extension:credBlob: true, webauthn:extension:largeBlob: true, webauthn:extension:minPinLength: true, webauthn:extension:prf: true, webauthn:virtualAuthenticators: true}
Session ID: 4b9aa2019d5cafd3d7b05ead40e848f3
at org.openqa.selenium.support.ui.WebDriverWait.timeoutException(WebDriverWait.java:85)
at org.openqa.selenium.support.ui.FluentWait.until(FluentWait.java:234)
at com.test.Base.BaseTest.waitForPageLoadComplete(BaseTest.java:43)
at com.test.Base.BaseTest.setUp(BaseTest.java:37)
at java.base/java.util.ArrayList.forEach(ArrayList.java:1596)
at java.base/java.util.concurrent.FutureTask.run(FutureTask.java:317)
at java.base/java.util.concurrent.ThreadPoolExecutor.runWorker(ThreadPoolExecutor.java:1144)
at java.base/java.util.concurrent.ThreadPoolExecutor$Worker.run(ThreadPoolExecutor.java:642)
at java.base/java.lang.Thread.run(Thread.java:1583)
... Removed 19 stack frames]]>
    </failure>
  </testcase> <!-- @BeforeMethod setUp -->
  <testcase classname="com.test.Base.BaseTest" name="@BeforeMethod setUp" time="94.322">
    <failure type="org.openqa.selenium.TimeoutException" message="Expected condition failed: waiting for com.test.Base.BaseTest$1@5f85e05a
(tried for 15 seconds with 500 milliseconds interval)
Build info: version: &amp;apos;4.43.0&amp;apos;, revision: &amp;apos;dd0f534&amp;apos;
System info: os.name: &amp;apos;Windows 11&amp;apos;, os.arch: &amp;apos;amd64&amp;apos;, os.version: &amp;apos;10.0&amp;apos;, java.version: &amp;apos;21.0.9&amp;apos;
Driver info: org.openqa.selenium.remote.RemoteWebDriver
Capabilities {acceptInsecureCerts: false, browserName: chrome, browserVersion: 147.0.7727.103, chrome: {chromedriverVersion: 147.0.7727.117 (474cc805edd..., userDataDir: C:\Users\chnag\AppData\Loca...}, fedcm:accounts: true, goog:chromeOptions: {debuggerAddress: localhost:64828}, goog:processID: 11448, networkConnectionEnabled: false, pageLoadStrategy: normal, platformName: Windows 11, proxy: Proxy(), se:bidiEnabled: false, se:cdp: ws://localhost:4444/session..., se:cdpVersion: 147.0.7727.103, setWindowRect: true, strictFileInteractability: false, timeouts: {implicit: 0, pageLoad: 300000, script: 30000}, unhandledPromptBehavior: dismiss and notify, webauthn:extension:credBlob: true, webauthn:extension:largeBlob: true, webauthn:extension:minPinLength: true, webauthn:extension:prf: true, webauthn:virtualAuthenticators: true}
Session ID: 9ca1a0e3a1820ef0205500714158636a">
      <![CDATA[org.openqa.selenium.TimeoutException: Expected condition failed: waiting for com.test.Base.BaseTest$1@5f85e05a
(tried for 15 seconds with 500 milliseconds interval)
Build info: version: '4.43.0', revision: 'dd0f534'
System info: os.name: 'Windows 11', os.arch: 'amd64', os.version: '10.0', java.version: '21.0.9'
Driver info: org.openqa.selenium.remote.RemoteWebDriver
Capabilities {acceptInsecureCerts: false, browserName: chrome, browserVersion: 147.0.7727.103, chrome: {chromedriverVersion: 147.0.7727.117 (474cc805edd..., userDataDir: C:\Users\chnag\AppData\Loca...}, fedcm:accounts: true, goog:chromeOptions: {debuggerAddress: localhost:64828}, goog:processID: 11448, networkConnectionEnabled: false, pageLoadStrategy: normal, platformName: Windows 11, proxy: Proxy(), se:bidiEnabled: false, se:cdp: ws://localhost:4444/session..., se:cdpVersion: 147.0.7727.103, setWindowRect: true, strictFileInteractability: false, timeouts: {implicit: 0, pageLoad: 300000, script: 30000}, unhandledPromptBehavior: dismiss and notify, webauthn:extension:credBlob: true, webauthn:extension:largeBlob: true, webauthn:extension:minPinLength: true, webauthn:extension:prf: true, webauthn:virtualAuthenticators: true}
Session ID: 9ca1a0e3a1820ef0205500714158636a
at org.openqa.selenium.support.ui.WebDriverWait.timeoutException(WebDriverWait.java:85)
at org.openqa.selenium.support.ui.FluentWait.until(FluentWait.java:234)
at com.test.Base.BaseTest.waitForPageLoadComplete(BaseTest.java:43)
at com.test.Base.BaseTest.setUp(BaseTest.java:37)
at java.base/java.util.ArrayList.forEach(ArrayList.java:1596)
at java.base/java.util.concurrent.FutureTask.run(FutureTask.java:317)
at java.base/java.util.concurrent.ThreadPoolExecutor.runWorker(ThreadPoolExecutor.java:1144)
at java.base/java.util.concurrent.ThreadPoolExecutor$Worker.run(ThreadPoolExecutor.java:642)
at java.base/java.lang.Thread.run(Thread.java:1583)
... Removed 19 stack frames]]>
    </failure>
  </testcase> <!-- @BeforeMethod setUp -->
  <testcase classname="com.test.Base.BaseTest" name="@BeforeMethod setUp" time="57.08">
    <failure type="org.openqa.selenium.TimeoutException" message="Expected condition failed: waiting for com.test.Base.BaseTest$1@4e232eda
(tried for 15 seconds with 500 milliseconds interval)
Build info: version: &amp;apos;4.43.0&amp;apos;, revision: &amp;apos;dd0f534&amp;apos;
System info: os.name: &amp;apos;Windows 11&amp;apos;, os.arch: &amp;apos;amd64&amp;apos;, os.version: &amp;apos;10.0&amp;apos;, java.version: &amp;apos;21.0.9&amp;apos;
Driver info: org.openqa.selenium.remote.RemoteWebDriver
Capabilities {acceptInsecureCerts: false, browserName: chrome, browserVersion: 147.0.7727.103, chrome: {chromedriverVersion: 147.0.7727.117 (474cc805edd..., userDataDir: C:\Users\chnag\AppData\Loca...}, fedcm:accounts: true, goog:chromeOptions: {debuggerAddress: localhost:61656}, goog:processID: 13064, networkConnectionEnabled: false, pageLoadStrategy: normal, platformName: Windows 11, proxy: Proxy(), se:bidiEnabled: false, se:cdp: ws://localhost:4444/session..., se:cdpVersion: 147.0.7727.103, setWindowRect: true, strictFileInteractability: false, timeouts: {implicit: 0, pageLoad: 300000, script: 30000}, unhandledPromptBehavior: dismiss and notify, webauthn:extension:credBlob: true, webauthn:extension:largeBlob: true, webauthn:extension:minPinLength: true, webauthn:extension:prf: true, webauthn:virtualAuthenticators: true}
Session ID: 15aaede4e4906e89f55f88e9e08a9f34">
      <![CDATA[org.openqa.selenium.TimeoutException: Expected condition failed: waiting for com.test.Base.BaseTest$1@4e232eda
(tried for 15 seconds with 500 milliseconds interval)
Build info: version: '4.43.0', revision: 'dd0f534'
System info: os.name: 'Windows 11', os.arch: 'amd64', os.version: '10.0', java.version: '21.0.9'
Driver info: org.openqa.selenium.remote.RemoteWebDriver
Capabilities {acceptInsecureCerts: false, browserName: chrome, browserVersion: 147.0.7727.103, chrome: {chromedriverVersion: 147.0.7727.117 (474cc805edd..., userDataDir: C:\Users\chnag\AppData\Loca...}, fedcm:accounts: true, goog:chromeOptions: {debuggerAddress: localhost:61656}, goog:processID: 13064, networkConnectionEnabled: false, pageLoadStrategy: normal, platformName: Windows 11, proxy: Proxy(), se:bidiEnabled: false, se:cdp: ws://localhost:4444/session..., se:cdpVersion: 147.0.7727.103, setWindowRect: true, strictFileInteractability: false, timeouts: {implicit: 0, pageLoad: 300000, script: 30000}, unhandledPromptBehavior: dismiss and notify, webauthn:extension:credBlob: true, webauthn:extension:largeBlob: true, webauthn:extension:minPinLength: true, webauthn:extension:prf: true, webauthn:virtualAuthenticators: true}
Session ID: 15aaede4e4906e89f55f88e9e08a9f34
at org.openqa.selenium.support.ui.WebDriverWait.timeoutException(WebDriverWait.java:85)
at org.openqa.selenium.support.ui.FluentWait.until(FluentWait.java:234)
at com.test.Base.BaseTest.waitForPageLoadComplete(BaseTest.java:43)
at com.test.Base.BaseTest.setUp(BaseTest.java:37)
at java.base/java.util.ArrayList.forEach(ArrayList.java:1596)
at java.base/java.util.concurrent.FutureTask.run(FutureTask.java:317)
at java.base/java.util.concurrent.ThreadPoolExecutor.runWorker(ThreadPoolExecutor.java:1144)
at java.base/java.util.concurrent.ThreadPoolExecutor$Worker.run(ThreadPoolExecutor.java:642)
at java.base/java.lang.Thread.run(Thread.java:1583)
... Removed 19 stack frames]]>
    </failure>
  </testcase> <!-- @BeforeMethod setUp -->
  <testcase classname="com.test.Base.BaseTest" name="@BeforeMethod setUp" time="45.991">
    <failure type="org.openqa.selenium.TimeoutException" message="Expected condition failed: waiting for com.test.Base.BaseTest$1@1c01af43
(tried for 15 seconds with 500 milliseconds interval)
Build info: version: &amp;apos;4.43.0&amp;apos;, revision: &amp;apos;dd0f534&amp;apos;
System info: os.name: &amp;apos;Windows 11&amp;apos;, os.arch: &amp;apos;amd64&amp;apos;, os.version: &amp;apos;10.0&amp;apos;, java.version: &amp;apos;21.0.9&amp;apos;
Driver info: org.openqa.selenium.remote.RemoteWebDriver
Capabilities {acceptInsecureCerts: false, browserName: chrome, browserVersion: 147.0.7727.103, chrome: {chromedriverVersion: 147.0.7727.117 (474cc805edd..., userDataDir: C:\Users\chnag\AppData\Loca...}, fedcm:accounts: true, goog:chromeOptions: {debuggerAddress: localhost:62739}, goog:processID: 14100, networkConnectionEnabled: false, pageLoadStrategy: normal, platformName: Windows 11, proxy: Proxy(), se:bidiEnabled: false, se:cdp: ws://localhost:4444/session..., se:cdpVersion: 147.0.7727.103, setWindowRect: true, strictFileInteractability: false, timeouts: {implicit: 0, pageLoad: 300000, script: 30000}, unhandledPromptBehavior: dismiss and notify, webauthn:extension:credBlob: true, webauthn:extension:largeBlob: true, webauthn:extension:minPinLength: true, webauthn:extension:prf: true, webauthn:virtualAuthenticators: true}
Session ID: 636f8907ccdba3d37da1548a18e3d842">
      <![CDATA[org.openqa.selenium.TimeoutException: Expected condition failed: waiting for com.test.Base.BaseTest$1@1c01af43
(tried for 15 seconds with 500 milliseconds interval)
Build info: version: '4.43.0', revision: 'dd0f534'
System info: os.name: 'Windows 11', os.arch: 'amd64', os.version: '10.0', java.version: '21.0.9'
Driver info: org.openqa.selenium.remote.RemoteWebDriver
Capabilities {acceptInsecureCerts: false, browserName: chrome, browserVersion: 147.0.7727.103, chrome: {chromedriverVersion: 147.0.7727.117 (474cc805edd..., userDataDir: C:\Users\chnag\AppData\Loca...}, fedcm:accounts: true, goog:chromeOptions: {debuggerAddress: localhost:62739}, goog:processID: 14100, networkConnectionEnabled: false, pageLoadStrategy: normal, platformName: Windows 11, proxy: Proxy(), se:bidiEnabled: false, se:cdp: ws://localhost:4444/session..., se:cdpVersion: 147.0.7727.103, setWindowRect: true, strictFileInteractability: false, timeouts: {implicit: 0, pageLoad: 300000, script: 30000}, unhandledPromptBehavior: dismiss and notify, webauthn:extension:credBlob: true, webauthn:extension:largeBlob: true, webauthn:extension:minPinLength: true, webauthn:extension:prf: true, webauthn:virtualAuthenticators: true}
Session ID: 636f8907ccdba3d37da1548a18e3d842
at org.openqa.selenium.support.ui.WebDriverWait.timeoutException(WebDriverWait.java:85)
at org.openqa.selenium.support.ui.FluentWait.until(FluentWait.java:234)
at com.test.Base.BaseTest.waitForPageLoadComplete(BaseTest.java:43)
at com.test.Base.BaseTest.setUp(BaseTest.java:37)
at java.base/java.util.ArrayList.forEach(ArrayList.java:1596)
at java.base/java.util.concurrent.FutureTask.run(FutureTask.java:317)
at java.base/java.util.concurrent.ThreadPoolExecutor.runWorker(ThreadPoolExecutor.java:1144)
at java.base/java.util.concurrent.ThreadPoolExecutor$Worker.run(ThreadPoolExecutor.java:642)
at java.base/java.lang.Thread.run(Thread.java:1583)
... Removed 19 stack frames]]>
    </failure>
  </testcase> <!-- @BeforeMethod setUp -->
  <testcase classname="com.test.Base.BaseTest" name="@BeforeMethod setUp" time="26.209">
    <failure type="org.openqa.selenium.TimeoutException" message="Expected condition failed: waiting for com.test.Base.BaseTest$1@59217135
(tried for 15 seconds with 500 milliseconds interval)
Build info: version: &amp;apos;4.43.0&amp;apos;, revision: &amp;apos;dd0f534&amp;apos;
System info: os.name: &amp;apos;Windows 11&amp;apos;, os.arch: &amp;apos;amd64&amp;apos;, os.version: &amp;apos;10.0&amp;apos;, java.version: &amp;apos;21.0.9&amp;apos;
Driver info: org.openqa.selenium.remote.RemoteWebDriver
Capabilities {acceptInsecureCerts: false, browserName: chrome, browserVersion: 147.0.7727.103, chrome: {chromedriverVersion: 147.0.7727.117 (474cc805edd..., userDataDir: C:\Users\chnag\AppData\Loca...}, fedcm:accounts: true, goog:chromeOptions: {debuggerAddress: localhost:61242}, goog:processID: 11572, networkConnectionEnabled: false, pageLoadStrategy: normal, platformName: Windows 11, proxy: Proxy(), se:bidiEnabled: false, se:cdp: ws://localhost:4444/session..., se:cdpVersion: 147.0.7727.103, setWindowRect: true, strictFileInteractability: false, timeouts: {implicit: 0, pageLoad: 300000, script: 30000}, unhandledPromptBehavior: dismiss and notify, webauthn:extension:credBlob: true, webauthn:extension:largeBlob: true, webauthn:extension:minPinLength: true, webauthn:extension:prf: true, webauthn:virtualAuthenticators: true}
Session ID: 3d4045e97f397beb96785ea91077632d">
      <![CDATA[org.openqa.selenium.TimeoutException: Expected condition failed: waiting for com.test.Base.BaseTest$1@59217135
(tried for 15 seconds with 500 milliseconds interval)
Build info: version: '4.43.0', revision: 'dd0f534'
System info: os.name: 'Windows 11', os.arch: 'amd64', os.version: '10.0', java.version: '21.0.9'
Driver info: org.openqa.selenium.remote.RemoteWebDriver
Capabilities {acceptInsecureCerts: false, browserName: chrome, browserVersion: 147.0.7727.103, chrome: {chromedriverVersion: 147.0.7727.117 (474cc805edd..., userDataDir: C:\Users\chnag\AppData\Loca...}, fedcm:accounts: true, goog:chromeOptions: {debuggerAddress: localhost:61242}, goog:processID: 11572, networkConnectionEnabled: false, pageLoadStrategy: normal, platformName: Windows 11, proxy: Proxy(), se:bidiEnabled: false, se:cdp: ws://localhost:4444/session..., se:cdpVersion: 147.0.7727.103, setWindowRect: true, strictFileInteractability: false, timeouts: {implicit: 0, pageLoad: 300000, script: 30000}, unhandledPromptBehavior: dismiss and notify, webauthn:extension:credBlob: true, webauthn:extension:largeBlob: true, webauthn:extension:minPinLength: true, webauthn:extension:prf: true, webauthn:virtualAuthenticators: true}
Session ID: 3d4045e97f397beb96785ea91077632d
at org.openqa.selenium.support.ui.WebDriverWait.timeoutException(WebDriverWait.java:85)
at org.openqa.selenium.support.ui.FluentWait.until(FluentWait.java:234)
at com.test.Base.BaseTest.waitForPageLoadComplete(BaseTest.java:43)
at com.test.Base.BaseTest.setUp(BaseTest.java:37)
at java.base/java.util.ArrayList.forEach(ArrayList.java:1596)
at java.base/java.util.concurrent.FutureTask.run(FutureTask.java:317)
at java.base/java.util.concurrent.ThreadPoolExecutor.runWorker(ThreadPoolExecutor.java:1144)
at java.base/java.util.concurrent.ThreadPoolExecutor$Worker.run(ThreadPoolExecutor.java:642)
at java.base/java.lang.Thread.run(Thread.java:1583)
... Removed 19 stack frames]]>
    </failure>
  </testcase> <!-- @BeforeMethod setUp -->
  <testcase classname="com.test.Base.BaseTest" name="@BeforeMethod setUp" time="34.29">
    <failure type="org.openqa.selenium.TimeoutException" message="Expected condition failed: waiting for com.test.Base.BaseTest$1@7d97f656
(tried for 15 seconds with 500 milliseconds interval)
Build info: version: &amp;apos;4.43.0&amp;apos;, revision: &amp;apos;dd0f534&amp;apos;
System info: os.name: &amp;apos;Windows 11&amp;apos;, os.arch: &amp;apos;amd64&amp;apos;, os.version: &amp;apos;10.0&amp;apos;, java.version: &amp;apos;21.0.9&amp;apos;
Driver info: org.openqa.selenium.remote.RemoteWebDriver
Capabilities {acceptInsecureCerts: false, browserName: chrome, browserVersion: 147.0.7727.103, chrome: {chromedriverVersion: 147.0.7727.117 (474cc805edd..., userDataDir: C:\Users\chnag\AppData\Loca...}, fedcm:accounts: true, goog:chromeOptions: {debuggerAddress: localhost:57500}, goog:processID: 15504, networkConnectionEnabled: false, pageLoadStrategy: normal, platformName: Windows 11, proxy: Proxy(), se:bidiEnabled: false, se:cdp: ws://localhost:4444/session..., se:cdpVersion: 147.0.7727.103, setWindowRect: true, strictFileInteractability: false, timeouts: {implicit: 0, pageLoad: 300000, script: 30000}, unhandledPromptBehavior: dismiss and notify, webauthn:extension:credBlob: true, webauthn:extension:largeBlob: true, webauthn:extension:minPinLength: true, webauthn:extension:prf: true, webauthn:virtualAuthenticators: true}
Session ID: e04be4323ed16008c6e2f514e0d5aea8">
      <![CDATA[org.openqa.selenium.TimeoutException: Expected condition failed: waiting for com.test.Base.BaseTest$1@7d97f656
(tried for 15 seconds with 500 milliseconds interval)
Build info: version: '4.43.0', revision: 'dd0f534'
System info: os.name: 'Windows 11', os.arch: 'amd64', os.version: '10.0', java.version: '21.0.9'
Driver info: org.openqa.selenium.remote.RemoteWebDriver
Capabilities {acceptInsecureCerts: false, browserName: chrome, browserVersion: 147.0.7727.103, chrome: {chromedriverVersion: 147.0.7727.117 (474cc805edd..., userDataDir: C:\Users\chnag\AppData\Loca...}, fedcm:accounts: true, goog:chromeOptions: {debuggerAddress: localhost:57500}, goog:processID: 15504, networkConnectionEnabled: false, pageLoadStrategy: normal, platformName: Windows 11, proxy: Proxy(), se:bidiEnabled: false, se:cdp: ws://localhost:4444/session..., se:cdpVersion: 147.0.7727.103, setWindowRect: true, strictFileInteractability: false, timeouts: {implicit: 0, pageLoad: 300000, script: 30000}, unhandledPromptBehavior: dismiss and notify, webauthn:extension:credBlob: true, webauthn:extension:largeBlob: true, webauthn:extension:minPinLength: true, webauthn:extension:prf: true, webauthn:virtualAuthenticators: true}
Session ID: e04be4323ed16008c6e2f514e0d5aea8
at org.openqa.selenium.support.ui.WebDriverWait.timeoutException(WebDriverWait.java:85)
at org.openqa.selenium.support.ui.FluentWait.until(FluentWait.java:234)
at com.test.Base.BaseTest.waitForPageLoadComplete(BaseTest.java:43)
at com.test.Base.BaseTest.setUp(BaseTest.java:37)
at java.base/java.util.ArrayList.forEach(ArrayList.java:1596)
at java.base/java.util.concurrent.FutureTask.run(FutureTask.java:317)
at java.base/java.util.concurrent.ThreadPoolExecutor.runWorker(ThreadPoolExecutor.java:1144)
at java.base/java.util.concurrent.ThreadPoolExecutor$Worker.run(ThreadPoolExecutor.java:642)
at java.base/java.lang.Thread.run(Thread.java:1583)
... Removed 19 stack frames]]>
    </failure>
  </testcase> <!-- @BeforeMethod setUp -->
  <testcase classname="com.test.Base.BaseTest" name="@BeforeMethod setUp" time="6.589">
    <failure type="org.openqa.selenium.WebDriverException" message="unknown error: JavaScript code failed
from unknown command: &amp;apos;Runtime.evaluate&amp;apos; wasn&amp;apos;t found
  (Session info: chrome=147.0.7727.103)
Build info: version: &amp;apos;4.43.0&amp;apos;, revision: &amp;apos;dd0f534&amp;apos;
System info: os.name: &amp;apos;Windows 11&amp;apos;, os.arch: &amp;apos;amd64&amp;apos;, os.version: &amp;apos;10.0&amp;apos;, java.version: &amp;apos;21.0.9&amp;apos;
Driver info: org.openqa.selenium.remote.RemoteWebDriver
Command: [b6f579f8980d04c3eea3ddfb20346f0d, maximizeCurrentWindow {}]
Capabilities {acceptInsecureCerts: false, browserName: chrome, browserVersion: 147.0.7727.103, chrome: {chromedriverVersion: 147.0.7727.117 (474cc805edd..., userDataDir: C:\Users\chnag\AppData\Loca...}, fedcm:accounts: true, goog:chromeOptions: {debuggerAddress: localhost:50667}, goog:processID: 19660, networkConnectionEnabled: false, pageLoadStrategy: normal, platformName: Windows 11, proxy: Proxy(), se:bidiEnabled: false, se:cdp: ws://localhost:4444/session..., se:cdpVersion: 147.0.7727.103, setWindowRect: true, strictFileInteractability: false, timeouts: {implicit: 0, pageLoad: 300000, script: 30000}, unhandledPromptBehavior: dismiss and notify, webauthn:extension:credBlob: true, webauthn:extension:largeBlob: true, webauthn:extension:minPinLength: true, webauthn:extension:prf: true, webauthn:virtualAuthenticators: true}
Session ID: b6f579f8980d04c3eea3ddfb20346f0d">
      <![CDATA[org.openqa.selenium.WebDriverException: unknown error: JavaScript code failed
from unknown command: 'Runtime.evaluate' wasn't found
  (Session info: chrome=147.0.7727.103)
Build info: version: '4.43.0', revision: 'dd0f534'
System info: os.name: 'Windows 11', os.arch: 'amd64', os.version: '10.0', java.version: '21.0.9'
Driver info: org.openqa.selenium.remote.RemoteWebDriver
Command: [b6f579f8980d04c3eea3ddfb20346f0d, maximizeCurrentWindow {}]
Capabilities {acceptInsecureCerts: false, browserName: chrome, browserVersion: 147.0.7727.103, chrome: {chromedriverVersion: 147.0.7727.117 (474cc805edd..., userDataDir: C:\Users\chnag\AppData\Loca...}, fedcm:accounts: true, goog:chromeOptions: {debuggerAddress: localhost:50667}, goog:processID: 19660, networkConnectionEnabled: false, pageLoadStrategy: normal, platformName: Windows 11, proxy: Proxy(), se:bidiEnabled: false, se:cdp: ws://localhost:4444/session..., se:cdpVersion: 147.0.7727.103, setWindowRect: true, strictFileInteractability: false, timeouts: {implicit: 0, pageLoad: 300000, script: 30000}, unhandledPromptBehavior: dismiss and notify, webauthn:extension:credBlob: true, webauthn:extension:largeBlob: true, webauthn:extension:minPinLength: true, webauthn:extension:prf: true, webauthn:virtualAuthenticators: true}
Session ID: b6f579f8980d04c3eea3ddfb20346f0d
at org.openqa.selenium.remote.ErrorCodec.decode(ErrorCodec.java:169)
at org.openqa.selenium.remote.codec.w3c.W3CHttpResponseCodec.decode(W3CHttpResponseCodec.java:142)
at org.openqa.selenium.remote.codec.w3c.W3CHttpResponseCodec.decode(W3CHttpResponseCodec.java:49)
at org.openqa.selenium.remote.HttpCommandExecutor.execute(HttpCommandExecutor.java:223)
at org.openqa.selenium.remote.TracedCommandExecutor.execute(TracedCommandExecutor.java:53)
at org.openqa.selenium.remote.RemoteWebDriver.execute(RemoteWebDriver.java:606)
at org.openqa.selenium.remote.RemoteWebDriver.execute(RemoteWebDriver.java:688)
at org.openqa.selenium.remote.RemoteWebDriver.execute(RemoteWebDriver.java:692)
at org.openqa.selenium.remote.RemoteWebDriver$RemoteWebDriverOptions$RemoteWindow.maximize(RemoteWebDriver.java:1202)
at com.test.Base.BaseTest.setUp(BaseTest.java:35)
at java.base/java.util.ArrayList.forEach(ArrayList.java:1596)
at java.base/java.util.concurrent.FutureTask.run(FutureTask.java:317)
at java.base/java.util.concurrent.ThreadPoolExecutor.runWorker(ThreadPoolExecutor.java:1144)
at java.base/java.util.concurrent.ThreadPoolExecutor$Worker.run(ThreadPoolExecutor.java:642)
at java.base/java.lang.Thread.run(Thread.java:1583)
... Removed 19 stack frames]]>
    </failure>
  </testcase> <!-- @BeforeMethod setUp -->
  <testcase classname="com.test.TestCases.TestCases_1" name="testCase_001" time="42.293"/>
  <testcase classname="com.test.TestCases.TestCases_1" name="testCase_002" time="13.327"/>
  <testcase classname="com.test.TestCases.TestCases_1" name="testCase_003" time="15.272"/>
  <testcase classname="com.test.TestCases.TestCases_1" name="testCase_004" time="42.998"/>
  <testcase classname="com.test.TestCases.TestCases_1" name="testCase_005" time="23.304"/>
  <testcase classname="com.test.TestCases.TestCases_1" name="testCase_006" time="11.156"/>
  <testcase classname="com.test.TestCases.TestCases_1" name="testCase_007" time="31.001"/>
  <testcase classname="com.test.TestCases.TestCases_1" name="testCase_008" time="44.778"/>
  <testcase classname="com.test.TestCases.TestCases_1" name="testCase_009" time="15.266"/>
  <testcase classname="com.test.TestCases.TestCases_1" name="testCase_010" time="60.119"/>
  <testcase classname="com.test.TestCases.TestCases_1" name="testCase_011" time="16.769"/>
  <testcase classname="com.test.TestCases.TestCases_1" name="testCase_012" time="52.123"/>
  <testcase classname="com.test.TestCases.TestCases_1" name="testCase_013" time="16.935"/>
  <testcase classname="com.test.TestCases.TestCases_1" name="testCase_014" time="68.461"/>
  <testcase classname="com.test.TestCases.TestCases_1" name="testCase_015" time="21.358"/>
  <testcase classname="com.test.TestCases.TestCases_1" name="testCase_016" time="10.96"/>
  <testcase classname="com.test.TestCases.TestCases_1" name="testCase_017" time="17.294"/>
  <testcase classname="com.test.TestCases.TestCases_1" name="testCase_018" time="16.026"/>
  <testcase classname="com.test.TestCases.TestCases_1" name="testCase_019" time="13.998"/>
  <testcase classname="com.test.TestCases.TestCases_1" name="testCase_020" time="110.033"/>
  <testcase classname="com.test.TestCases.TestCases_1" name="testCase_021" time="0.0">
    <skipped/>
  </testcase> <!-- testCase_021 -->
  <testcase classname="com.test.TestCases.TestCases_1" name="testCase_022" time="0.0">
    <skipped/>
  </testcase> <!-- testCase_022 -->
  <testcase classname="com.test.TestCases.TestCases_1" name="testCase_023" time="0.0">
    <skipped/>
  </testcase> <!-- testCase_023 -->
  <testcase classname="com.test.TestCases.TestCases_1" name="testCase_024" time="0.0">
    <skipped/>
  </testcase> <!-- testCase_024 -->
  <testcase classname="com.test.TestCases.TestCases_1" name="testCase_025" time="0.0">
    <skipped/>
  </testcase> <!-- testCase_025 -->
  <testcase classname="com.test.TestCases.TestCases_2" name="testCase_001" time="17.926"/>
  <testcase classname="com.test.TestCases.TestCases_2" name="testCase_002" time="19.001"/>
  <testcase classname="com.test.TestCases.TestCases_2" name="testCase_003" time="151.222"/>
  <testcase classname="com.test.TestCases.TestCases_2" name="testCase_004" time="0.0">
    <skipped/>
  </testcase> <!-- testCase_004 -->
  <testcase classname="com.test.TestCases.TestCases_2" name="testCase_005" time="0.001">
    <skipped/>
  </testcase> <!-- testCase_005 -->
  <testcase classname="com.test.TestCases.TestCases_2" name="testCase_006" time="0.0">
    <skipped/>
  </testcase> <!-- testCase_006 -->
  <testcase classname="com.test.TestCases.TestCases_2" name="testCase_007" time="0.001">
    <skipped/>
  </testcase> <!-- testCase_007 -->
  <testcase classname="com.test.TestCases.TestCases_2" name="testCase_008" time="0.0">
    <skipped/>
  </testcase> <!-- testCase_008 -->
  <testcase classname="com.test.TestCases.TestCases_2" name="testCase_009" time="0.0">
    <skipped/>
  </testcase> <!-- testCase_009 -->
  <testcase classname="com.test.TestCases.TestCases_2" name="testCase_010" time="0.001">
    <skipped/>
  </testcase> <!-- testCase_010 -->
  <testcase classname="com.test.TestCases.TestCases_2" name="testCase_011" time="0.002">
    <skipped/>
  </testcase> <!-- testCase_011 -->
  <testcase classname="com.test.TestCases.TestCases_2" name="testCase_012" time="0.0">
    <skipped/>
  </testcase> <!-- testCase_012 -->
  <testcase classname="com.test.TestCases.TestCases_2" name="testCase_013" time="0.0">
    <skipped/>
  </testcase> <!-- testCase_013 -->
  <testcase classname="com.test.TestCases.TestCases_2" name="testCase_014" time="0.0">
    <skipped/>
  </testcase> <!-- testCase_014 -->
  <testcase classname="com.test.TestCases.TestCases_2" name="testCase_015" time="0.0">
    <skipped/>
  </testcase> <!-- testCase_015 -->
  <testcase classname="com.test.TestCases.TestCases_2" name="testCase_016" time="0.002">
    <skipped/>
  </testcase> <!-- testCase_016 -->
  <testcase classname="com.test.TestCases.TestCases_2" name="testCase_017" time="0.0">
    <skipped/>
  </testcase> <!-- testCase_017 -->
  <testcase classname="com.test.TestCases.TestCases_2" name="testCase_018" time="0.0">
    <skipped/>
  </testcase> <!-- testCase_018 -->
  <testcase classname="com.test.TestCases.TestCases_2" name="testCase_019" time="0.0">
    <skipped/>
  </testcase> <!-- testCase_019 -->
  <testcase classname="com.test.TestCases.TestCases_2" name="testCase_020" time="0.0">
    <skipped/>
  </testcase> <!-- testCase_020 -->
  <testcase classname="com.test.TestCases.TestCases_2" name="testCase_021" time="0.0">
    <skipped/>
  </testcase> <!-- testCase_021 -->
  <testcase classname="com.test.TestCases.TestCases_2" name="testCase_022" time="0.0">
    <skipped/>
  </testcase> <!-- testCase_022 -->
  <testcase classname="com.test.TestCases.TestCases_2" name="testCase_023" time="0.0">
    <skipped/>
  </testcase> <!-- testCase_023 -->
  <testcase classname="com.test.TestCases.TestCases_2" name="testCase_024" time="0.0">
    <skipped/>
  </testcase> <!-- testCase_024 -->
  <testcase classname="com.test.TestCases.TestCases_2" name="testCase_025" time="0.0">
    <skipped/>
  </testcase> <!-- testCase_025 -->
  <testcase classname="com.test.TestCases.TestCases_3" name="testCase_001" time="42.655"/>
  <testcase classname="com.test.TestCases.TestCases_3" name="testCase_002" time="40.829"/>
  <testcase classname="com.test.TestCases.TestCases_3" name="testCase_003" time="17.49"/>
  <testcase classname="com.test.TestCases.TestCases_3" name="testCase_004" time="24.21"/>
  <testcase classname="com.test.TestCases.TestCases_3" name="testCase_005" time="19.728"/>
  <testcase classname="com.test.TestCases.TestCases_3" name="testCase_006" time="52.783"/>
  <testcase classname="com.test.TestCases.TestCases_3" name="testCase_007" time="22.115"/>
  <testcase classname="com.test.TestCases.TestCases_3" name="testCase_008" time="41.492"/>
  <testcase classname="com.test.TestCases.TestCases_3" name="testCase_009" time="11.895"/>
  <testcase classname="com.test.TestCases.TestCases_3" name="testCase_010" time="42.498"/>
  <testcase classname="com.test.TestCases.TestCases_3" name="testCase_011" time="15.901"/>
  <testcase classname="com.test.TestCases.TestCases_3" name="testCase_012" time="16.223"/>
  <testcase classname="com.test.TestCases.TestCases_3" name="testCase_013" time="68.639"/>
  <testcase classname="com.test.TestCases.TestCases_3" name="testCase_014" time="13.414"/>
  <testcase classname="com.test.TestCases.TestCases_3" name="testCase_015" time="22.181"/>
  <testcase classname="com.test.TestCases.TestCases_3" name="testCase_016" time="14.901"/>
  <testcase classname="com.test.TestCases.TestCases_3" name="testCase_017" time="72.941"/>
  <testcase classname="com.test.TestCases.TestCases_3" name="testCase_018" time="19.2"/>
  <testcase classname="com.test.TestCases.TestCases_3" name="testCase_019" time="22.574"/>
  <testcase classname="com.test.TestCases.TestCases_3" name="testCase_020" time="27.799"/>
  <testcase classname="com.test.TestCases.TestCases_3" name="testCase_021" time="43.759"/>
  <testcase classname="com.test.TestCases.TestCases_3" name="testCase_022" time="46.095"/>
  <testcase classname="com.test.TestCases.TestCases_3" name="testCase_023" time="0.0">
    <skipped/>
  </testcase> <!-- testCase_023 -->
  <testcase classname="com.test.TestCases.TestCases_3" name="testCase_024" time="0.0">
    <skipped/>
  </testcase> <!-- testCase_024 -->
  <testcase classname="com.test.TestCases.TestCases_3" name="testCase_025" time="0.0">
    <skipped/>
  </testcase> <!-- testCase_025 -->
  <testcase classname="com.test.TestCases.TestCases_4" name="testCase_001" time="53.586"/>
  <testcase classname="com.test.TestCases.TestCases_4" name="testCase_002" time="36.015"/>
  <testcase classname="com.test.TestCases.TestCases_4" name="testCase_003" time="18.58"/>
  <testcase classname="com.test.TestCases.TestCases_4" name="testCase_004" time="24.832">
    <failure type="org.openqa.selenium.ElementClickInterceptedException" message="element click intercepted: Element &amp;lt;button type=&amp;quot;submit&amp;quot; data-qa=&amp;quot;signup-button&amp;quot; class=&amp;quot;btn btn-default&amp;quot;&amp;gt;...&amp;lt;/button&amp;gt; is not clickable at point (822, 420). Other element would receive the click: &amp;lt;iframe id=&amp;quot;aswift_2&amp;quot; name=&amp;quot;aswift_2&amp;quot; style=&amp;quot;min-height: auto !important; max-height: none !important; min-width: auto !important; max-width: none !important; width: 100vw !important; height: 100vh !important; inset: 0px auto auto 0px !important; position: absolute !important; clear: none !important; display: inline !important; float: none !important; margin: 0px !important; opacity: 1 !important; overflow: visible !important; padding: 0px !important; vertical-align: baseline !important; visibility: visible !important; z-index: auto !important;&amp;quot; sandbox=&amp;quot;allow-forms allow-popups allow-popups-to-escape-sandbox allow-same-origin allow-scripts allow-top-navigation-by-user-activation&amp;quot; width=&amp;quot;&amp;quot; height=&amp;quot;&amp;quot; frameborder=&amp;quot;0&amp;quot; marginwidth=&amp;quot;0&amp;quot; marginheight=&amp;quot;0&amp;quot; vspace=&amp;quot;0&amp;quot; hspace=&amp;quot;0&amp;quot; allowtransparency=&amp;quot;true&amp;quot; scrolling=&amp;quot;no&amp;quot; allow=&amp;quot;attribution-reporting; run-ad-auction&amp;quot; src=&amp;quot;https://googleads.g.doubleclick.net/pagead/html/r20260423/r20190131/zrt_lookup_fy2021.html#RS-0-&amp;amp;amp;adk=1812271808&amp;amp;amp;client=ca-pub-1677597403311019&amp;amp;amp;fa=8&amp;amp;amp;ifi=3&amp;amp;amp;uci=a!3&amp;quot; data-google-container-id=&amp;quot;a!3&amp;quot; tabindex=&amp;quot;0&amp;quot; title=&amp;quot;Advertisement&amp;quot; aria-label=&amp;quot;Advertisement&amp;quot; data-google-query-id=&amp;quot;CI3J7LqmiZQDFbgxewcdzNMwdg&amp;quot; data-load-complete=&amp;quot;true&amp;quot;&amp;gt;&amp;lt;/iframe&amp;gt;
  (Session info: chrome=147.0.7727.103)
Build info: version: &amp;apos;4.43.0&amp;apos;, revision: &amp;apos;dd0f534&amp;apos;
System info: os.name: &amp;apos;Windows 11&amp;apos;, os.arch: &amp;apos;amd64&amp;apos;, os.version: &amp;apos;10.0&amp;apos;, java.version: &amp;apos;21.0.9&amp;apos;
Driver info: org.openqa.selenium.remote.RemoteWebDriver
Command: [5e3ac27bcc228da0faa1570f342033b4, clickElement {id=f.D85BC4C9E4A0BA9BFB9D5C6457F7F8C4.d.C45B63320F75D42767B963301EB614AE.e.82}]
Capabilities {acceptInsecureCerts: false, browserName: chrome, browserVersion: 147.0.7727.103, chrome: {chromedriverVersion: 147.0.7727.117 (474cc805edd..., userDataDir: C:\Users\chnag\AppData\Loca...}, fedcm:accounts: true, goog:chromeOptions: {debuggerAddress: localhost:58384}, goog:processID: 4460, networkConnectionEnabled: false, pageLoadStrategy: normal, platformName: Windows 11, proxy: Proxy(), se:bidiEnabled: false, se:cdp: ws://localhost:4444/session..., se:cdpVersion: 147.0.7727.103, setWindowRect: true, strictFileInteractability: false, timeouts: {implicit: 0, pageLoad: 300000, script: 30000}, unhandledPromptBehavior: dismiss and notify, webauthn:extension:credBlob: true, webauthn:extension:largeBlob: true, webauthn:extension:minPinLength: true, webauthn:extension:prf: true, webauthn:virtualAuthenticators: true}
Element: [[RemoteWebDriver: chrome on Windows 11 (5e3ac27bcc228da0faa1570f342033b4)] -&amp;gt; xpath: //button[normalize-space()=&amp;apos;Signup&amp;apos;]]
Session ID: 5e3ac27bcc228da0faa1570f342033b4">
      <![CDATA[org.openqa.selenium.ElementClickInterceptedException: element click intercepted: Element <button type="submit" data-qa="signup-button" class="btn btn-default">...</button> is not clickable at point (822, 420). Other element would receive the click: <iframe id="aswift_2" name="aswift_2" style="min-height: auto !important; max-height: none !important; min-width: auto !important; max-width: none !important; width: 100vw !important; height: 100vh !important; inset: 0px auto auto 0px !important; position: absolute !important; clear: none !important; display: inline !important; float: none !important; margin: 0px !important; opacity: 1 !important; overflow: visible !important; padding: 0px !important; vertical-align: baseline !important; visibility: visible !important; z-index: auto !important;" sandbox="allow-forms allow-popups allow-popups-to-escape-sandbox allow-same-origin allow-scripts allow-top-navigation-by-user-activation" width="" height="" frameborder="0" marginwidth="0" marginheight="0" vspace="0" hspace="0" allowtransparency="true" scrolling="no" allow="attribution-reporting; run-ad-auction" src="https://googleads.g.doubleclick.net/pagead/html/r20260423/r20190131/zrt_lookup_fy2021.html#RS-0-&amp;adk=1812271808&amp;client=ca-pub-1677597403311019&amp;fa=8&amp;ifi=3&amp;uci=a!3" data-google-container-id="a!3" tabindex="0" title="Advertisement" aria-label="Advertisement" data-google-query-id="CI3J7LqmiZQDFbgxewcdzNMwdg" data-load-complete="true"></iframe>
  (Session info: chrome=147.0.7727.103)
Build info: version: '4.43.0', revision: 'dd0f534'
System info: os.name: 'Windows 11', os.arch: 'amd64', os.version: '10.0', java.version: '21.0.9'
Driver info: org.openqa.selenium.remote.RemoteWebDriver
Command: [5e3ac27bcc228da0faa1570f342033b4, clickElement {id=f.D85BC4C9E4A0BA9BFB9D5C6457F7F8C4.d.C45B63320F75D42767B963301EB614AE.e.82}]
Capabilities {acceptInsecureCerts: false, browserName: chrome, browserVersion: 147.0.7727.103, chrome: {chromedriverVersion: 147.0.7727.117 (474cc805edd..., userDataDir: C:\Users\chnag\AppData\Loca...}, fedcm:accounts: true, goog:chromeOptions: {debuggerAddress: localhost:58384}, goog:processID: 4460, networkConnectionEnabled: false, pageLoadStrategy: normal, platformName: Windows 11, proxy: Proxy(), se:bidiEnabled: false, se:cdp: ws://localhost:4444/session..., se:cdpVersion: 147.0.7727.103, setWindowRect: true, strictFileInteractability: false, timeouts: {implicit: 0, pageLoad: 300000, script: 30000}, unhandledPromptBehavior: dismiss and notify, webauthn:extension:credBlob: true, webauthn:extension:largeBlob: true, webauthn:extension:minPinLength: true, webauthn:extension:prf: true, webauthn:virtualAuthenticators: true}
Element: [[RemoteWebDriver: chrome on Windows 11 (5e3ac27bcc228da0faa1570f342033b4)] -> xpath: //button[normalize-space()='Signup']]
Session ID: 5e3ac27bcc228da0faa1570f342033b4
at org.openqa.selenium.remote.ErrorCodec.decode(ErrorCodec.java:169)
at org.openqa.selenium.remote.codec.w3c.W3CHttpResponseCodec.decode(W3CHttpResponseCodec.java:142)
at org.openqa.selenium.remote.codec.w3c.W3CHttpResponseCodec.decode(W3CHttpResponseCodec.java:49)
at org.openqa.selenium.remote.HttpCommandExecutor.execute(HttpCommandExecutor.java:223)
at org.openqa.selenium.remote.TracedCommandExecutor.execute(TracedCommandExecutor.java:53)
at org.openqa.selenium.remote.RemoteWebDriver.execute(RemoteWebDriver.java:606)
at org.openqa.selenium.remote.RemoteWebElement.execute(RemoteWebElement.java:223)
at org.openqa.selenium.remote.RemoteWebElement.click(RemoteWebElement.java:76)
at com.test.Utilities.GenericMethods.clickOn(GenericMethods.java:37)
at com.test.Pages.SignUpOrLogin_Page.click_signUpSection_SignUp_Button(SignUpOrLogin_Page.java:88)
at com.test.Pages.SignUpOrLogin_Page.initiateSignUp(SignUpOrLogin_Page.java:95)
at com.test.TestCases.TestCases_4.testCase_004(TestCases_4.java:62)
at java.base/java.util.ArrayList.forEach(ArrayList.java:1596)
at java.base/java.util.concurrent.FutureTask.run(FutureTask.java:317)
at java.base/java.util.concurrent.ThreadPoolExecutor.runWorker(ThreadPoolExecutor.java:1144)
at java.base/java.util.concurrent.ThreadPoolExecutor$Worker.run(ThreadPoolExecutor.java:642)
at java.base/java.lang.Thread.run(Thread.java:1583)
... Removed 15 stack frames]]>
    </failure>
  </testcase> <!-- testCase_004 -->
  <testcase classname="com.test.TestCases.TestCases_4" name="testCase_005" time="23.616"/>
  <testcase classname="com.test.TestCases.TestCases_4" name="testCase_006" time="58.655"/>
  <testcase classname="com.test.TestCases.TestCases_4" name="testCase_007" time="16.734"/>
  <testcase classname="com.test.TestCases.TestCases_4" name="testCase_008" time="11.256"/>
  <testcase classname="com.test.TestCases.TestCases_4" name="testCase_009" time="0.0">
    <skipped/>
  </testcase> <!-- testCase_009 -->
  <testcase classname="com.test.TestCases.TestCases_4" name="testCase_010" time="0.0">
    <skipped/>
  </testcase> <!-- testCase_010 -->
  <testcase classname="com.test.TestCases.TestCases_4" name="testCase_011" time="0.0">
    <skipped/>
  </testcase> <!-- testCase_011 -->
  <testcase classname="com.test.TestCases.TestCases_4" name="testCase_012" time="0.0">
    <skipped/>
  </testcase> <!-- testCase_012 -->
  <testcase classname="com.test.TestCases.TestCases_4" name="testCase_013" time="0.0">
    <skipped/>
  </testcase> <!-- testCase_013 -->
  <testcase classname="com.test.TestCases.TestCases_4" name="testCase_014" time="0.0">
    <skipped/>
  </testcase> <!-- testCase_014 -->
  <testcase classname="com.test.TestCases.TestCases_4" name="testCase_015" time="0.0">
    <skipped/>
  </testcase> <!-- testCase_015 -->
  <testcase classname="com.test.TestCases.TestCases_4" name="testCase_016" time="0.0">
    <skipped/>
  </testcase> <!-- testCase_016 -->
  <testcase classname="com.test.TestCases.TestCases_4" name="testCase_017" time="0.0">
    <skipped/>
  </testcase> <!-- testCase_017 -->
  <testcase classname="com.test.TestCases.TestCases_4" name="testCase_018" time="0.0">
    <skipped/>
  </testcase> <!-- testCase_018 -->
  <testcase classname="com.test.TestCases.TestCases_4" name="testCase_019" time="0.0">
    <skipped/>
  </testcase> <!-- testCase_019 -->
  <testcase classname="com.test.TestCases.TestCases_4" name="testCase_020" time="0.0">
    <skipped/>
  </testcase> <!-- testCase_020 -->
  <testcase classname="com.test.TestCases.TestCases_4" name="testCase_021" time="0.0">
    <skipped/>
  </testcase> <!-- testCase_021 -->
  <testcase classname="com.test.TestCases.TestCases_4" name="testCase_022" time="0.0">
    <skipped/>
  </testcase> <!-- testCase_022 -->
  <testcase classname="com.test.TestCases.TestCases_4" name="testCase_023" time="0.0">
    <skipped/>
  </testcase> <!-- testCase_023 -->
  <testcase classname="com.test.TestCases.TestCases_4" name="testCase_024" time="0.0">
    <skipped/>
  </testcase> <!-- testCase_024 -->
  <testcase classname="com.test.TestCases.TestCases_4" name="testCase_025" time="0.0">
    <skipped/>
  </testcase> <!-- testCase_025 -->
  <testcase classname="com.test.Base.BaseTest" name="@AfterSuite afterSuiteCleanup" time="0.0">
    <ignored/>
  </testcase> <!-- @AfterSuite afterSuiteCleanup -->
  <testcase classname="com.test.Base.BaseTest" name="@BeforeSuite clearScreenshotsAndReports" time="0.0">
    <ignored/>
  </testcase> <!-- @BeforeSuite clearScreenshotsAndReports -->
  <testcase classname="com.test.Base.BaseTest" name="@BeforeSuite clearScreenshotsAndReports" time="0.0">
    <ignored/>
  </testcase> <!-- @BeforeSuite clearScreenshotsAndReports -->
  <testcase classname="com.test.Base.BaseTest" name="@BeforeSuite clearScreenshotsAndReports" time="0.0">
    <ignored/>
  </testcase> <!-- @BeforeSuite clearScreenshotsAndReports -->
  <testcase classname="com.test.Base.BaseTest" name="@AfterSuite afterSuiteCleanup" time="0.0">
    <ignored/>
  </testcase> <!-- @AfterSuite afterSuiteCleanup -->
  <testcase classname="com.test.Base.BaseTest" name="@AfterSuite afterSuiteCleanup" time="0.0">
    <ignored/>
  </testcase> <!-- @AfterSuite afterSuiteCleanup -->
</testsuite> <!-- Test1 -->
