<?xml version="1.0" encoding="UTF-8"?>
<!-- Generated by org.testng.reporters.JUnitXMLReporter -->
<testsuite ignored="6" hostname="BUDDI_DESKTOP" failures="0" tests="100" name="Test2" time="7639.345" errors="0" timestamp="2026-04-25T21:14:17 IST">
  <testcase classname="com.test.Base.BaseTest" name="@BeforeMethod setUp" time="35.983">
    <failure type="org.openqa.selenium.TimeoutException" message="Expected condition failed: waiting for com.test.Base.BaseTest$1@7a96499b
(tried for 15 seconds with 500 milliseconds interval)
Build info: version: &amp;apos;4.43.0&amp;apos;, revision: &amp;apos;dd0f534&amp;apos;
System info: os.name: &amp;apos;Windows 11&amp;apos;, os.arch: &amp;apos;amd64&amp;apos;, os.version: &amp;apos;10.0&amp;apos;, java.version: &amp;apos;21.0.9&amp;apos;
Driver info: org.openqa.selenium.remote.RemoteWebDriver
Capabilities {acceptInsecureCerts: false, browserName: MicrosoftEdge, browserVersion: 147.0.3912.72, fedcm:accounts: true, goog:processID: 22276, ms:edgeOptions: {debuggerAddress: localhost:55342}, msedge: {msedgedriverVersion: 147.0.3912.86 (3a0d90fcf938..., userDataDir: C:\Users\chnag\AppData\Loca...}, networkConnectionEnabled: false, pageLoadStrategy: normal, platformName: Windows 11, proxy: Proxy(), se:bidiEnabled: false, se:cdp: ws://localhost:4444/session..., se:cdpVersion: 147.0.3912.72, setWindowRect: true, strictFileInteractability: false, timeouts: {implicit: 0, pageLoad: 300000, script: 30000}, unhandledPromptBehavior: dismiss and notify, webauthn:extension:credBlob: true, webauthn:extension:largeBlob: true, webauthn:extension:minPinLength: true, webauthn:extension:prf: true, webauthn:virtualAuthenticators: true}
Session ID: ccf9b0f958fda6f103c54ac9191bf45f">
      <![CDATA[org.openqa.selenium.TimeoutException: Expected condition failed: waiting for com.test.Base.BaseTest$1@7a96499b
(tried for 15 seconds with 500 milliseconds interval)
Build info: version: '4.43.0', revision: 'dd0f534'
System info: os.name: 'Windows 11', os.arch: 'amd64', os.version: '10.0', java.version: '21.0.9'
Driver info: org.openqa.selenium.remote.RemoteWebDriver
Capabilities {acceptInsecureCerts: false, browserName: MicrosoftEdge, browserVersion: 147.0.3912.72, fedcm:accounts: true, goog:processID: 22276, ms:edgeOptions: {debuggerAddress: localhost:55342}, msedge: {msedgedriverVersion: 147.0.3912.86 (3a0d90fcf938..., userDataDir: C:\Users\chnag\AppData\Loca...}, networkConnectionEnabled: false, pageLoadStrategy: normal, platformName: Windows 11, proxy: Proxy(), se:bidiEnabled: false, se:cdp: ws://localhost:4444/session..., se:cdpVersion: 147.0.3912.72, setWindowRect: true, strictFileInteractability: false, timeouts: {implicit: 0, pageLoad: 300000, script: 30000}, unhandledPromptBehavior: dismiss and notify, webauthn:extension:credBlob: true, webauthn:extension:largeBlob: true, webauthn:extension:minPinLength: true, webauthn:extension:prf: true, webauthn:virtualAuthenticators: true}
Session ID: ccf9b0f958fda6f103c54ac9191bf45f
at org.openqa.selenium.support.ui.WebDriverWait.timeoutException(WebDriverWait.java:85)
at org.openqa.selenium.support.ui.FluentWait.until(FluentWait.java:234)
at com.test.Base.BaseTest.waitForPageLoadComplete(BaseTest.java:43)
at com.test.Base.BaseTest.setUp(BaseTest.java:37)
at java.base/java.util.ArrayList.forEach(ArrayList.java:1596)
at java.base/java.util.concurrent.FutureTask.run(FutureTask.java:317)
at java.base/java.util.concurrent.ThreadPoolExecutor.runWorker(ThreadPoolExecutor.java:1144)
at java.base/java.util.concurrent.ThreadPoolExecutor$Worker.run(ThreadPoolExecutor.java:642)
at java.base/java.lang.Thread.run(Thread.java:1583)
... Removed 19 stack frames]]>
    </failure>
  </testcase> <!-- @BeforeMethod setUp -->
  <testcase classname="com.test.Base.BaseTest" name="@BeforeMethod setUp" time="32.772">
    <failure type="org.openqa.selenium.TimeoutException" message="Expected condition failed: waiting for com.test.Base.BaseTest$1@695b4a86
(tried for 15 seconds with 500 milliseconds interval)
Build info: version: &amp;apos;4.43.0&amp;apos;, revision: &amp;apos;dd0f534&amp;apos;
System info: os.name: &amp;apos;Windows 11&amp;apos;, os.arch: &amp;apos;amd64&amp;apos;, os.version: &amp;apos;10.0&amp;apos;, java.version: &amp;apos;21.0.9&amp;apos;
Driver info: org.openqa.selenium.remote.RemoteWebDriver
Capabilities {acceptInsecureCerts: false, browserName: MicrosoftEdge, browserVersion: 147.0.3912.72, fedcm:accounts: true, goog:processID: 20256, ms:edgeOptions: {debuggerAddress: localhost:50658}, msedge: {msedgedriverVersion: 147.0.3912.86 (3a0d90fcf938..., userDataDir: C:\Users\chnag\AppData\Loca...}, networkConnectionEnabled: false, pageLoadStrategy: normal, platformName: Windows 11, proxy: Proxy(), se:bidiEnabled: false, se:cdp: ws://localhost:4444/session..., se:cdpVersion: 147.0.3912.72, setWindowRect: true, strictFileInteractability: false, timeouts: {implicit: 0, pageLoad: 300000, script: 30000}, unhandledPromptBehavior: dismiss and notify, webauthn:extension:credBlob: true, webauthn:extension:largeBlob: true, webauthn:extension:minPinLength: true, webauthn:extension:prf: true, webauthn:virtualAuthenticators: true}
Session ID: 90089e81595c619beb60b8bdafdbb581">
      <![CDATA[org.openqa.selenium.TimeoutException: Expected condition failed: waiting for com.test.Base.BaseTest$1@695b4a86
(tried for 15 seconds with 500 milliseconds interval)
Build info: version: '4.43.0', revision: 'dd0f534'
System info: os.name: 'Windows 11', os.arch: 'amd64', os.version: '10.0', java.version: '21.0.9'
Driver info: org.openqa.selenium.remote.RemoteWebDriver
Capabilities {acceptInsecureCerts: false, browserName: MicrosoftEdge, browserVersion: 147.0.3912.72, fedcm:accounts: true, goog:processID: 20256, ms:edgeOptions: {debuggerAddress: localhost:50658}, msedge: {msedgedriverVersion: 147.0.3912.86 (3a0d90fcf938..., userDataDir: C:\Users\chnag\AppData\Loca...}, networkConnectionEnabled: false, pageLoadStrategy: normal, platformName: Windows 11, proxy: Proxy(), se:bidiEnabled: false, se:cdp: ws://localhost:4444/session..., se:cdpVersion: 147.0.3912.72, setWindowRect: true, strictFileInteractability: false, timeouts: {implicit: 0, pageLoad: 300000, script: 30000}, unhandledPromptBehavior: dismiss and notify, webauthn:extension:credBlob: true, webauthn:extension:largeBlob: true, webauthn:extension:minPinLength: true, webauthn:extension:prf: true, webauthn:virtualAuthenticators: true}
Session ID: 90089e81595c619beb60b8bdafdbb581
at org.openqa.selenium.support.ui.WebDriverWait.timeoutException(WebDriverWait.java:85)
at org.openqa.selenium.support.ui.FluentWait.until(FluentWait.java:234)
at com.test.Base.BaseTest.waitForPageLoadComplete(BaseTest.java:43)
at com.test.Base.BaseTest.setUp(BaseTest.java:37)
at java.base/java.util.ArrayList.forEach(ArrayList.java:1596)
at java.base/java.util.concurrent.FutureTask.run(FutureTask.java:317)
at java.base/java.util.concurrent.ThreadPoolExecutor.runWorker(ThreadPoolExecutor.java:1144)
at java.base/java.util.concurrent.ThreadPoolExecutor$Worker.run(ThreadPoolExecutor.java:642)
at java.base/java.lang.Thread.run(Thread.java:1583)
... Removed 19 stack frames]]>
    </failure>
  </testcase> <!-- @BeforeMethod setUp -->
  <testcase classname="com.test.Base.BaseTest" name="@BeforeMethod setUp" time="48.016">
    <failure type="org.openqa.selenium.TimeoutException" message="Expected condition failed: waiting for com.test.Base.BaseTest$1@4a9fa00f
(tried for 15 seconds with 500 milliseconds interval)
Build info: version: &amp;apos;4.43.0&amp;apos;, revision: &amp;apos;dd0f534&amp;apos;
System info: os.name: &amp;apos;Windows 11&amp;apos;, os.arch: &amp;apos;amd64&amp;apos;, os.version: &amp;apos;10.0&amp;apos;, java.version: &amp;apos;21.0.9&amp;apos;
Driver info: org.openqa.selenium.remote.RemoteWebDriver
Capabilities {acceptInsecureCerts: false, browserName: MicrosoftEdge, browserVersion: 147.0.3912.72, fedcm:accounts: true, goog:processID: 1612, ms:edgeOptions: {debuggerAddress: localhost:60174}, msedge: {msedgedriverVersion: 147.0.3912.86 (3a0d90fcf938..., userDataDir: C:\Users\chnag\AppData\Loca...}, networkConnectionEnabled: false, pageLoadStrategy: normal, platformName: Windows 11, proxy: Proxy(), se:bidiEnabled: false, se:cdp: ws://localhost:4444/session..., se:cdpVersion: 147.0.3912.72, setWindowRect: true, strictFileInteractability: false, timeouts: {implicit: 0, pageLoad: 300000, script: 30000}, unhandledPromptBehavior: dismiss and notify, webauthn:extension:credBlob: true, webauthn:extension:largeBlob: true, webauthn:extension:minPinLength: true, webauthn:extension:prf: true, webauthn:virtualAuthenticators: true}
Session ID: 10a90d74501640b144223a6ed4966ad1">
      <![CDATA[org.openqa.selenium.TimeoutException: Expected condition failed: waiting for com.test.Base.BaseTest$1@4a9fa00f
(tried for 15 seconds with 500 milliseconds interval)
Build info: version: '4.43.0', revision: 'dd0f534'
System info: os.name: 'Windows 11', os.arch: 'amd64', os.version: '10.0', java.version: '21.0.9'
Driver info: org.openqa.selenium.remote.RemoteWebDriver
Capabilities {acceptInsecureCerts: false, browserName: MicrosoftEdge, browserVersion: 147.0.3912.72, fedcm:accounts: true, goog:processID: 1612, ms:edgeOptions: {debuggerAddress: localhost:60174}, msedge: {msedgedriverVersion: 147.0.3912.86 (3a0d90fcf938..., userDataDir: C:\Users\chnag\AppData\Loca...}, networkConnectionEnabled: false, pageLoadStrategy: normal, platformName: Windows 11, proxy: Proxy(), se:bidiEnabled: false, se:cdp: ws://localhost:4444/session..., se:cdpVersion: 147.0.3912.72, setWindowRect: true, strictFileInteractability: false, timeouts: {implicit: 0, pageLoad: 300000, script: 30000}, unhandledPromptBehavior: dismiss and notify, webauthn:extension:credBlob: true, webauthn:extension:largeBlob: true, webauthn:extension:minPinLength: true, webauthn:extension:prf: true, webauthn:virtualAuthenticators: true}
Session ID: 10a90d74501640b144223a6ed4966ad1
at org.openqa.selenium.support.ui.WebDriverWait.timeoutException(WebDriverWait.java:85)
at org.openqa.selenium.support.ui.FluentWait.until(FluentWait.java:234)
at com.test.Base.BaseTest.waitForPageLoadComplete(BaseTest.java:43)
at com.test.Base.BaseTest.setUp(BaseTest.java:37)
at java.base/java.util.ArrayList.forEach(ArrayList.java:1596)
at java.base/java.util.concurrent.FutureTask.run(FutureTask.java:317)
at java.base/java.util.concurrent.ThreadPoolExecutor.runWorker(ThreadPoolExecutor.java:1144)
at java.base/java.util.concurrent.ThreadPoolExecutor$Worker.run(ThreadPoolExecutor.java:642)
at java.base/java.lang.Thread.run(Thread.java:1583)
... Removed 19 stack frames]]>
    </failure>
  </testcase> <!-- @BeforeMethod setUp -->
  <testcase classname="com.test.Base.BaseTest" name="@BeforeMethod setUp" time="65.132">
    <failure type="org.openqa.selenium.TimeoutException" message="Expected condition failed: waiting for com.test.Base.BaseTest$1@56cda2ff
(tried for 15 seconds with 500 milliseconds interval)
Build info: version: &amp;apos;4.43.0&amp;apos;, revision: &amp;apos;dd0f534&amp;apos;
System info: os.name: &amp;apos;Windows 11&amp;apos;, os.arch: &amp;apos;amd64&amp;apos;, os.version: &amp;apos;10.0&amp;apos;, java.version: &amp;apos;21.0.9&amp;apos;
Driver info: org.openqa.selenium.remote.RemoteWebDriver
Capabilities {acceptInsecureCerts: false, browserName: MicrosoftEdge, browserVersion: 147.0.3912.72, fedcm:accounts: true, goog:processID: 4704, ms:edgeOptions: {debuggerAddress: localhost:51931}, msedge: {msedgedriverVersion: 147.0.3912.86 (3a0d90fcf938..., userDataDir: C:\Users\chnag\AppData\Loca...}, networkConnectionEnabled: false, pageLoadStrategy: normal, platformName: Windows 11, proxy: Proxy(), se:bidiEnabled: false, se:cdp: ws://localhost:4444/session..., se:cdpVersion: 147.0.3912.72, setWindowRect: true, strictFileInteractability: false, timeouts: {implicit: 0, pageLoad: 300000, script: 30000}, unhandledPromptBehavior: dismiss and notify, webauthn:extension:credBlob: true, webauthn:extension:largeBlob: true, webauthn:extension:minPinLength: true, webauthn:extension:prf: true, webauthn:virtualAuthenticators: true}
Session ID: f31099fb2fa36614c73448217b2a29f6">
      <![CDATA[org.openqa.selenium.TimeoutException: Expected condition failed: waiting for com.test.Base.BaseTest$1@56cda2ff
(tried for 15 seconds with 500 milliseconds interval)
Build info: version: '4.43.0', revision: 'dd0f534'
System info: os.name: 'Windows 11', os.arch: 'amd64', os.version: '10.0', java.version: '21.0.9'
Driver info: org.openqa.selenium.remote.RemoteWebDriver
Capabilities {acceptInsecureCerts: false, browserName: MicrosoftEdge, browserVersion: 147.0.3912.72, fedcm:accounts: true, goog:processID: 4704, ms:edgeOptions: {debuggerAddress: localhost:51931}, msedge: {msedgedriverVersion: 147.0.3912.86 (3a0d90fcf938..., userDataDir: C:\Users\chnag\AppData\Loca...}, networkConnectionEnabled: false, pageLoadStrategy: normal, platformName: Windows 11, proxy: Proxy(), se:bidiEnabled: false, se:cdp: ws://localhost:4444/session..., se:cdpVersion: 147.0.3912.72, setWindowRect: true, strictFileInteractability: false, timeouts: {implicit: 0, pageLoad: 300000, script: 30000}, unhandledPromptBehavior: dismiss and notify, webauthn:extension:credBlob: true, webauthn:extension:largeBlob: true, webauthn:extension:minPinLength: true, webauthn:extension:prf: true, webauthn:virtualAuthenticators: true}
Session ID: f31099fb2fa36614c73448217b2a29f6
at org.openqa.selenium.support.ui.WebDriverWait.timeoutException(WebDriverWait.java:85)
at org.openqa.selenium.support.ui.FluentWait.until(FluentWait.java:234)
at com.test.Base.BaseTest.waitForPageLoadComplete(BaseTest.java:43)
at com.test.Base.BaseTest.setUp(BaseTest.java:37)
at java.base/java.util.ArrayList.forEach(ArrayList.java:1596)
at java.base/java.util.concurrent.FutureTask.run(FutureTask.java:317)
at java.base/java.util.concurrent.ThreadPoolExecutor.runWorker(ThreadPoolExecutor.java:1144)
at java.base/java.util.concurrent.ThreadPoolExecutor$Worker.run(ThreadPoolExecutor.java:642)
at java.base/java.lang.Thread.run(Thread.java:1583)
... Removed 19 stack frames]]>
    </failure>
  </testcase> <!-- @BeforeMethod setUp -->
  <testcase classname="com.test.Base.BaseTest" name="@BeforeMethod setUp" time="43.507">
    <failure type="org.openqa.selenium.TimeoutException" message="Expected condition failed: waiting for com.test.Base.BaseTest$1@50681752
(tried for 15 seconds with 500 milliseconds interval)
Build info: version: &amp;apos;4.43.0&amp;apos;, revision: &amp;apos;dd0f534&amp;apos;
System info: os.name: &amp;apos;Windows 11&amp;apos;, os.arch: &amp;apos;amd64&amp;apos;, os.version: &amp;apos;10.0&amp;apos;, java.version: &amp;apos;21.0.9&amp;apos;
Driver info: org.openqa.selenium.remote.RemoteWebDriver
Capabilities {acceptInsecureCerts: false, browserName: MicrosoftEdge, browserVersion: 147.0.3912.72, fedcm:accounts: true, goog:processID: 17640, ms:edgeOptions: {debuggerAddress: localhost:52367}, msedge: {msedgedriverVersion: 147.0.3912.86 (3a0d90fcf938..., userDataDir: C:\Users\chnag\AppData\Loca...}, networkConnectionEnabled: false, pageLoadStrategy: normal, platformName: Windows 11, proxy: Proxy(), se:bidiEnabled: false, se:cdp: ws://localhost:4444/session..., se:cdpVersion: 147.0.3912.72, setWindowRect: true, strictFileInteractability: false, timeouts: {implicit: 0, pageLoad: 300000, script: 30000}, unhandledPromptBehavior: dismiss and notify, webauthn:extension:credBlob: true, webauthn:extension:largeBlob: true, webauthn:extension:minPinLength: true, webauthn:extension:prf: true, webauthn:virtualAuthenticators: true}
Session ID: 096f35fe619ca54b1601abcdd5965e0f">
      <![CDATA[org.openqa.selenium.TimeoutException: Expected condition failed: waiting for com.test.Base.BaseTest$1@50681752
(tried for 15 seconds with 500 milliseconds interval)
Build info: version: '4.43.0', revision: 'dd0f534'
System info: os.name: 'Windows 11', os.arch: 'amd64', os.version: '10.0', java.version: '21.0.9'
Driver info: org.openqa.selenium.remote.RemoteWebDriver
Capabilities {acceptInsecureCerts: false, browserName: MicrosoftEdge, browserVersion: 147.0.3912.72, fedcm:accounts: true, goog:processID: 17640, ms:edgeOptions: {debuggerAddress: localhost:52367}, msedge: {msedgedriverVersion: 147.0.3912.86 (3a0d90fcf938..., userDataDir: C:\Users\chnag\AppData\Loca...}, networkConnectionEnabled: false, pageLoadStrategy: normal, platformName: Windows 11, proxy: Proxy(), se:bidiEnabled: false, se:cdp: ws://localhost:4444/session..., se:cdpVersion: 147.0.3912.72, setWindowRect: true, strictFileInteractability: false, timeouts: {implicit: 0, pageLoad: 300000, script: 30000}, unhandledPromptBehavior: dismiss and notify, webauthn:extension:credBlob: true, webauthn:extension:largeBlob: true, webauthn:extension:minPinLength: true, webauthn:extension:prf: true, webauthn:virtualAuthenticators: true}
Session ID: 096f35fe619ca54b1601abcdd5965e0f
at org.openqa.selenium.support.ui.WebDriverWait.timeoutException(WebDriverWait.java:85)
at org.openqa.selenium.support.ui.FluentWait.until(FluentWait.java:234)
at com.test.Base.BaseTest.waitForPageLoadComplete(BaseTest.java:43)
at com.test.Base.BaseTest.setUp(BaseTest.java:37)
at java.base/java.util.ArrayList.forEach(ArrayList.java:1596)
at java.base/java.util.concurrent.FutureTask.run(FutureTask.java:317)
at java.base/java.util.concurrent.ThreadPoolExecutor.runWorker(ThreadPoolExecutor.java:1144)
at java.base/java.util.concurrent.ThreadPoolExecutor$Worker.run(ThreadPoolExecutor.java:642)
at java.base/java.lang.Thread.run(Thread.java:1583)
... Removed 19 stack frames]]>
    </failure>
  </testcase> <!-- @BeforeMethod setUp -->
  <testcase classname="com.test.Base.BaseTest" name="@BeforeMethod setUp" time="30.617">
    <failure type="org.openqa.selenium.TimeoutException" message="Expected condition failed: waiting for com.test.Base.BaseTest$1@5557960f
(tried for 15 seconds with 500 milliseconds interval)
Build info: version: &amp;apos;4.43.0&amp;apos;, revision: &amp;apos;dd0f534&amp;apos;
System info: os.name: &amp;apos;Windows 11&amp;apos;, os.arch: &amp;apos;amd64&amp;apos;, os.version: &amp;apos;10.0&amp;apos;, java.version: &amp;apos;21.0.9&amp;apos;
Driver info: org.openqa.selenium.remote.RemoteWebDriver
Capabilities {acceptInsecureCerts: false, browserName: MicrosoftEdge, browserVersion: 147.0.3912.72, fedcm:accounts: true, goog:processID: 8732, ms:edgeOptions: {debuggerAddress: localhost:53290}, msedge: {msedgedriverVersion: 147.0.3912.86 (3a0d90fcf938..., userDataDir: C:\Users\chnag\AppData\Loca...}, networkConnectionEnabled: false, pageLoadStrategy: normal, platformName: Windows 11, proxy: Proxy(), se:bidiEnabled: false, se:cdp: ws://localhost:4444/session..., se:cdpVersion: 147.0.3912.72, setWindowRect: true, strictFileInteractability: false, timeouts: {implicit: 0, pageLoad: 300000, script: 30000}, unhandledPromptBehavior: dismiss and notify, webauthn:extension:credBlob: true, webauthn:extension:largeBlob: true, webauthn:extension:minPinLength: true, webauthn:extension:prf: true, webauthn:virtualAuthenticators: true}
Session ID: e292369e16025310240baf0d59399959">
      <![CDATA[org.openqa.selenium.TimeoutException: Expected condition failed: waiting for com.test.Base.BaseTest$1@5557960f
(tried for 15 seconds with 500 milliseconds interval)
Build info: version: '4.43.0', revision: 'dd0f534'
System info: os.name: 'Windows 11', os.arch: 'amd64', os.version: '10.0', java.version: '21.0.9'
Driver info: org.openqa.selenium.remote.RemoteWebDriver
Capabilities {acceptInsecureCerts: false, browserName: MicrosoftEdge, browserVersion: 147.0.3912.72, fedcm:accounts: true, goog:processID: 8732, ms:edgeOptions: {debuggerAddress: localhost:53290}, msedge: {msedgedriverVersion: 147.0.3912.86 (3a0d90fcf938..., userDataDir: C:\Users\chnag\AppData\Loca...}, networkConnectionEnabled: false, pageLoadStrategy: normal, platformName: Windows 11, proxy: Proxy(), se:bidiEnabled: false, se:cdp: ws://localhost:4444/session..., se:cdpVersion: 147.0.3912.72, setWindowRect: true, strictFileInteractability: false, timeouts: {implicit: 0, pageLoad: 300000, script: 30000}, unhandledPromptBehavior: dismiss and notify, webauthn:extension:credBlob: true, webauthn:extension:largeBlob: true, webauthn:extension:minPinLength: true, webauthn:extension:prf: true, webauthn:virtualAuthenticators: true}
Session ID: e292369e16025310240baf0d59399959
at org.openqa.selenium.support.ui.WebDriverWait.timeoutException(WebDriverWait.java:85)
at org.openqa.selenium.support.ui.FluentWait.until(FluentWait.java:234)
at com.test.Base.BaseTest.waitForPageLoadComplete(BaseTest.java:43)
at com.test.Base.BaseTest.setUp(BaseTest.java:37)
at java.base/java.util.ArrayList.forEach(ArrayList.java:1596)
at java.base/java.util.concurrent.FutureTask.run(FutureTask.java:317)
at java.base/java.util.concurrent.ThreadPoolExecutor.runWorker(ThreadPoolExecutor.java:1144)
at java.base/java.util.concurrent.ThreadPoolExecutor$Worker.run(ThreadPoolExecutor.java:642)
at java.base/java.lang.Thread.run(Thread.java:1583)
... Removed 19 stack frames]]>
    </failure>
  </testcase> <!-- @BeforeMethod setUp -->
  <testcase classname="com.test.TestCases.TestCases_1" name="testCase_001" time="31.348"/>
  <testcase classname="com.test.TestCases.TestCases_1" name="testCase_002" time="19.258"/>
  <testcase classname="com.test.TestCases.TestCases_1" name="testCase_003" time="16.101"/>
  <testcase classname="com.test.TestCases.TestCases_1" name="testCase_004" time="24.907"/>
  <testcase classname="com.test.TestCases.TestCases_1" name="testCase_005" time="16.93"/>
  <testcase classname="com.test.TestCases.TestCases_1" name="testCase_006" time="9.752"/>
  <testcase classname="com.test.TestCases.TestCases_1" name="testCase_007" time="16.248"/>
  <testcase classname="com.test.TestCases.TestCases_1" name="testCase_008" time="22.27"/>
  <testcase classname="com.test.TestCases.TestCases_1" name="testCase_009" time="14.286"/>
  <testcase classname="com.test.TestCases.TestCases_1" name="testCase_010" time="13.098"/>
  <testcase classname="com.test.TestCases.TestCases_1" name="testCase_011" time="34.572"/>
  <testcase classname="com.test.TestCases.TestCases_1" name="testCase_012" time="12.143"/>
  <testcase classname="com.test.TestCases.TestCases_1" name="testCase_013" time="24.53"/>
  <testcase classname="com.test.TestCases.TestCases_1" name="testCase_014" time="14.564"/>
  <testcase classname="com.test.TestCases.TestCases_1" name="testCase_015" time="33.33"/>
  <testcase classname="com.test.TestCases.TestCases_1" name="testCase_016" time="21.862"/>
  <testcase classname="com.test.TestCases.TestCases_1" name="testCase_017" time="20.759"/>
  <testcase classname="com.test.TestCases.TestCases_1" name="testCase_018" time="51.456"/>
  <testcase classname="com.test.TestCases.TestCases_1" name="testCase_019" time="13.871"/>
  <testcase classname="com.test.TestCases.TestCases_1" name="testCase_020" time="44.308"/>
  <testcase classname="com.test.TestCases.TestCases_1" name="testCase_021" time="20.14"/>
  <testcase classname="com.test.TestCases.TestCases_1" name="testCase_022" time="22.093"/>
  <testcase classname="com.test.TestCases.TestCases_1" name="testCase_023" time="13.812"/>
  <testcase classname="com.test.TestCases.TestCases_1" name="testCase_024" time="14.501"/>
  <testcase classname="com.test.TestCases.TestCases_1" name="testCase_025" time="34.597"/>
  <testcase classname="com.test.TestCases.TestCases_2" name="testCase_001" time="27.09"/>
  <testcase classname="com.test.TestCases.TestCases_2" name="testCase_002" time="22.811"/>
  <testcase classname="com.test.TestCases.TestCases_2" name="testCase_003" time="34.394"/>
  <testcase classname="com.test.TestCases.TestCases_2" name="testCase_004" time="16.824"/>
  <testcase classname="com.test.TestCases.TestCases_2" name="testCase_005" time="62.83"/>
  <testcase classname="com.test.TestCases.TestCases_2" name="testCase_006" time="25.397"/>
  <testcase classname="com.test.TestCases.TestCases_2" name="testCase_007" time="19.083"/>
  <testcase classname="com.test.TestCases.TestCases_2" name="testCase_008" time="18.271"/>
  <testcase classname="com.test.TestCases.TestCases_2" name="testCase_009" time="43.725"/>
  <testcase classname="com.test.TestCases.TestCases_2" name="testCase_010" time="13.3"/>
  <testcase classname="com.test.TestCases.TestCases_2" name="testCase_011" time="13.204"/>
  <testcase classname="com.test.TestCases.TestCases_2" name="testCase_012" time="15.228"/>
  <testcase classname="com.test.TestCases.TestCases_2" name="testCase_013" time="17.278"/>
  <testcase classname="com.test.TestCases.TestCases_2" name="testCase_014" time="18.182"/>
  <testcase classname="com.test.TestCases.TestCases_2" name="testCase_015" time="16.903"/>
  <testcase classname="com.test.TestCases.TestCases_2" name="testCase_016" time="18.567"/>
  <testcase classname="com.test.TestCases.TestCases_2" name="testCase_017" time="13.561"/>
  <testcase classname="com.test.TestCases.TestCases_2" name="testCase_018" time="22.522"/>
  <testcase classname="com.test.TestCases.TestCases_2" name="testCase_019" time="9.442"/>
  <testcase classname="com.test.TestCases.TestCases_2" name="testCase_020" time="11.717"/>
  <testcase classname="com.test.TestCases.TestCases_2" name="testCase_021" time="12.192"/>
  <testcase classname="com.test.TestCases.TestCases_2" name="testCase_022" time="9.966"/>
  <testcase classname="com.test.TestCases.TestCases_2" name="testCase_023" time="16.576"/>
  <testcase classname="com.test.TestCases.TestCases_2" name="testCase_024" time="15.325"/>
  <testcase classname="com.test.TestCases.TestCases_2" name="testCase_025" time="15.612"/>
  <testcase classname="com.test.TestCases.TestCases_3" name="testCase_001" time="11.667"/>
  <testcase classname="com.test.TestCases.TestCases_3" name="testCase_002" time="24.58"/>
  <testcase classname="com.test.TestCases.TestCases_3" name="testCase_003" time="18.352"/>
  <testcase classname="com.test.TestCases.TestCases_3" name="testCase_004" time="15.048"/>
  <testcase classname="com.test.TestCases.TestCases_3" name="testCase_005" time="20.002"/>
  <testcase classname="com.test.TestCases.TestCases_3" name="testCase_006" time="13.905"/>
  <testcase classname="com.test.TestCases.TestCases_3" name="testCase_007" time="19.954"/>
  <testcase classname="com.test.TestCases.TestCases_3" name="testCase_008" time="29.745"/>
  <testcase classname="com.test.TestCases.TestCases_3" name="testCase_009" time="14.832"/>
  <testcase classname="com.test.TestCases.TestCases_3" name="testCase_010" time="30.047"/>
  <testcase classname="com.test.TestCases.TestCases_3" name="testCase_011" time="13.835"/>
  <testcase classname="com.test.TestCases.TestCases_3" name="testCase_012" time="23.61"/>
  <testcase classname="com.test.TestCases.TestCases_3" name="testCase_013" time="22.561"/>
  <testcase classname="com.test.TestCases.TestCases_3" name="testCase_014" time="14.574"/>
  <testcase classname="com.test.TestCases.TestCases_3" name="testCase_015" time="18.851"/>
  <testcase classname="com.test.TestCases.TestCases_3" name="testCase_016" time="16.556"/>
  <testcase classname="com.test.TestCases.TestCases_3" name="testCase_017" time="17.079"/>
  <testcase classname="com.test.TestCases.TestCases_3" name="testCase_018" time="13.418"/>
  <testcase classname="com.test.TestCases.TestCases_3" name="testCase_019" time="14.493"/>
  <testcase classname="com.test.TestCases.TestCases_3" name="testCase_020" time="9.907"/>
  <testcase classname="com.test.TestCases.TestCases_3" name="testCase_021" time="14.081"/>
  <testcase classname="com.test.TestCases.TestCases_3" name="testCase_022" time="25.964"/>
  <testcase classname="com.test.TestCases.TestCases_3" name="testCase_023" time="33.329"/>
  <testcase classname="com.test.TestCases.TestCases_3" name="testCase_024" time="19.21"/>
  <testcase classname="com.test.TestCases.TestCases_3" name="testCase_025" time="15.594"/>
  <testcase classname="com.test.TestCases.TestCases_4" name="testCase_001" time="26.441"/>
  <testcase classname="com.test.TestCases.TestCases_4" name="testCase_002" time="23.119"/>
  <testcase classname="com.test.TestCases.TestCases_4" name="testCase_003" time="22.977"/>
  <testcase classname="com.test.TestCases.TestCases_4" name="testCase_004" time="21.558"/>
  <testcase classname="com.test.TestCases.TestCases_4" name="testCase_005" time="24.129"/>
  <testcase classname="com.test.TestCases.TestCases_4" name="testCase_006" time="15.646"/>
  <testcase classname="com.test.TestCases.TestCases_4" name="testCase_007" time="25.092"/>
  <testcase classname="com.test.TestCases.TestCases_4" name="testCase_008" time="32.223"/>
  <testcase classname="com.test.TestCases.TestCases_4" name="testCase_009" time="16.754"/>
  <testcase classname="com.test.TestCases.TestCases_4" name="testCase_010" time="15.649"/>
  <testcase classname="com.test.TestCases.TestCases_4" name="testCase_011" time="12.921"/>
  <testcase classname="com.test.TestCases.TestCases_4" name="testCase_012" time="9.966"/>
  <testcase classname="com.test.TestCases.TestCases_4" name="testCase_013" time="12.771"/>
  <testcase classname="com.test.TestCases.TestCases_4" name="testCase_014" time="13.694"/>
  <testcase classname="com.test.TestCases.TestCases_4" name="testCase_015" time="7.424"/>
  <testcase classname="com.test.TestCases.TestCases_4" name="testCase_016" time="14.183"/>
  <testcase classname="com.test.TestCases.TestCases_4" name="testCase_017" time="15.974"/>
  <testcase classname="com.test.TestCases.TestCases_4" name="testCase_018" time="12.723"/>
  <testcase classname="com.test.TestCases.TestCases_4" name="testCase_019" time="7.843"/>
  <testcase classname="com.test.TestCases.TestCases_4" name="testCase_020" time="7.713"/>
  <testcase classname="com.test.TestCases.TestCases_4" name="testCase_021" time="8.054"/>
  <testcase classname="com.test.TestCases.TestCases_4" name="testCase_022" time="7.952"/>
  <testcase classname="com.test.TestCases.TestCases_4" name="testCase_023" time="9.198"/>
  <testcase classname="com.test.TestCases.TestCases_4" name="testCase_024" time="11.688"/>
  <testcase classname="com.test.TestCases.TestCases_4" name="testCase_025" time="7.869"/>
  <testcase classname="com.test.Base.BaseTest" name="@BeforeSuite clearScreenshotsAndReports" time="0.0">
    <ignored/>
  </testcase> <!-- @BeforeSuite clearScreenshotsAndReports -->
  <testcase classname="com.test.Base.BaseTest" name="@BeforeSuite clearScreenshotsAndReports" time="0.0">
    <ignored/>
  </testcase> <!-- @BeforeSuite clearScreenshotsAndReports -->
  <testcase classname="com.test.Base.BaseTest" name="@AfterSuite afterSuiteCleanup" time="0.0">
    <ignored/>
  </testcase> <!-- @AfterSuite afterSuiteCleanup -->
  <testcase classname="com.test.Base.BaseTest" name="@AfterSuite afterSuiteCleanup" time="0.0">
    <ignored/>
  </testcase> <!-- @AfterSuite afterSuiteCleanup -->
  <testcase classname="com.test.Base.BaseTest" name="@BeforeSuite clearScreenshotsAndReports" time="0.0">
    <ignored/>
  </testcase> <!-- @BeforeSuite clearScreenshotsAndReports -->
  <testcase classname="com.test.Base.BaseTest" name="@AfterSuite afterSuiteCleanup" time="0.0">
    <ignored/>
  </testcase> <!-- @AfterSuite afterSuiteCleanup -->
</testsuite> <!-- Test2 -->
