<?xml version="1.0" encoding="UTF-8"?>
<!-- Generated by org.testng.reporters.JUnitXMLReporter -->
<testsuite ignored="0" hostname="BUDDI_DESKTOP" failures="2" tests="2" name="Test_chrome" time="29.483" errors="0" timestamp="2026-04-15T00:46:21 IST">
  <testcase classname="com.test.TestCases.TestCases" name="testCase_001" time="4.932">
    <failure type="java.lang.AssertionError" message="expected [true] but found [false]">
      <![CDATA[java.lang.AssertionError: expected [true] but found [false]
at com.test.Utilities.GenericMethods.verifyErrorMessage(GenericMethods.java:68)
at com.test.Pages.SignUpOrLogin_Page.verify_Email_Or_Password_Incorrect_ErrorMessage(SignUpOrLogin_Page.java:42)
at com.test.TestCases.TestCases.testCase_001(TestCases.java:31)
at java.base/java.util.ArrayList.forEach(ArrayList.java:1596)
... Removed 29 stack frames]]>
    </failure>
  </testcase> <!-- testCase_001 -->
  <testcase classname="com.test.TestCases.TestCases" name="testCase_002" time="5.099">
    <failure type="java.lang.AssertionError" message="expected [true] but found [false]">
      <![CDATA[java.lang.AssertionError: expected [true] but found [false]
at com.test.Utilities.GenericMethods.verifyErrorMessage(GenericMethods.java:68)
at com.test.Pages.SignUpOrLogin_Page.verify_Email_Or_Password_Incorrect_ErrorMessage(SignUpOrLogin_Page.java:42)
at com.test.TestCases.TestCases.testCase_002(TestCases.java:41)
at java.base/java.util.ArrayList.forEach(ArrayList.java:1596)
... Removed 29 stack frames]]>
    </failure>
  </testcase> <!-- testCase_002 -->
</testsuite> <!-- Test_chrome -->
