<?xml version="1.0" encoding="UTF-8"?>
<!-- Generated by org.testng.reporters.JUnitReportReporter -->
<testsuite hostname="BUDDI_DESKTOP" failures="0" tests="6" name="com.test.TestCases.TestCases_1" time="264.815" errors="0" timestamp="2026-04-28T01:10:26 IST" skipped="0">
  <testcase classname="com.test.TestCases.TestCases_1" name="verifySignupWithExistingEmail" time="63.268"/>
  <testcase classname="com.test.TestCases.TestCases_1" name="verifySignupWithExistingEmail" time="24.510"/>
  <testcase classname="com.test.TestCases.TestCases_1" name="verifyLoginWithInvalidCredentials" time="38.794"/>
  <testcase classname="com.test.TestCases.TestCases_1" name="verifyLoginWithInvalidCredentials" time="60.913"/>
  <testcase classname="com.test.TestCases.TestCases_1" name="verifyLoginWithInvalidCredentials" time="31.139"/>
  <testcase classname="com.test.TestCases.TestCases_1" name="verifySignupWithExistingEmail" time="46.191"/>
</testsuite> <!-- com.test.TestCases.TestCases_1 -->
