<?xml version="1.0" encoding="UTF-8"?>
<!-- Generated by org.testng.reporters.JUnitReportReporter -->
<testsuite hostname="BUDDI_DESKTOP" failures="0" tests="78" name="com.test.TestCases.TestCases_3" time="5484.112" errors="4" timestamp="2026-04-25T21:14:20 IST" skipped="12">
  <testcase classname="com.test.TestCases.TestCases_3" name="testCase_019" time="53.839"/>
  <testcase classname="com.test.TestCases.TestCases_3" name="testCase_024" time="31.625">
    <skipped/>
  </testcase> <!-- testCase_024 -->
  <testcase classname="com.test.TestCases.TestCases_3" name="testCase_023" time="53.568">
    <skipped/>
  </testcase> <!-- testCase_023 -->
  <testcase classname="com.test.TestCases.TestCases_3" name="testCase_005" time="90.770"/>
  <testcase classname="com.test.TestCases.TestCases_3" name="testCase_014" time="54.350"/>
  <testcase classname="com.test.TestCases.TestCases_3" name="testCase_008" time="99.912"/>
  <testcase classname="com.test.TestCases.TestCases_3" name="testCase_015" time="86.541"/>
  <testcase classname="com.test.TestCases.TestCases_3" name="testCase_013" time="67.719"/>
  <testcase classname="com.test.TestCases.TestCases_3" name="testCase_023" time="81.303"/>
  <testcase classname="com.test.TestCases.TestCases_3" name="testCase_011" time="47.677"/>
  <testcase classname="com.test.TestCases.TestCases_3" name="testCase_002" time="102.465"/>
  <testcase classname="com.test.TestCases.TestCases_3" name="testCase_016" time="149.856">
    <error message="script timeout
  (Session info: MicrosoftEdge=147.0.3912.72)
Build info: version: &#039;4.43.0&#039;, revision: &#039;dd0f534&#039;
System info: os.name: &#039;Windows 11&#039;, os.arch: &#039;amd64&#039;, os.version: &#039;10.0&#039;, java.version: &#039;21.0.9&#039;
Driver info: org.openqa.selenium.remote.RemoteWebDriver
Command: [8c04e25615e785555bb9b271508cbc2b, isElementDisplayed {id=f.253B62D30BD6D7013BB4DC8F582BC58A.d.14AF488453A7A8A848D613501B6145DA.e.35}]
Capabilities {acceptInsecureCerts: false, browserName: MicrosoftEdge, browserVersion: 147.0.3912.72, fedcm:accounts: true, goog:processID: 16380, ms:edgeOptions: {debuggerAddress: localhost:59844}, msedge: {msedgedriverVersion: 147.0.3912.86 (3a0d90fcf938..., userDataDir: C:\Users\chnag\AppData\Loca...}, networkConnectionEnabled: false, pageLoadStrategy: normal, platformName: Windows 11, proxy: Proxy(), se:bidiEnabled: false, se:cdp: ws://localhost:4444/session..., se:cdpVersion: 147.0.3912.72, setWindowRect: true, strictFileInteractability: false, timeouts: {implicit: 0, pageLoad: 300000, script: 30000}, unhandledPromptBehavior: dismiss and notify, webauthn:extension:credBlob: true, webauthn:extension:largeBlob: true, webauthn:extension:minPinLength: true, webauthn:extension:prf: true, webauthn:virtualAuthenticators: true}
Element: [[RemoteWebDriver: MicrosoftEdge on Windows 11 (8c04e25615e785555bb9b271508cbc2b)] -&gt; xpath: //a[normalize-space()=&#039;Signup / Login&#039;]]
Session ID: 8c04e25615e785555bb9b271508cbc2b" type="org.openqa.selenium.ScriptTimeoutException">
      <![CDATA[org.openqa.selenium.ScriptTimeoutException: script timeout
  (Session info: MicrosoftEdge=147.0.3912.72)
Build info: version: '4.43.0', revision: 'dd0f534'
System info: os.name: 'Windows 11', os.arch: 'amd64', os.version: '10.0', java.version: '21.0.9'
Driver info: org.openqa.selenium.remote.RemoteWebDriver
Command: [8c04e25615e785555bb9b271508cbc2b, isElementDisplayed {id=f.253B62D30BD6D7013BB4DC8F582BC58A.d.14AF488453A7A8A848D613501B6145DA.e.35}]
Capabilities {acceptInsecureCerts: false, browserName: MicrosoftEdge, browserVersion: 147.0.3912.72, fedcm:accounts: true, goog:processID: 16380, ms:edgeOptions: {debuggerAddress: localhost:59844}, msedge: {msedgedriverVersion: 147.0.3912.86 (3a0d90fcf938..., userDataDir: C:\Users\chnag\AppData\Loca...}, networkConnectionEnabled: false, pageLoadStrategy: normal, platformName: Windows 11, proxy: Proxy(), se:bidiEnabled: false, se:cdp: ws://localhost:4444/session..., se:cdpVersion: 147.0.3912.72, setWindowRect: true, strictFileInteractability: false, timeouts: {implicit: 0, pageLoad: 300000, script: 30000}, unhandledPromptBehavior: dismiss and notify, webauthn:extension:credBlob: true, webauthn:extension:largeBlob: true, webauthn:extension:minPinLength: true, webauthn:extension:prf: true, webauthn:virtualAuthenticators: true}
Element: [[RemoteWebDriver: MicrosoftEdge on Windows 11 (8c04e25615e785555bb9b271508cbc2b)] -> xpath: //a[normalize-space()='Signup / Login']]
Session ID: 8c04e25615e785555bb9b271508cbc2b
at org.openqa.selenium.remote.ErrorCodec.decode(ErrorCodec.java:169)
at org.openqa.selenium.remote.codec.w3c.W3CHttpResponseCodec.decode(W3CHttpResponseCodec.java:142)
at org.openqa.selenium.remote.codec.w3c.W3CHttpResponseCodec.decode(W3CHttpResponseCodec.java:49)
at org.openqa.selenium.remote.HttpCommandExecutor.execute(HttpCommandExecutor.java:223)
at org.openqa.selenium.remote.TracedCommandExecutor.execute(TracedCommandExecutor.java:53)
at org.openqa.selenium.remote.RemoteWebDriver.execute(RemoteWebDriver.java:606)
at org.openqa.selenium.remote.RemoteWebElement.execute(RemoteWebElement.java:223)
at org.openqa.selenium.remote.RemoteWebElement.isDisplayed(RemoteWebElement.java:282)
at org.openqa.selenium.support.ui.ExpectedConditions$22.apply(ExpectedConditions.java:757)
at org.openqa.selenium.support.ui.ExpectedConditions$22.apply(ExpectedConditions.java:749)
at org.openqa.selenium.support.ui.FluentWait.until(FluentWait.java:210)
at com.test.Utilities.GenericMethods.waitForElement(GenericMethods.java:30)
at com.test.Utilities.GenericMethods.clickOn(GenericMethods.java:35)
at com.test.Pages.Home_Page.click_HomePage_SignUp_Or_Login_Link(Home_Page.java:25)
at com.test.TestCases.TestCases_3.testCase_016(TestCases_3.java:187)
at java.base/jdk.internal.reflect.DirectMethodHandleAccessor.invoke(DirectMethodHandleAccessor.java:103)
at java.base/java.lang.reflect.Method.invoke(Method.java:580)
at org.testng.internal.invokers.MethodInvocationHelper.invokeMethod(MethodInvocationHelper.java:141)
at org.testng.internal.invokers.TestInvoker.invokeMethod(TestInvoker.java:697)
at org.testng.internal.invokers.TestInvoker.invokeTestMethod(TestInvoker.java:230)
at org.testng.internal.invokers.MethodRunner.runInSequence(MethodRunner.java:63)
at org.testng.internal.invokers.TestInvoker$MethodInvocationAgent.invoke(TestInvoker.java:1005)
at org.testng.internal.invokers.TestInvoker.invokeTestMethods(TestInvoker.java:203)
at org.testng.internal.invokers.TestMethodWorker.invokeTestMethods(TestMethodWorker.java:154)
at org.testng.internal.invokers.TestMethodWorker.run(TestMethodWorker.java:134)
at java.base/java.util.ArrayList.forEach(ArrayList.java:1596)
at org.testng.TestRunner.privateRun(TestRunner.java:744)
at org.testng.TestRunner.run(TestRunner.java:616)
at org.testng.SuiteRunner.runTest(SuiteRunner.java:421)
at org.testng.SuiteRunner$SuiteWorker.run(SuiteRunner.java:463)
at org.testng.internal.thread.ThreadUtil.lambda$execute$0(ThreadUtil.java:64)
at java.base/java.util.concurrent.FutureTask.run(FutureTask.java:317)
at java.base/java.util.concurrent.ThreadPoolExecutor.runWorker(ThreadPoolExecutor.java:1144)
at java.base/java.util.concurrent.ThreadPoolExecutor$Worker.run(ThreadPoolExecutor.java:642)
at java.base/java.lang.Thread.run(Thread.java:1583)
]]>
    </error>
  </testcase> <!-- testCase_016 -->
  <testcase classname="com.test.TestCases.TestCases_3" name="testCase_017" time="107.711"/>
  <testcase classname="com.test.TestCases.TestCases_3" name="testCase_005" time="62.015"/>
  <testcase classname="com.test.TestCases.TestCases_3" name="testCase_006" time="45.508"/>
  <testcase classname="com.test.TestCases.TestCases_3" name="testCase_021" time="51.418">
    <skipped/>
  </testcase> <!-- testCase_021 -->
  <testcase classname="com.test.TestCases.TestCases_3" name="testCase_019" time="73.363"/>
  <testcase classname="com.test.TestCases.TestCases_3" name="testCase_022" time="145.801"/>
  <testcase classname="com.test.TestCases.TestCases_3" name="testCase_025" time="43.917">
    <skipped/>
  </testcase> <!-- testCase_025 -->
  <testcase classname="com.test.TestCases.TestCases_3" name="testCase_020" time="186.760">
    <skipped/>
  </testcase> <!-- testCase_020 -->
  <testcase classname="com.test.TestCases.TestCases_3" name="testCase_007" time="75.711"/>
  <testcase classname="com.test.TestCases.TestCases_3" name="testCase_013" time="116.852"/>
  <testcase classname="com.test.TestCases.TestCases_3" name="testCase_024" time="70.873"/>
  <testcase classname="com.test.TestCases.TestCases_3" name="testCase_007" time="41.331"/>
  <testcase classname="com.test.TestCases.TestCases_3" name="testCase_003" time="79.371"/>
  <testcase classname="com.test.TestCases.TestCases_3" name="testCase_010" time="94.337"/>
  <testcase classname="com.test.TestCases.TestCases_3" name="testCase_018" time="31.419">
    <skipped/>
  </testcase> <!-- testCase_018 -->
  <testcase classname="com.test.TestCases.TestCases_3" name="testCase_004" time="67.681"/>
  <testcase classname="com.test.TestCases.TestCases_3" name="testCase_017" time="56.421"/>
  <testcase classname="com.test.TestCases.TestCases_3" name="testCase_022" time="33.257">
    <skipped/>
  </testcase> <!-- testCase_022 -->
  <testcase classname="com.test.TestCases.TestCases_3" name="testCase_014" time="46.706"/>
  <testcase classname="com.test.TestCases.TestCases_3" name="testCase_001" time="39.665"/>
  <testcase classname="com.test.TestCases.TestCases_3" name="setUp" time="90.614">
    <error message="Expected condition failed: waiting for com.test.Base.BaseTest$1@59217135
(tried for 15 seconds with 500 milliseconds interval)
Build info: version: &#039;4.43.0&#039;, revision: &#039;dd0f534&#039;
System info: os.name: &#039;Windows 11&#039;, os.arch: &#039;amd64&#039;, os.version: &#039;10.0&#039;, java.version: &#039;21.0.9&#039;
Driver info: org.openqa.selenium.remote.RemoteWebDriver
Capabilities {acceptInsecureCerts: false, browserName: chrome, browserVersion: 147.0.7727.103, chrome: {chromedriverVersion: 147.0.7727.117 (474cc805edd..., userDataDir: C:\Users\chnag\AppData\Loca...}, fedcm:accounts: true, goog:chromeOptions: {debuggerAddress: localhost:61242}, goog:processID: 11572, networkConnectionEnabled: false, pageLoadStrategy: normal, platformName: Windows 11, proxy: Proxy(), se:bidiEnabled: false, se:cdp: ws://localhost:4444/session..., se:cdpVersion: 147.0.7727.103, setWindowRect: true, strictFileInteractability: false, timeouts: {implicit: 0, pageLoad: 300000, script: 30000}, unhandledPromptBehavior: dismiss and notify, webauthn:extension:credBlob: true, webauthn:extension:largeBlob: true, webauthn:extension:minPinLength: true, webauthn:extension:prf: true, webauthn:virtualAuthenticators: true}
Session ID: 3d4045e97f397beb96785ea91077632d" type="org.openqa.selenium.TimeoutException">
      <![CDATA[org.openqa.selenium.TimeoutException: Expected condition failed: waiting for com.test.Base.BaseTest$1@59217135
(tried for 15 seconds with 500 milliseconds interval)
Build info: version: '4.43.0', revision: 'dd0f534'
System info: os.name: 'Windows 11', os.arch: 'amd64', os.version: '10.0', java.version: '21.0.9'
Driver info: org.openqa.selenium.remote.RemoteWebDriver
Capabilities {acceptInsecureCerts: false, browserName: chrome, browserVersion: 147.0.7727.103, chrome: {chromedriverVersion: 147.0.7727.117 (474cc805edd..., userDataDir: C:\Users\chnag\AppData\Loca...}, fedcm:accounts: true, goog:chromeOptions: {debuggerAddress: localhost:61242}, goog:processID: 11572, networkConnectionEnabled: false, pageLoadStrategy: normal, platformName: Windows 11, proxy: Proxy(), se:bidiEnabled: false, se:cdp: ws://localhost:4444/session..., se:cdpVersion: 147.0.7727.103, setWindowRect: true, strictFileInteractability: false, timeouts: {implicit: 0, pageLoad: 300000, script: 30000}, unhandledPromptBehavior: dismiss and notify, webauthn:extension:credBlob: true, webauthn:extension:largeBlob: true, webauthn:extension:minPinLength: true, webauthn:extension:prf: true, webauthn:virtualAuthenticators: true}
Session ID: 3d4045e97f397beb96785ea91077632d
at org.openqa.selenium.support.ui.WebDriverWait.timeoutException(WebDriverWait.java:85)
at org.openqa.selenium.support.ui.FluentWait.until(FluentWait.java:234)
at com.test.Base.BaseTest.waitForPageLoadComplete(BaseTest.java:43)
at com.test.Base.BaseTest.setUp(BaseTest.java:37)
at java.base/jdk.internal.reflect.DirectMethodHandleAccessor.invoke(DirectMethodHandleAccessor.java:103)
at java.base/java.lang.reflect.Method.invoke(Method.java:580)
at org.testng.internal.invokers.MethodInvocationHelper.invokeMethod(MethodInvocationHelper.java:141)
at org.testng.internal.invokers.MethodInvocationHelper.invokeMethodConsideringTimeout(MethodInvocationHelper.java:71)
at org.testng.internal.invokers.ConfigInvoker.invokeConfigurationMethod(ConfigInvoker.java:400)
at org.testng.internal.invokers.ConfigInvoker.invokeConfigurations(ConfigInvoker.java:333)
at org.testng.internal.invokers.TestInvoker.runConfigMethods(TestInvoker.java:846)
at org.testng.internal.invokers.TestInvoker.invokeMethod(TestInvoker.java:611)
at org.testng.internal.invokers.TestInvoker.invokeTestMethod(TestInvoker.java:230)
at org.testng.internal.invokers.MethodRunner.runInSequence(MethodRunner.java:63)
at org.testng.internal.invokers.TestInvoker$MethodInvocationAgent.invoke(TestInvoker.java:1005)
at org.testng.internal.invokers.TestInvoker.invokeTestMethods(TestInvoker.java:203)
at org.testng.internal.invokers.TestMethodWorker.invokeTestMethods(TestMethodWorker.java:154)
at org.testng.internal.invokers.TestMethodWorker.run(TestMethodWorker.java:134)
at java.base/java.util.ArrayList.forEach(ArrayList.java:1596)
at org.testng.TestRunner.privateRun(TestRunner.java:744)
at org.testng.TestRunner.run(TestRunner.java:616)
at org.testng.SuiteRunner.runTest(SuiteRunner.java:421)
at org.testng.SuiteRunner$SuiteWorker.run(SuiteRunner.java:463)
at org.testng.internal.thread.ThreadUtil.lambda$execute$0(ThreadUtil.java:64)
at java.base/java.util.concurrent.FutureTask.run(FutureTask.java:317)
at java.base/java.util.concurrent.ThreadPoolExecutor.runWorker(ThreadPoolExecutor.java:1144)
at java.base/java.util.concurrent.ThreadPoolExecutor$Worker.run(ThreadPoolExecutor.java:642)
at java.base/java.lang.Thread.run(Thread.java:1583)
]]>
    </error>
  </testcase> <!-- setUp -->
  <testcase classname="com.test.TestCases.TestCases_3" name="testCase_012" time="56.273"/>
  <testcase classname="com.test.TestCases.TestCases_3" name="testCase_015" time="78.960"/>
  <testcase classname="com.test.TestCases.TestCases_3" name="setUp" time="108.427">
    <error message="Expected condition failed: waiting for com.test.Base.BaseTest$1@50681752
(tried for 15 seconds with 500 milliseconds interval)
Build info: version: &#039;4.43.0&#039;, revision: &#039;dd0f534&#039;
System info: os.name: &#039;Windows 11&#039;, os.arch: &#039;amd64&#039;, os.version: &#039;10.0&#039;, java.version: &#039;21.0.9&#039;
Driver info: org.openqa.selenium.remote.RemoteWebDriver
Capabilities {acceptInsecureCerts: false, browserName: MicrosoftEdge, browserVersion: 147.0.3912.72, fedcm:accounts: true, goog:processID: 17640, ms:edgeOptions: {debuggerAddress: localhost:52367}, msedge: {msedgedriverVersion: 147.0.3912.86 (3a0d90fcf938..., userDataDir: C:\Users\chnag\AppData\Loca...}, networkConnectionEnabled: false, pageLoadStrategy: normal, platformName: Windows 11, proxy: Proxy(), se:bidiEnabled: false, se:cdp: ws://localhost:4444/session..., se:cdpVersion: 147.0.3912.72, setWindowRect: true, strictFileInteractability: false, timeouts: {implicit: 0, pageLoad: 300000, script: 30000}, unhandledPromptBehavior: dismiss and notify, webauthn:extension:credBlob: true, webauthn:extension:largeBlob: true, webauthn:extension:minPinLength: true, webauthn:extension:prf: true, webauthn:virtualAuthenticators: true}
Session ID: 096f35fe619ca54b1601abcdd5965e0f" type="org.openqa.selenium.TimeoutException">
      <![CDATA[org.openqa.selenium.TimeoutException: Expected condition failed: waiting for com.test.Base.BaseTest$1@50681752
(tried for 15 seconds with 500 milliseconds interval)
Build info: version: '4.43.0', revision: 'dd0f534'
System info: os.name: 'Windows 11', os.arch: 'amd64', os.version: '10.0', java.version: '21.0.9'
Driver info: org.openqa.selenium.remote.RemoteWebDriver
Capabilities {acceptInsecureCerts: false, browserName: MicrosoftEdge, browserVersion: 147.0.3912.72, fedcm:accounts: true, goog:processID: 17640, ms:edgeOptions: {debuggerAddress: localhost:52367}, msedge: {msedgedriverVersion: 147.0.3912.86 (3a0d90fcf938..., userDataDir: C:\Users\chnag\AppData\Loca...}, networkConnectionEnabled: false, pageLoadStrategy: normal, platformName: Windows 11, proxy: Proxy(), se:bidiEnabled: false, se:cdp: ws://localhost:4444/session..., se:cdpVersion: 147.0.3912.72, setWindowRect: true, strictFileInteractability: false, timeouts: {implicit: 0, pageLoad: 300000, script: 30000}, unhandledPromptBehavior: dismiss and notify, webauthn:extension:credBlob: true, webauthn:extension:largeBlob: true, webauthn:extension:minPinLength: true, webauthn:extension:prf: true, webauthn:virtualAuthenticators: true}
Session ID: 096f35fe619ca54b1601abcdd5965e0f
at org.openqa.selenium.support.ui.WebDriverWait.timeoutException(WebDriverWait.java:85)
at org.openqa.selenium.support.ui.FluentWait.until(FluentWait.java:234)
at com.test.Base.BaseTest.waitForPageLoadComplete(BaseTest.java:43)
at com.test.Base.BaseTest.setUp(BaseTest.java:37)
at java.base/jdk.internal.reflect.DirectMethodHandleAccessor.invoke(DirectMethodHandleAccessor.java:103)
at java.base/java.lang.reflect.Method.invoke(Method.java:580)
at org.testng.internal.invokers.MethodInvocationHelper.invokeMethod(MethodInvocationHelper.java:141)
at org.testng.internal.invokers.MethodInvocationHelper.invokeMethodConsideringTimeout(MethodInvocationHelper.java:71)
at org.testng.internal.invokers.ConfigInvoker.invokeConfigurationMethod(ConfigInvoker.java:400)
at org.testng.internal.invokers.ConfigInvoker.invokeConfigurations(ConfigInvoker.java:333)
at org.testng.internal.invokers.TestInvoker.runConfigMethods(TestInvoker.java:846)
at org.testng.internal.invokers.TestInvoker.invokeMethod(TestInvoker.java:611)
at org.testng.internal.invokers.TestInvoker.invokeTestMethod(TestInvoker.java:230)
at org.testng.internal.invokers.MethodRunner.runInSequence(MethodRunner.java:63)
at org.testng.internal.invokers.TestInvoker$MethodInvocationAgent.invoke(TestInvoker.java:1005)
at org.testng.internal.invokers.TestInvoker.invokeTestMethods(TestInvoker.java:203)
at org.testng.internal.invokers.TestMethodWorker.invokeTestMethods(TestMethodWorker.java:154)
at org.testng.internal.invokers.TestMethodWorker.run(TestMethodWorker.java:134)
at java.base/java.util.ArrayList.forEach(ArrayList.java:1596)
at org.testng.TestRunner.privateRun(TestRunner.java:744)
at org.testng.TestRunner.run(TestRunner.java:616)
at org.testng.SuiteRunner.runTest(SuiteRunner.java:421)
at org.testng.SuiteRunner$SuiteWorker.run(SuiteRunner.java:463)
at org.testng.internal.thread.ThreadUtil.lambda$execute$0(ThreadUtil.java:64)
at java.base/java.util.concurrent.FutureTask.run(FutureTask.java:317)
at java.base/java.util.concurrent.ThreadPoolExecutor.runWorker(ThreadPoolExecutor.java:1144)
at java.base/java.util.concurrent.ThreadPoolExecutor$Worker.run(ThreadPoolExecutor.java:642)
at java.base/java.lang.Thread.run(Thread.java:1583)
]]>
    </error>
  </testcase> <!-- setUp -->
  <testcase classname="com.test.TestCases.TestCases_3" name="testCase_022" time="70.522"/>
  <testcase classname="com.test.TestCases.TestCases_3" name="testCase_025" time="68.078"/>
  <testcase classname="com.test.TestCases.TestCases_3" name="testCase_004" time="58.870"/>
  <testcase classname="com.test.TestCases.TestCases_3" name="testCase_006" time="52.855"/>
  <testcase classname="com.test.TestCases.TestCases_3" name="testCase_002" time="71.189"/>
  <testcase classname="com.test.TestCases.TestCases_3" name="testCase_023" time="60.387">
    <skipped/>
  </testcase> <!-- testCase_023 -->
  <testcase classname="com.test.TestCases.TestCases_3" name="testCase_011" time="80.816"/>
  <testcase classname="com.test.TestCases.TestCases_3" name="testCase_012" time="104.970"/>
  <testcase classname="com.test.TestCases.TestCases_3" name="testCase_001" time="64.510"/>
  <testcase classname="com.test.TestCases.TestCases_3" name="testCase_008" time="85.385"/>
  <testcase classname="com.test.TestCases.TestCases_3" name="testCase_016" time="93.274"/>
  <testcase classname="com.test.TestCases.TestCases_3" name="testCase_006" time="144.513"/>
  <testcase classname="com.test.TestCases.TestCases_3" name="testCase_009" time="93.475"/>
  <testcase classname="com.test.TestCases.TestCases_3" name="testCase_024" time="57.550">
    <skipped/>
  </testcase> <!-- testCase_024 -->
  <testcase classname="com.test.TestCases.TestCases_3" name="testCase_005" time="73.708"/>
  <testcase classname="com.test.TestCases.TestCases_3" name="testCase_010" time="86.466"/>
  <testcase classname="com.test.TestCases.TestCases_3" name="testCase_011" time="85.835"/>
  <testcase classname="com.test.TestCases.TestCases_3" name="testCase_014" time="66.507"/>
  <testcase classname="com.test.TestCases.TestCases_3" name="testCase_015" time="38.476"/>
  <testcase classname="com.test.TestCases.TestCases_3" name="testCase_003" time="133.033"/>
  <testcase classname="com.test.TestCases.TestCases_3" name="testCase_021" time="45.805"/>
  <testcase classname="com.test.TestCases.TestCases_3" name="testCase_012" time="51.200"/>
  <testcase classname="com.test.TestCases.TestCases_3" name="testCase_010" time="84.981"/>
  <testcase classname="com.test.TestCases.TestCases_3" name="testCase_020" time="62.796"/>
  <testcase classname="com.test.TestCases.TestCases_3" name="testCase_003" time="70.190"/>
  <testcase classname="com.test.TestCases.TestCases_3" name="testCase_021" time="100.393"/>
  <testcase classname="com.test.TestCases.TestCases_3" name="testCase_017" time="41.016">
    <skipped/>
  </testcase> <!-- testCase_017 -->
  <testcase classname="com.test.TestCases.TestCases_3" name="testCase_009" time="47.374"/>
  <testcase classname="com.test.TestCases.TestCases_3" name="testCase_013" time="85.884"/>
  <testcase classname="com.test.TestCases.TestCases_3" name="testCase_019" time="9.888">
    <skipped/>
  </testcase> <!-- testCase_019 -->
  <testcase classname="com.test.TestCases.TestCases_3" name="testCase_025" time="2.939">
    <skipped/>
  </testcase> <!-- testCase_025 -->
  <testcase classname="com.test.TestCases.TestCases_3" name="setUp" time="30.617">
    <error message="Expected condition failed: waiting for com.test.Base.BaseTest$1@5557960f
(tried for 15 seconds with 500 milliseconds interval)
Build info: version: &#039;4.43.0&#039;, revision: &#039;dd0f534&#039;
System info: os.name: &#039;Windows 11&#039;, os.arch: &#039;amd64&#039;, os.version: &#039;10.0&#039;, java.version: &#039;21.0.9&#039;
Driver info: org.openqa.selenium.remote.RemoteWebDriver
Capabilities {acceptInsecureCerts: false, browserName: MicrosoftEdge, browserVersion: 147.0.3912.72, fedcm:accounts: true, goog:processID: 8732, ms:edgeOptions: {debuggerAddress: localhost:53290}, msedge: {msedgedriverVersion: 147.0.3912.86 (3a0d90fcf938..., userDataDir: C:\Users\chnag\AppData\Loca...}, networkConnectionEnabled: false, pageLoadStrategy: normal, platformName: Windows 11, proxy: Proxy(), se:bidiEnabled: false, se:cdp: ws://localhost:4444/session..., se:cdpVersion: 147.0.3912.72, setWindowRect: true, strictFileInteractability: false, timeouts: {implicit: 0, pageLoad: 300000, script: 30000}, unhandledPromptBehavior: dismiss and notify, webauthn:extension:credBlob: true, webauthn:extension:largeBlob: true, webauthn:extension:minPinLength: true, webauthn:extension:prf: true, webauthn:virtualAuthenticators: true}
Session ID: e292369e16025310240baf0d59399959" type="org.openqa.selenium.TimeoutException">
      <![CDATA[org.openqa.selenium.TimeoutException: Expected condition failed: waiting for com.test.Base.BaseTest$1@5557960f
(tried for 15 seconds with 500 milliseconds interval)
Build info: version: '4.43.0', revision: 'dd0f534'
System info: os.name: 'Windows 11', os.arch: 'amd64', os.version: '10.0', java.version: '21.0.9'
Driver info: org.openqa.selenium.remote.RemoteWebDriver
Capabilities {acceptInsecureCerts: false, browserName: MicrosoftEdge, browserVersion: 147.0.3912.72, fedcm:accounts: true, goog:processID: 8732, ms:edgeOptions: {debuggerAddress: localhost:53290}, msedge: {msedgedriverVersion: 147.0.3912.86 (3a0d90fcf938..., userDataDir: C:\Users\chnag\AppData\Loca...}, networkConnectionEnabled: false, pageLoadStrategy: normal, platformName: Windows 11, proxy: Proxy(), se:bidiEnabled: false, se:cdp: ws://localhost:4444/session..., se:cdpVersion: 147.0.3912.72, setWindowRect: true, strictFileInteractability: false, timeouts: {implicit: 0, pageLoad: 300000, script: 30000}, unhandledPromptBehavior: dismiss and notify, webauthn:extension:credBlob: true, webauthn:extension:largeBlob: true, webauthn:extension:minPinLength: true, webauthn:extension:prf: true, webauthn:virtualAuthenticators: true}
Session ID: e292369e16025310240baf0d59399959
at org.openqa.selenium.support.ui.WebDriverWait.timeoutException(WebDriverWait.java:85)
at org.openqa.selenium.support.ui.FluentWait.until(FluentWait.java:234)
at com.test.Base.BaseTest.waitForPageLoadComplete(BaseTest.java:43)
at com.test.Base.BaseTest.setUp(BaseTest.java:37)
at java.base/jdk.internal.reflect.DirectMethodHandleAccessor.invoke(DirectMethodHandleAccessor.java:103)
at java.base/java.lang.reflect.Method.invoke(Method.java:580)
at org.testng.internal.invokers.MethodInvocationHelper.invokeMethod(MethodInvocationHelper.java:141)
at org.testng.internal.invokers.MethodInvocationHelper.invokeMethodConsideringTimeout(MethodInvocationHelper.java:71)
at org.testng.internal.invokers.ConfigInvoker.invokeConfigurationMethod(ConfigInvoker.java:400)
at org.testng.internal.invokers.ConfigInvoker.invokeConfigurations(ConfigInvoker.java:333)
at org.testng.internal.invokers.TestInvoker.runConfigMethods(TestInvoker.java:846)
at org.testng.internal.invokers.TestInvoker.invokeMethod(TestInvoker.java:611)
at org.testng.internal.invokers.TestInvoker.invokeTestMethod(TestInvoker.java:230)
at org.testng.internal.invokers.MethodRunner.runInSequence(MethodRunner.java:63)
at org.testng.internal.invokers.TestInvoker$MethodInvocationAgent.invoke(TestInvoker.java:1005)
at org.testng.internal.invokers.TestInvoker.invokeTestMethods(TestInvoker.java:203)
at org.testng.internal.invokers.TestMethodWorker.invokeTestMethods(TestMethodWorker.java:154)
at org.testng.internal.invokers.TestMethodWorker.run(TestMethodWorker.java:134)
at java.base/java.util.ArrayList.forEach(ArrayList.java:1596)
at org.testng.TestRunner.privateRun(TestRunner.java:744)
at org.testng.TestRunner.run(TestRunner.java:616)
at org.testng.SuiteRunner.runTest(SuiteRunner.java:421)
at org.testng.SuiteRunner$SuiteWorker.run(SuiteRunner.java:463)
at org.testng.internal.thread.ThreadUtil.lambda$execute$0(ThreadUtil.java:64)
at java.base/java.util.concurrent.FutureTask.run(FutureTask.java:317)
at java.base/java.util.concurrent.ThreadPoolExecutor.runWorker(ThreadPoolExecutor.java:1144)
at java.base/java.util.concurrent.ThreadPoolExecutor$Worker.run(ThreadPoolExecutor.java:642)
at java.base/java.lang.Thread.run(Thread.java:1583)
]]>
    </error>
  </testcase> <!-- setUp -->
  <testcase classname="com.test.TestCases.TestCases_3" name="testCase_009" time="50.103"/>
  <testcase classname="com.test.TestCases.TestCases_3" name="testCase_016" time="28.448"/>
  <testcase classname="com.test.TestCases.TestCases_3" name="testCase_001" time="63.461"/>
  <testcase classname="com.test.TestCases.TestCases_3" name="testCase_002" time="71.834"/>
  <testcase classname="com.test.TestCases.TestCases_3" name="testCase_018" time="65.488"/>
  <testcase classname="com.test.TestCases.TestCases_3" name="testCase_008" time="92.596"/>
  <testcase classname="com.test.TestCases.TestCases_3" name="testCase_020" time="79.438"/>
  <testcase classname="com.test.TestCases.TestCases_3" name="testCase_018" time="21.606"/>
  <testcase classname="com.test.TestCases.TestCases_3" name="testCase_007" time="39.410"/>
  <testcase classname="com.test.TestCases.TestCases_3" name="testCase_004" time="24.210"/>
</testsuite> <!-- com.test.TestCases.TestCases_3 -->
