<?xml version="1.0" encoding="UTF-8"?>
<!-- Generated by org.testng.reporters.JUnitReportReporter -->
<testsuite hostname="BUDDI_DESKTOP" failures="0" tests="19" name="com.test.TestCases.TestCases_1" time="3552.165" errors="1" timestamp="2026-04-29T07:59:18 IST" skipped="4">
  <testcase classname="com.test.TestCases.TestCases_1" name="verifySignupWithExistingEmail" time="100.260">
    <skipped/>
  </testcase> <!-- verifySignupWithExistingEmail -->
  <testcase classname="com.test.TestCases.TestCases_1" name="verifySignupWithExistingEmail" time="77.266"/>
  <testcase classname="com.test.TestCases.TestCases_1" name="setUp" time="244.039">
    <error message="Failed to create WebDriver" type="java.lang.RuntimeException">
      <![CDATA[java.lang.RuntimeException: Failed to create WebDriver
at com.test.Base.DriverFactory.createDriver(DriverFactory.java:41)
at com.test.Base.BaseTest.setUp(BaseTest.java:23)
at java.base/jdk.internal.reflect.DirectMethodHandleAccessor.invoke(DirectMethodHandleAccessor.java:103)
at java.base/java.lang.reflect.Method.invoke(Method.java:580)
at org.testng.internal.invokers.MethodInvocationHelper.invokeMethod(MethodInvocationHelper.java:141)
at org.testng.internal.invokers.MethodInvocationHelper.invokeMethodConsideringTimeout(MethodInvocationHelper.java:71)
at org.testng.internal.invokers.ConfigInvoker.invokeConfigurationMethod(ConfigInvoker.java:400)
at org.testng.internal.invokers.ConfigInvoker.invokeConfigurations(ConfigInvoker.java:333)
at org.testng.internal.invokers.TestInvoker.runConfigMethods(TestInvoker.java:846)
at org.testng.internal.invokers.TestInvoker.invokeMethod(TestInvoker.java:611)
at org.testng.internal.invokers.TestInvoker.invokeTestMethod(TestInvoker.java:230)
at org.testng.internal.invokers.TestMethodWithDataProviderMethodWorker.call(TestMethodWithDataProviderMethodWorker.java:81)
at org.testng.internal.thread.Async$AsyncTask.run(Async.java:34)
at java.base/java.util.concurrent.ThreadPoolExecutor.runWorker(ThreadPoolExecutor.java:1144)
at java.base/java.util.concurrent.ThreadPoolExecutor$Worker.run(ThreadPoolExecutor.java:642)
at java.base/java.lang.Thread.run(Thread.java:1583)
Caused by: org.openqa.selenium.SessionNotCreatedException: Could not start a new session. Response code 500. Message: Failed to read marionette port 
Host info: host: 'BUDDI_DESKTOP', ip: '192.168.1.37'
Build info: version: '4.43.0', revision: 'dd0f534'
System info: os.name: 'Windows 11', os.arch: 'amd64', os.version: '10.0', java.version: '21.0.9'
Driver info: org.openqa.selenium.firefox.FirefoxDriver
Command: [null, newSession {capabilities=[Capabilities {acceptInsecureCerts: true, browserName: firefox, moz:firefoxOptions: {args: [-headless], prefs: {remote.active-protocols: 1}}}]}]
at org.openqa.selenium.remote.ProtocolHandshake.createSession(ProtocolHandshake.java:114)
at org.openqa.selenium.remote.ProtocolHandshake.createSession(ProtocolHandshake.java:75)
at org.openqa.selenium.remote.ProtocolHandshake.createSession(ProtocolHandshake.java:61)
at org.openqa.selenium.remote.HttpCommandExecutor.execute(HttpCommandExecutor.java:195)
at org.openqa.selenium.remote.service.DriverCommandExecutor.invokeExecute(DriverCommandExecutor.java:216)
at org.openqa.selenium.remote.service.DriverCommandExecutor.execute(DriverCommandExecutor.java:174)
at org.openqa.selenium.remote.RemoteWebDriver.execute(RemoteWebDriver.java:606)
at org.openqa.selenium.remote.RemoteWebDriver.startSession(RemoteWebDriver.java:290)
at org.openqa.selenium.remote.RemoteWebDriver.<init>(RemoteWebDriver.java:213)
at org.openqa.selenium.firefox.FirefoxDriver.<init>(FirefoxDriver.java:137)
at org.openqa.selenium.firefox.FirefoxDriver.<init>(FirefoxDriver.java:118)
at org.openqa.selenium.firefox.FirefoxDriver.<init>(FirefoxDriver.java:98)
at org.openqa.selenium.firefox.FirefoxDriver.<init>(FirefoxDriver.java:94)
at com.test.Base.DriverFactory.createLocalDriver(DriverFactory.java:55)
at com.test.Base.DriverFactory.createDriver(DriverFactory.java:36)
... 15 more
]]>
    </error>
  </testcase> <!-- setUp -->
  <testcase classname="com.test.TestCases.TestCases_1" name="verifyLoginWithInvalidCredentials" time="319.538"/>
  <testcase classname="com.test.TestCases.TestCases_1" name="verifyLoginWithInvalidCredentials" time="99.065">
    <skipped/>
  </testcase> <!-- verifyLoginWithInvalidCredentials -->
  <testcase classname="com.test.TestCases.TestCases_1" name="verifyLoginWithInvalidCredentials" time="152.862"/>
  <testcase classname="com.test.TestCases.TestCases_1" name="verifySignupWithExistingEmail" time="154.259"/>
  <testcase classname="com.test.TestCases.TestCases_1" name="verifyLoginWithInvalidCredentials" time="191.655"/>
  <testcase classname="com.test.TestCases.TestCases_1" name="verifySignupWithExistingEmail" time="30.127">
    <skipped/>
  </testcase> <!-- verifySignupWithExistingEmail -->
  <testcase classname="com.test.TestCases.TestCases_1" name="verifySignupWithExistingEmail" time="0.000">
    <skipped/>
  </testcase> <!-- verifySignupWithExistingEmail -->
  <testcase classname="com.test.TestCases.TestCases_1" name="verifyLoginWithInvalidCredentials" time="313.283"/>
  <testcase classname="com.test.TestCases.TestCases_1" name="verifySignupWithExistingEmail" time="222.977"/>
  <testcase classname="com.test.TestCases.TestCases_1" name="verifyLoginWithInvalidCredentials" time="299.776"/>
  <testcase classname="com.test.TestCases.TestCases_1" name="verifyLoginWithInvalidCredentials" time="290.858"/>
  <testcase classname="com.test.TestCases.TestCases_1" name="verifySignupWithExistingEmail" time="160.036"/>
  <testcase classname="com.test.TestCases.TestCases_1" name="verifySignupWithExistingEmail" time="195.500"/>
  <testcase classname="com.test.TestCases.TestCases_1" name="verifySignupWithExistingEmail" time="154.562"/>
  <testcase classname="com.test.TestCases.TestCases_1" name="verifyLoginWithInvalidCredentials" time="334.752"/>
  <testcase classname="com.test.TestCases.TestCases_1" name="verifyLoginWithInvalidCredentials" time="211.350"/>
</testsuite> <!-- com.test.TestCases.TestCases_1 -->
