<?xml version="1.0" encoding="UTF-8"?>
<!-- Generated by org.testng.reporters.JUnitReportReporter -->
<testsuite hostname="BUDDI_DESKTOP" failures="0" tests="77" name="com.test.TestCases.TestCases_4" time="5063.548" errors="3" timestamp="2026-04-25T21:14:20 IST" skipped="17">
  <testcase classname="com.test.TestCases.TestCases_4" name="testCase_022" time="144.931"/>
  <testcase classname="com.test.TestCases.TestCases_4" name="testCase_003" time="100.327"/>
  <testcase classname="com.test.TestCases.TestCases_4" name="testCase_023" time="78.472"/>
  <testcase classname="com.test.TestCases.TestCases_4" name="testCase_020" time="48.967"/>
  <testcase classname="com.test.TestCases.TestCases_4" name="testCase_004" time="54.281">
    <error message="element click intercepted: Element &lt;button type=&quot;submit&quot; data-qa=&quot;signup-button&quot; class=&quot;btn btn-default&quot;&gt;...&lt;/button&gt; is not clickable at point (822, 420). Other element would receive the click: &lt;iframe id=&quot;aswift_2&quot; name=&quot;aswift_2&quot; style=&quot;min-height: auto !important; max-height: none !important; min-width: auto !important; max-width: none !important; width: 100vw !important; height: 100vh !important; inset: 0px auto auto 0px !important; position: absolute !important; clear: none !important; display: inline !important; float: none !important; margin: 0px !important; opacity: 1 !important; overflow: visible !important; padding: 0px !important; vertical-align: baseline !important; visibility: visible !important; z-index: auto !important;&quot; sandbox=&quot;allow-forms allow-popups allow-popups-to-escape-sandbox allow-same-origin allow-scripts allow-top-navigation-by-user-activation&quot; width=&quot;&quot; height=&quot;&quot; frameborder=&quot;0&quot; marginwidth=&quot;0&quot; marginheight=&quot;0&quot; vspace=&quot;0&quot; hspace=&quot;0&quot; allowtransparency=&quot;true&quot; scrolling=&quot;no&quot; allow=&quot;attribution-reporting; run-ad-auction&quot; src=&quot;https://googleads.g.doubleclick.net/pagead/html/r20260423/r20190131/zrt_lookup_fy2021.html#RS-0-&amp;amp;adk=1812271808&amp;amp;client=ca-pub-1677597403311019&amp;amp;fa=8&amp;amp;ifi=3&amp;amp;uci=a!3&quot; data-google-container-id=&quot;a!3&quot; tabindex=&quot;0&quot; title=&quot;Advertisement&quot; aria-label=&quot;Advertisement&quot; data-google-query-id=&quot;CI3J7LqmiZQDFbgxewcdzNMwdg&quot; data-load-complete=&quot;true&quot;&gt;&lt;/iframe&gt;
  (Session info: chrome=147.0.7727.103)
Build info: version: &#039;4.43.0&#039;, revision: &#039;dd0f534&#039;
System info: os.name: &#039;Windows 11&#039;, os.arch: &#039;amd64&#039;, os.version: &#039;10.0&#039;, java.version: &#039;21.0.9&#039;
Driver info: org.openqa.selenium.remote.RemoteWebDriver
Command: [5e3ac27bcc228da0faa1570f342033b4, clickElement {id=f.D85BC4C9E4A0BA9BFB9D5C6457F7F8C4.d.C45B63320F75D42767B963301EB614AE.e.82}]
Capabilities {acceptInsecureCerts: false, browserName: chrome, browserVersion: 147.0.7727.103, chrome: {chromedriverVersion: 147.0.7727.117 (474cc805edd..., userDataDir: C:\Users\chnag\AppData\Loca...}, fedcm:accounts: true, goog:chromeOptions: {debuggerAddress: localhost:58384}, goog:processID: 4460, networkConnectionEnabled: false, pageLoadStrategy: normal, platformName: Windows 11, proxy: Proxy(), se:bidiEnabled: false, se:cdp: ws://localhost:4444/session..., se:cdpVersion: 147.0.7727.103, setWindowRect: true, strictFileInteractability: false, timeouts: {implicit: 0, pageLoad: 300000, script: 30000}, unhandledPromptBehavior: dismiss and notify, webauthn:extension:credBlob: true, webauthn:extension:largeBlob: true, webauthn:extension:minPinLength: true, webauthn:extension:prf: true, webauthn:virtualAuthenticators: true}
Element: [[RemoteWebDriver: chrome on Windows 11 (5e3ac27bcc228da0faa1570f342033b4)] -&gt; xpath: //button[normalize-space()=&#039;Signup&#039;]]
Session ID: 5e3ac27bcc228da0faa1570f342033b4" type="org.openqa.selenium.ElementClickInterceptedException">
      <![CDATA[org.openqa.selenium.ElementClickInterceptedException: element click intercepted: Element <button type="submit" data-qa="signup-button" class="btn btn-default">...</button> is not clickable at point (822, 420). Other element would receive the click: <iframe id="aswift_2" name="aswift_2" style="min-height: auto !important; max-height: none !important; min-width: auto !important; max-width: none !important; width: 100vw !important; height: 100vh !important; inset: 0px auto auto 0px !important; position: absolute !important; clear: none !important; display: inline !important; float: none !important; margin: 0px !important; opacity: 1 !important; overflow: visible !important; padding: 0px !important; vertical-align: baseline !important; visibility: visible !important; z-index: auto !important;" sandbox="allow-forms allow-popups allow-popups-to-escape-sandbox allow-same-origin allow-scripts allow-top-navigation-by-user-activation" width="" height="" frameborder="0" marginwidth="0" marginheight="0" vspace="0" hspace="0" allowtransparency="true" scrolling="no" allow="attribution-reporting; run-ad-auction" src="https://googleads.g.doubleclick.net/pagead/html/r20260423/r20190131/zrt_lookup_fy2021.html#RS-0-&amp;adk=1812271808&amp;client=ca-pub-1677597403311019&amp;fa=8&amp;ifi=3&amp;uci=a!3" data-google-container-id="a!3" tabindex="0" title="Advertisement" aria-label="Advertisement" data-google-query-id="CI3J7LqmiZQDFbgxewcdzNMwdg" data-load-complete="true"></iframe>
  (Session info: chrome=147.0.7727.103)
Build info: version: '4.43.0', revision: 'dd0f534'
System info: os.name: 'Windows 11', os.arch: 'amd64', os.version: '10.0', java.version: '21.0.9'
Driver info: org.openqa.selenium.remote.RemoteWebDriver
Command: [5e3ac27bcc228da0faa1570f342033b4, clickElement {id=f.D85BC4C9E4A0BA9BFB9D5C6457F7F8C4.d.C45B63320F75D42767B963301EB614AE.e.82}]
Capabilities {acceptInsecureCerts: false, browserName: chrome, browserVersion: 147.0.7727.103, chrome: {chromedriverVersion: 147.0.7727.117 (474cc805edd..., userDataDir: C:\Users\chnag\AppData\Loca...}, fedcm:accounts: true, goog:chromeOptions: {debuggerAddress: localhost:58384}, goog:processID: 4460, networkConnectionEnabled: false, pageLoadStrategy: normal, platformName: Windows 11, proxy: Proxy(), se:bidiEnabled: false, se:cdp: ws://localhost:4444/session..., se:cdpVersion: 147.0.7727.103, setWindowRect: true, strictFileInteractability: false, timeouts: {implicit: 0, pageLoad: 300000, script: 30000}, unhandledPromptBehavior: dismiss and notify, webauthn:extension:credBlob: true, webauthn:extension:largeBlob: true, webauthn:extension:minPinLength: true, webauthn:extension:prf: true, webauthn:virtualAuthenticators: true}
Element: [[RemoteWebDriver: chrome on Windows 11 (5e3ac27bcc228da0faa1570f342033b4)] -> xpath: //button[normalize-space()='Signup']]
Session ID: 5e3ac27bcc228da0faa1570f342033b4
at org.openqa.selenium.remote.ErrorCodec.decode(ErrorCodec.java:169)
at org.openqa.selenium.remote.codec.w3c.W3CHttpResponseCodec.decode(W3CHttpResponseCodec.java:142)
at org.openqa.selenium.remote.codec.w3c.W3CHttpResponseCodec.decode(W3CHttpResponseCodec.java:49)
at org.openqa.selenium.remote.HttpCommandExecutor.execute(HttpCommandExecutor.java:223)
at org.openqa.selenium.remote.TracedCommandExecutor.execute(TracedCommandExecutor.java:53)
at org.openqa.selenium.remote.RemoteWebDriver.execute(RemoteWebDriver.java:606)
at org.openqa.selenium.remote.RemoteWebElement.execute(RemoteWebElement.java:223)
at org.openqa.selenium.remote.RemoteWebElement.click(RemoteWebElement.java:76)
at com.test.Utilities.GenericMethods.clickOn(GenericMethods.java:37)
at com.test.Pages.SignUpOrLogin_Page.click_signUpSection_SignUp_Button(SignUpOrLogin_Page.java:88)
at com.test.Pages.SignUpOrLogin_Page.initiateSignUp(SignUpOrLogin_Page.java:95)
at com.test.TestCases.TestCases_4.testCase_004(TestCases_4.java:62)
at java.base/jdk.internal.reflect.DirectMethodHandleAccessor.invoke(DirectMethodHandleAccessor.java:103)
at java.base/java.lang.reflect.Method.invoke(Method.java:580)
at org.testng.internal.invokers.MethodInvocationHelper.invokeMethod(MethodInvocationHelper.java:141)
at org.testng.internal.invokers.TestInvoker.invokeMethod(TestInvoker.java:697)
at org.testng.internal.invokers.TestInvoker.invokeTestMethod(TestInvoker.java:230)
at org.testng.internal.invokers.MethodRunner.runInSequence(MethodRunner.java:63)
at org.testng.internal.invokers.TestInvoker$MethodInvocationAgent.invoke(TestInvoker.java:1005)
at org.testng.internal.invokers.TestInvoker.invokeTestMethods(TestInvoker.java:203)
at org.testng.internal.invokers.TestMethodWorker.invokeTestMethods(TestMethodWorker.java:154)
at org.testng.internal.invokers.TestMethodWorker.run(TestMethodWorker.java:134)
at java.base/java.util.ArrayList.forEach(ArrayList.java:1596)
at org.testng.TestRunner.privateRun(TestRunner.java:744)
at org.testng.TestRunner.run(TestRunner.java:616)
at org.testng.SuiteRunner.runTest(SuiteRunner.java:421)
at org.testng.SuiteRunner$SuiteWorker.run(SuiteRunner.java:463)
at org.testng.internal.thread.ThreadUtil.lambda$execute$0(ThreadUtil.java:64)
at java.base/java.util.concurrent.FutureTask.run(FutureTask.java:317)
at java.base/java.util.concurrent.ThreadPoolExecutor.runWorker(ThreadPoolExecutor.java:1144)
at java.base/java.util.concurrent.ThreadPoolExecutor$Worker.run(ThreadPoolExecutor.java:642)
at java.base/java.lang.Thread.run(Thread.java:1583)
]]>
    </error>
  </testcase> <!-- testCase_004 -->
  <testcase classname="com.test.TestCases.TestCases_4" name="testCase_010" time="119.353"/>
  <testcase classname="com.test.TestCases.TestCases_4" name="testCase_011" time="34.888">
    <skipped/>
  </testcase> <!-- testCase_011 -->
  <testcase classname="com.test.TestCases.TestCases_4" name="testCase_025" time="34.391"/>
  <testcase classname="com.test.TestCases.TestCases_4" name="testCase_003" time="96.573"/>
  <testcase classname="com.test.TestCases.TestCases_4" name="testCase_007" time="97.875"/>
  <testcase classname="com.test.TestCases.TestCases_4" name="testCase_009" time="66.514"/>
  <testcase classname="com.test.TestCases.TestCases_4" name="testCase_019" time="85.883"/>
  <testcase classname="com.test.TestCases.TestCases_4" name="testCase_014" time="61.915"/>
  <testcase classname="com.test.TestCases.TestCases_4" name="testCase_021" time="54.232"/>
  <testcase classname="com.test.TestCases.TestCases_4" name="testCase_005" time="58.096"/>
  <testcase classname="com.test.TestCases.TestCases_4" name="testCase_002" time="107.036"/>
  <testcase classname="com.test.TestCases.TestCases_4" name="testCase_008" time="45.364"/>
  <testcase classname="com.test.TestCases.TestCases_4" name="testCase_017" time="74.987"/>
  <testcase classname="com.test.TestCases.TestCases_4" name="testCase_022" time="68.988"/>
  <testcase classname="com.test.TestCases.TestCases_4" name="testCase_016" time="44.233">
    <skipped/>
  </testcase> <!-- testCase_016 -->
  <testcase classname="com.test.TestCases.TestCases_4" name="testCase_010" time="75.115">
    <skipped/>
  </testcase> <!-- testCase_010 -->
  <testcase classname="com.test.TestCases.TestCases_4" name="testCase_015" time="46.116"/>
  <testcase classname="com.test.TestCases.TestCases_4" name="testCase_001" time="85.610"/>
  <testcase classname="com.test.TestCases.TestCases_4" name="testCase_021" time="80.914">
    <skipped/>
  </testcase> <!-- testCase_021 -->
  <testcase classname="com.test.TestCases.TestCases_4" name="testCase_013" time="40.416"/>
  <testcase classname="com.test.TestCases.TestCases_4" name="testCase_015" time="82.071">
    <skipped/>
  </testcase> <!-- testCase_015 -->
  <testcase classname="com.test.TestCases.TestCases_4" name="testCase_017" time="72.486"/>
  <testcase classname="com.test.TestCases.TestCases_4" name="testCase_022" time="37.811">
    <skipped/>
  </testcase> <!-- testCase_022 -->
  <testcase classname="com.test.TestCases.TestCases_4" name="testCase_008" time="58.007"/>
  <testcase classname="com.test.TestCases.TestCases_4" name="testCase_024" time="77.264"/>
  <testcase classname="com.test.TestCases.TestCases_4" name="testCase_016" time="43.147"/>
  <testcase classname="com.test.TestCases.TestCases_4" name="testCase_024" time="73.897"/>
  <testcase classname="com.test.TestCases.TestCases_4" name="testCase_019" time="48.931"/>
  <testcase classname="com.test.TestCases.TestCases_4" name="testCase_002" time="84.497"/>
  <testcase classname="com.test.TestCases.TestCases_4" name="testCase_021" time="60.842"/>
  <testcase classname="com.test.TestCases.TestCases_4" name="testCase_014" time="79.157">
    <skipped/>
  </testcase> <!-- testCase_014 -->
  <testcase classname="com.test.TestCases.TestCases_4" name="testCase_008" time="73.745"/>
  <testcase classname="com.test.TestCases.TestCases_4" name="testCase_018" time="72.687"/>
  <testcase classname="com.test.TestCases.TestCases_4" name="testCase_010" time="45.738"/>
  <testcase classname="com.test.TestCases.TestCases_4" name="testCase_014" time="69.717"/>
  <testcase classname="com.test.TestCases.TestCases_4" name="testCase_001" time="83.788"/>
  <testcase classname="com.test.TestCases.TestCases_4" name="testCase_012" time="39.122"/>
  <testcase classname="com.test.TestCases.TestCases_4" name="testCase_004" time="74.966"/>
  <testcase classname="com.test.TestCases.TestCases_4" name="testCase_024" time="104.967">
    <skipped/>
  </testcase> <!-- testCase_024 -->
  <testcase classname="com.test.TestCases.TestCases_4" name="testCase_005" time="53.920"/>
  <testcase classname="com.test.TestCases.TestCases_4" name="testCase_023" time="31.899"/>
  <testcase classname="com.test.TestCases.TestCases_4" name="testCase_009" time="63.599"/>
  <testcase classname="com.test.TestCases.TestCases_4" name="testCase_025" time="54.197">
    <skipped/>
  </testcase> <!-- testCase_025 -->
  <testcase classname="com.test.TestCases.TestCases_4" name="testCase_003" time="60.609"/>
  <testcase classname="com.test.TestCases.TestCases_4" name="testCase_023" time="67.179">
    <skipped/>
  </testcase> <!-- testCase_023 -->
  <testcase classname="com.test.TestCases.TestCases_4" name="testCase_013" time="94.654"/>
  <testcase classname="com.test.TestCases.TestCases_4" name="testCase_016" time="99.457"/>
  <testcase classname="com.test.TestCases.TestCases_4" name="testCase_009" time="37.207">
    <skipped/>
  </testcase> <!-- testCase_009 -->
  <testcase classname="com.test.TestCases.TestCases_4" name="testCase_006" time="124.401"/>
  <testcase classname="com.test.TestCases.TestCases_4" name="testCase_015" time="31.246"/>
  <testcase classname="com.test.TestCases.TestCases_4" name="testCase_013" time="81.848">
    <skipped/>
  </testcase> <!-- testCase_013 -->
  <testcase classname="com.test.TestCases.TestCases_4" name="testCase_011" time="72.771"/>
  <testcase classname="com.test.TestCases.TestCases_4" name="testCase_012" time="26.535">
    <skipped/>
  </testcase> <!-- testCase_012 -->
  <testcase classname="com.test.TestCases.TestCases_4" name="setUp" time="57.188">
    <error message="Expected condition failed: waiting for com.test.Base.BaseTest$1@7d97f656
(tried for 15 seconds with 500 milliseconds interval)
Build info: version: &#039;4.43.0&#039;, revision: &#039;dd0f534&#039;
System info: os.name: &#039;Windows 11&#039;, os.arch: &#039;amd64&#039;, os.version: &#039;10.0&#039;, java.version: &#039;21.0.9&#039;
Driver info: org.openqa.selenium.remote.RemoteWebDriver
Capabilities {acceptInsecureCerts: false, browserName: chrome, browserVersion: 147.0.7727.103, chrome: {chromedriverVersion: 147.0.7727.117 (474cc805edd..., userDataDir: C:\Users\chnag\AppData\Loca...}, fedcm:accounts: true, goog:chromeOptions: {debuggerAddress: localhost:57500}, goog:processID: 15504, networkConnectionEnabled: false, pageLoadStrategy: normal, platformName: Windows 11, proxy: Proxy(), se:bidiEnabled: false, se:cdp: ws://localhost:4444/session..., se:cdpVersion: 147.0.7727.103, setWindowRect: true, strictFileInteractability: false, timeouts: {implicit: 0, pageLoad: 300000, script: 30000}, unhandledPromptBehavior: dismiss and notify, webauthn:extension:credBlob: true, webauthn:extension:largeBlob: true, webauthn:extension:minPinLength: true, webauthn:extension:prf: true, webauthn:virtualAuthenticators: true}
Session ID: e04be4323ed16008c6e2f514e0d5aea8" type="org.openqa.selenium.TimeoutException">
      <![CDATA[org.openqa.selenium.TimeoutException: Expected condition failed: waiting for com.test.Base.BaseTest$1@7d97f656
(tried for 15 seconds with 500 milliseconds interval)
Build info: version: '4.43.0', revision: 'dd0f534'
System info: os.name: 'Windows 11', os.arch: 'amd64', os.version: '10.0', java.version: '21.0.9'
Driver info: org.openqa.selenium.remote.RemoteWebDriver
Capabilities {acceptInsecureCerts: false, browserName: chrome, browserVersion: 147.0.7727.103, chrome: {chromedriverVersion: 147.0.7727.117 (474cc805edd..., userDataDir: C:\Users\chnag\AppData\Loca...}, fedcm:accounts: true, goog:chromeOptions: {debuggerAddress: localhost:57500}, goog:processID: 15504, networkConnectionEnabled: false, pageLoadStrategy: normal, platformName: Windows 11, proxy: Proxy(), se:bidiEnabled: false, se:cdp: ws://localhost:4444/session..., se:cdpVersion: 147.0.7727.103, setWindowRect: true, strictFileInteractability: false, timeouts: {implicit: 0, pageLoad: 300000, script: 30000}, unhandledPromptBehavior: dismiss and notify, webauthn:extension:credBlob: true, webauthn:extension:largeBlob: true, webauthn:extension:minPinLength: true, webauthn:extension:prf: true, webauthn:virtualAuthenticators: true}
Session ID: e04be4323ed16008c6e2f514e0d5aea8
at org.openqa.selenium.support.ui.WebDriverWait.timeoutException(WebDriverWait.java:85)
at org.openqa.selenium.support.ui.FluentWait.until(FluentWait.java:234)
at com.test.Base.BaseTest.waitForPageLoadComplete(BaseTest.java:43)
at com.test.Base.BaseTest.setUp(BaseTest.java:37)
at java.base/jdk.internal.reflect.DirectMethodHandleAccessor.invoke(DirectMethodHandleAccessor.java:103)
at java.base/java.lang.reflect.Method.invoke(Method.java:580)
at org.testng.internal.invokers.MethodInvocationHelper.invokeMethod(MethodInvocationHelper.java:141)
at org.testng.internal.invokers.MethodInvocationHelper.invokeMethodConsideringTimeout(MethodInvocationHelper.java:71)
at org.testng.internal.invokers.ConfigInvoker.invokeConfigurationMethod(ConfigInvoker.java:400)
at org.testng.internal.invokers.ConfigInvoker.invokeConfigurations(ConfigInvoker.java:333)
at org.testng.internal.invokers.TestInvoker.runConfigMethods(TestInvoker.java:846)
at org.testng.internal.invokers.TestInvoker.invokeMethod(TestInvoker.java:611)
at org.testng.internal.invokers.TestInvoker.invokeTestMethod(TestInvoker.java:230)
at org.testng.internal.invokers.MethodRunner.runInSequence(MethodRunner.java:63)
at org.testng.internal.invokers.TestInvoker$MethodInvocationAgent.invoke(TestInvoker.java:1005)
at org.testng.internal.invokers.TestInvoker.invokeTestMethods(TestInvoker.java:203)
at org.testng.internal.invokers.TestMethodWorker.invokeTestMethods(TestMethodWorker.java:154)
at org.testng.internal.invokers.TestMethodWorker.run(TestMethodWorker.java:134)
at java.base/java.util.ArrayList.forEach(ArrayList.java:1596)
at org.testng.TestRunner.privateRun(TestRunner.java:744)
at org.testng.TestRunner.run(TestRunner.java:616)
at org.testng.SuiteRunner.runTest(SuiteRunner.java:421)
at org.testng.SuiteRunner$SuiteWorker.run(SuiteRunner.java:463)
at org.testng.internal.thread.ThreadUtil.lambda$execute$0(ThreadUtil.java:64)
at java.base/java.util.concurrent.FutureTask.run(FutureTask.java:317)
at java.base/java.util.concurrent.ThreadPoolExecutor.runWorker(ThreadPoolExecutor.java:1144)
at java.base/java.util.concurrent.ThreadPoolExecutor$Worker.run(ThreadPoolExecutor.java:642)
at java.base/java.lang.Thread.run(Thread.java:1583)
]]>
    </error>
  </testcase> <!-- setUp -->
  <testcase classname="com.test.TestCases.TestCases_4" name="testCase_007" time="68.831"/>
  <testcase classname="com.test.TestCases.TestCases_4" name="testCase_001" time="87.150"/>
  <testcase classname="com.test.TestCases.TestCases_4" name="testCase_011" time="45.662"/>
  <testcase classname="com.test.TestCases.TestCases_4" name="setUp" time="32.515">
    <error message="unknown error: JavaScript code failed
from unknown command: &#039;Runtime.evaluate&#039; wasn&#039;t found
  (Session info: chrome=147.0.7727.103)
Build info: version: &#039;4.43.0&#039;, revision: &#039;dd0f534&#039;
System info: os.name: &#039;Windows 11&#039;, os.arch: &#039;amd64&#039;, os.version: &#039;10.0&#039;, java.version: &#039;21.0.9&#039;
Driver info: org.openqa.selenium.remote.RemoteWebDriver
Command: [b6f579f8980d04c3eea3ddfb20346f0d, maximizeCurrentWindow {}]
Capabilities {acceptInsecureCerts: false, browserName: chrome, browserVersion: 147.0.7727.103, chrome: {chromedriverVersion: 147.0.7727.117 (474cc805edd..., userDataDir: C:\Users\chnag\AppData\Loca...}, fedcm:accounts: true, goog:chromeOptions: {debuggerAddress: localhost:50667}, goog:processID: 19660, networkConnectionEnabled: false, pageLoadStrategy: normal, platformName: Windows 11, proxy: Proxy(), se:bidiEnabled: false, se:cdp: ws://localhost:4444/session..., se:cdpVersion: 147.0.7727.103, setWindowRect: true, strictFileInteractability: false, timeouts: {implicit: 0, pageLoad: 300000, script: 30000}, unhandledPromptBehavior: dismiss and notify, webauthn:extension:credBlob: true, webauthn:extension:largeBlob: true, webauthn:extension:minPinLength: true, webauthn:extension:prf: true, webauthn:virtualAuthenticators: true}
Session ID: b6f579f8980d04c3eea3ddfb20346f0d" type="org.openqa.selenium.WebDriverException">
      <![CDATA[org.openqa.selenium.WebDriverException: unknown error: JavaScript code failed
from unknown command: 'Runtime.evaluate' wasn't found
  (Session info: chrome=147.0.7727.103)
Build info: version: '4.43.0', revision: 'dd0f534'
System info: os.name: 'Windows 11', os.arch: 'amd64', os.version: '10.0', java.version: '21.0.9'
Driver info: org.openqa.selenium.remote.RemoteWebDriver
Command: [b6f579f8980d04c3eea3ddfb20346f0d, maximizeCurrentWindow {}]
Capabilities {acceptInsecureCerts: false, browserName: chrome, browserVersion: 147.0.7727.103, chrome: {chromedriverVersion: 147.0.7727.117 (474cc805edd..., userDataDir: C:\Users\chnag\AppData\Loca...}, fedcm:accounts: true, goog:chromeOptions: {debuggerAddress: localhost:50667}, goog:processID: 19660, networkConnectionEnabled: false, pageLoadStrategy: normal, platformName: Windows 11, proxy: Proxy(), se:bidiEnabled: false, se:cdp: ws://localhost:4444/session..., se:cdpVersion: 147.0.7727.103, setWindowRect: true, strictFileInteractability: false, timeouts: {implicit: 0, pageLoad: 300000, script: 30000}, unhandledPromptBehavior: dismiss and notify, webauthn:extension:credBlob: true, webauthn:extension:largeBlob: true, webauthn:extension:minPinLength: true, webauthn:extension:prf: true, webauthn:virtualAuthenticators: true}
Session ID: b6f579f8980d04c3eea3ddfb20346f0d
at org.openqa.selenium.remote.ErrorCodec.decode(ErrorCodec.java:169)
at org.openqa.selenium.remote.codec.w3c.W3CHttpResponseCodec.decode(W3CHttpResponseCodec.java:142)
at org.openqa.selenium.remote.codec.w3c.W3CHttpResponseCodec.decode(W3CHttpResponseCodec.java:49)
at org.openqa.selenium.remote.HttpCommandExecutor.execute(HttpCommandExecutor.java:223)
at org.openqa.selenium.remote.TracedCommandExecutor.execute(TracedCommandExecutor.java:53)
at org.openqa.selenium.remote.RemoteWebDriver.execute(RemoteWebDriver.java:606)
at org.openqa.selenium.remote.RemoteWebDriver.execute(RemoteWebDriver.java:688)
at org.openqa.selenium.remote.RemoteWebDriver.execute(RemoteWebDriver.java:692)
at org.openqa.selenium.remote.RemoteWebDriver$RemoteWebDriverOptions$RemoteWindow.maximize(RemoteWebDriver.java:1202)
at com.test.Base.BaseTest.setUp(BaseTest.java:35)
at java.base/jdk.internal.reflect.DirectMethodHandleAccessor.invoke(DirectMethodHandleAccessor.java:103)
at java.base/java.lang.reflect.Method.invoke(Method.java:580)
at org.testng.internal.invokers.MethodInvocationHelper.invokeMethod(MethodInvocationHelper.java:141)
at org.testng.internal.invokers.MethodInvocationHelper.invokeMethodConsideringTimeout(MethodInvocationHelper.java:71)
at org.testng.internal.invokers.ConfigInvoker.invokeConfigurationMethod(ConfigInvoker.java:400)
at org.testng.internal.invokers.ConfigInvoker.invokeConfigurations(ConfigInvoker.java:333)
at org.testng.internal.invokers.TestInvoker.runConfigMethods(TestInvoker.java:846)
at org.testng.internal.invokers.TestInvoker.invokeMethod(TestInvoker.java:611)
at org.testng.internal.invokers.TestInvoker.invokeTestMethod(TestInvoker.java:230)
at org.testng.internal.invokers.MethodRunner.runInSequence(MethodRunner.java:63)
at org.testng.internal.invokers.TestInvoker$MethodInvocationAgent.invoke(TestInvoker.java:1005)
at org.testng.internal.invokers.TestInvoker.invokeTestMethods(TestInvoker.java:203)
at org.testng.internal.invokers.TestMethodWorker.invokeTestMethods(TestMethodWorker.java:154)
at org.testng.internal.invokers.TestMethodWorker.run(TestMethodWorker.java:134)
at java.base/java.util.ArrayList.forEach(ArrayList.java:1596)
at org.testng.TestRunner.privateRun(TestRunner.java:744)
at org.testng.TestRunner.run(TestRunner.java:616)
at org.testng.SuiteRunner.runTest(SuiteRunner.java:421)
at org.testng.SuiteRunner$SuiteWorker.run(SuiteRunner.java:463)
at org.testng.internal.thread.ThreadUtil.lambda$execute$0(ThreadUtil.java:64)
at java.base/java.util.concurrent.FutureTask.run(FutureTask.java:317)
at java.base/java.util.concurrent.ThreadPoolExecutor.runWorker(ThreadPoolExecutor.java:1144)
at java.base/java.util.concurrent.ThreadPoolExecutor$Worker.run(ThreadPoolExecutor.java:642)
at java.base/java.lang.Thread.run(Thread.java:1583)
]]>
    </error>
  </testcase> <!-- setUp -->
  <testcase classname="com.test.TestCases.TestCases_4" name="testCase_006" time="56.773"/>
  <testcase classname="com.test.TestCases.TestCases_4" name="testCase_017" time="67.216">
    <skipped/>
  </testcase> <!-- testCase_017 -->
  <testcase classname="com.test.TestCases.TestCases_4" name="testCase_018" time="16.679">
    <skipped/>
  </testcase> <!-- testCase_018 -->
  <testcase classname="com.test.TestCases.TestCases_4" name="testCase_002" time="60.685"/>
  <testcase classname="com.test.TestCases.TestCases_4" name="testCase_006" time="53.488"/>
  <testcase classname="com.test.TestCases.TestCases_4" name="testCase_005" time="78.422"/>
  <testcase classname="com.test.TestCases.TestCases_4" name="testCase_020" time="1.680">
    <skipped/>
  </testcase> <!-- testCase_020 -->
  <testcase classname="com.test.TestCases.TestCases_4" name="testCase_019" time="0.000">
    <skipped/>
  </testcase> <!-- testCase_019 -->
  <testcase classname="com.test.TestCases.TestCases_4" name="testCase_018" time="116.299"/>
  <testcase classname="com.test.TestCases.TestCases_4" name="testCase_020" time="58.840"/>
  <testcase classname="com.test.TestCases.TestCases_4" name="testCase_012" time="114.125"/>
  <testcase classname="com.test.TestCases.TestCases_4" name="testCase_025" time="71.220"/>
  <testcase classname="com.test.TestCases.TestCases_4" name="testCase_004" time="72.202"/>
  <testcase classname="com.test.TestCases.TestCases_4" name="testCase_007" time="16.734"/>
</testsuite> <!-- com.test.TestCases.TestCases_4 -->
