<?xml version="1.0" encoding="UTF-8"?>
<!-- Generated by org.testng.reporters.JUnitReportReporter -->
<testsuite hostname="BUDDI_DESKTOP" failures="0" tests="79" name="com.test.TestCases.TestCases_2" time="5476.015" errors="4" timestamp="2026-04-25T21:14:20 IST" skipped="44">
  <testcase classname="com.test.TestCases.TestCases_2" name="testCase_022" time="99.972">
    <skipped/>
  </testcase> <!-- testCase_022 -->
  <testcase classname="com.test.TestCases.TestCases_2" name="testCase_015" time="74.770"/>
  <testcase classname="com.test.TestCases.TestCases_2" name="testCase_014" time="22.957">
    <skipped/>
  </testcase> <!-- testCase_014 -->
  <testcase classname="com.test.TestCases.TestCases_2" name="testCase_014" time="67.121"/>
  <testcase classname="com.test.TestCases.TestCases_2" name="testCase_007" time="103.303">
    <skipped/>
  </testcase> <!-- testCase_007 -->
  <testcase classname="com.test.TestCases.TestCases_2" name="testCase_016" time="63.459"/>
  <testcase classname="com.test.TestCases.TestCases_2" name="testCase_015" time="120.532">
    <skipped/>
  </testcase> <!-- testCase_015 -->
  <testcase classname="com.test.TestCases.TestCases_2" name="testCase_002" time="43.384"/>
  <testcase classname="com.test.TestCases.TestCases_2" name="testCase_010" time="81.014"/>
  <testcase classname="com.test.TestCases.TestCases_2" name="testCase_021" time="20.444">
    <skipped/>
  </testcase> <!-- testCase_021 -->
  <testcase classname="com.test.TestCases.TestCases_2" name="testCase_004" time="86.017">
    <skipped/>
  </testcase> <!-- testCase_004 -->
  <testcase classname="com.test.TestCases.TestCases_2" name="testCase_025" time="51.131">
    <skipped/>
  </testcase> <!-- testCase_025 -->
  <testcase classname="com.test.TestCases.TestCases_2" name="testCase_010" time="103.810">
    <skipped/>
  </testcase> <!-- testCase_010 -->
  <testcase classname="com.test.TestCases.TestCases_2" name="testCase_008" time="88.665"/>
  <testcase classname="com.test.TestCases.TestCases_2" name="testCase_025" time="40.600">
    <skipped/>
  </testcase> <!-- testCase_025 -->
  <testcase classname="com.test.TestCases.TestCases_2" name="testCase_008" time="30.564">
    <skipped/>
  </testcase> <!-- testCase_008 -->
  <testcase classname="com.test.TestCases.TestCases_2" name="testCase_011" time="69.450">
    <skipped/>
  </testcase> <!-- testCase_011 -->
  <testcase classname="com.test.TestCases.TestCases_2" name="testCase_022" time="95.372">
    <skipped/>
  </testcase> <!-- testCase_022 -->
  <testcase classname="com.test.TestCases.TestCases_2" name="testCase_023" time="42.592">
    <skipped/>
  </testcase> <!-- testCase_023 -->
  <testcase classname="com.test.TestCases.TestCases_2" name="testCase_011" time="34.102">
    <skipped/>
  </testcase> <!-- testCase_011 -->
  <testcase classname="com.test.TestCases.TestCases_2" name="setUp" time="79.436">
    <error message="Expected condition failed: waiting for com.test.Base.BaseTest$1@1c01af43
(tried for 15 seconds with 500 milliseconds interval)
Build info: version: &#039;4.43.0&#039;, revision: &#039;dd0f534&#039;
System info: os.name: &#039;Windows 11&#039;, os.arch: &#039;amd64&#039;, os.version: &#039;10.0&#039;, java.version: &#039;21.0.9&#039;
Driver info: org.openqa.selenium.remote.RemoteWebDriver
Capabilities {acceptInsecureCerts: false, browserName: chrome, browserVersion: 147.0.7727.103, chrome: {chromedriverVersion: 147.0.7727.117 (474cc805edd..., userDataDir: C:\Users\chnag\AppData\Loca...}, fedcm:accounts: true, goog:chromeOptions: {debuggerAddress: localhost:62739}, goog:processID: 14100, networkConnectionEnabled: false, pageLoadStrategy: normal, platformName: Windows 11, proxy: Proxy(), se:bidiEnabled: false, se:cdp: ws://localhost:4444/session..., se:cdpVersion: 147.0.7727.103, setWindowRect: true, strictFileInteractability: false, timeouts: {implicit: 0, pageLoad: 300000, script: 30000}, unhandledPromptBehavior: dismiss and notify, webauthn:extension:credBlob: true, webauthn:extension:largeBlob: true, webauthn:extension:minPinLength: true, webauthn:extension:prf: true, webauthn:virtualAuthenticators: true}
Session ID: 636f8907ccdba3d37da1548a18e3d842" type="org.openqa.selenium.TimeoutException">
      <![CDATA[org.openqa.selenium.TimeoutException: Expected condition failed: waiting for com.test.Base.BaseTest$1@1c01af43
(tried for 15 seconds with 500 milliseconds interval)
Build info: version: '4.43.0', revision: 'dd0f534'
System info: os.name: 'Windows 11', os.arch: 'amd64', os.version: '10.0', java.version: '21.0.9'
Driver info: org.openqa.selenium.remote.RemoteWebDriver
Capabilities {acceptInsecureCerts: false, browserName: chrome, browserVersion: 147.0.7727.103, chrome: {chromedriverVersion: 147.0.7727.117 (474cc805edd..., userDataDir: C:\Users\chnag\AppData\Loca...}, fedcm:accounts: true, goog:chromeOptions: {debuggerAddress: localhost:62739}, goog:processID: 14100, networkConnectionEnabled: false, pageLoadStrategy: normal, platformName: Windows 11, proxy: Proxy(), se:bidiEnabled: false, se:cdp: ws://localhost:4444/session..., se:cdpVersion: 147.0.7727.103, setWindowRect: true, strictFileInteractability: false, timeouts: {implicit: 0, pageLoad: 300000, script: 30000}, unhandledPromptBehavior: dismiss and notify, webauthn:extension:credBlob: true, webauthn:extension:largeBlob: true, webauthn:extension:minPinLength: true, webauthn:extension:prf: true, webauthn:virtualAuthenticators: true}
Session ID: 636f8907ccdba3d37da1548a18e3d842
at org.openqa.selenium.support.ui.WebDriverWait.timeoutException(WebDriverWait.java:85)
at org.openqa.selenium.support.ui.FluentWait.until(FluentWait.java:234)
at com.test.Base.BaseTest.waitForPageLoadComplete(BaseTest.java:43)
at com.test.Base.BaseTest.setUp(BaseTest.java:37)
at java.base/jdk.internal.reflect.DirectMethodHandleAccessor.invoke(DirectMethodHandleAccessor.java:103)
at java.base/java.lang.reflect.Method.invoke(Method.java:580)
at org.testng.internal.invokers.MethodInvocationHelper.invokeMethod(MethodInvocationHelper.java:141)
at org.testng.internal.invokers.MethodInvocationHelper.invokeMethodConsideringTimeout(MethodInvocationHelper.java:71)
at org.testng.internal.invokers.ConfigInvoker.invokeConfigurationMethod(ConfigInvoker.java:400)
at org.testng.internal.invokers.ConfigInvoker.invokeConfigurations(ConfigInvoker.java:333)
at org.testng.internal.invokers.TestInvoker.runConfigMethods(TestInvoker.java:846)
at org.testng.internal.invokers.TestInvoker.invokeMethod(TestInvoker.java:611)
at org.testng.internal.invokers.TestInvoker.invokeTestMethod(TestInvoker.java:230)
at org.testng.internal.invokers.MethodRunner.runInSequence(MethodRunner.java:63)
at org.testng.internal.invokers.TestInvoker$MethodInvocationAgent.invoke(TestInvoker.java:1005)
at org.testng.internal.invokers.TestInvoker.invokeTestMethods(TestInvoker.java:203)
at org.testng.internal.invokers.TestMethodWorker.invokeTestMethods(TestMethodWorker.java:154)
at org.testng.internal.invokers.TestMethodWorker.run(TestMethodWorker.java:134)
at java.base/java.util.ArrayList.forEach(ArrayList.java:1596)
at org.testng.TestRunner.privateRun(TestRunner.java:744)
at org.testng.TestRunner.run(TestRunner.java:616)
at org.testng.SuiteRunner.runTest(SuiteRunner.java:421)
at org.testng.SuiteRunner$SuiteWorker.run(SuiteRunner.java:463)
at org.testng.internal.thread.ThreadUtil.lambda$execute$0(ThreadUtil.java:64)
at java.base/java.util.concurrent.FutureTask.run(FutureTask.java:317)
at java.base/java.util.concurrent.ThreadPoolExecutor.runWorker(ThreadPoolExecutor.java:1144)
at java.base/java.util.concurrent.ThreadPoolExecutor$Worker.run(ThreadPoolExecutor.java:642)
at java.base/java.lang.Thread.run(Thread.java:1583)
]]>
    </error>
  </testcase> <!-- setUp -->
  <testcase classname="com.test.TestCases.TestCases_2" name="testCase_012" time="67.683"/>
  <testcase classname="com.test.TestCases.TestCases_2" name="testCase_010" time="50.301">
    <skipped/>
  </testcase> <!-- testCase_010 -->
  <testcase classname="com.test.TestCases.TestCases_2" name="testCase_017" time="71.352"/>
  <testcase classname="com.test.TestCases.TestCases_2" name="testCase_001" time="81.478"/>
  <testcase classname="com.test.TestCases.TestCases_2" name="testCase_003" time="102.324"/>
  <testcase classname="com.test.TestCases.TestCases_2" name="testCase_020" time="58.562"/>
  <testcase classname="com.test.TestCases.TestCases_2" name="testCase_024" time="64.683"/>
  <testcase classname="com.test.TestCases.TestCases_2" name="testCase_009" time="62.928">
    <skipped/>
  </testcase> <!-- testCase_009 -->
  <testcase classname="com.test.TestCases.TestCases_2" name="testCase_003" time="213.428"/>
  <testcase classname="com.test.TestCases.TestCases_2" name="testCase_001" time="78.735"/>
  <testcase classname="com.test.TestCases.TestCases_2" name="setUp" time="78.247">
    <error message="Expected condition failed: waiting for com.test.Base.BaseTest$1@4a9fa00f
(tried for 15 seconds with 500 milliseconds interval)
Build info: version: &#039;4.43.0&#039;, revision: &#039;dd0f534&#039;
System info: os.name: &#039;Windows 11&#039;, os.arch: &#039;amd64&#039;, os.version: &#039;10.0&#039;, java.version: &#039;21.0.9&#039;
Driver info: org.openqa.selenium.remote.RemoteWebDriver
Capabilities {acceptInsecureCerts: false, browserName: MicrosoftEdge, browserVersion: 147.0.3912.72, fedcm:accounts: true, goog:processID: 1612, ms:edgeOptions: {debuggerAddress: localhost:60174}, msedge: {msedgedriverVersion: 147.0.3912.86 (3a0d90fcf938..., userDataDir: C:\Users\chnag\AppData\Loca...}, networkConnectionEnabled: false, pageLoadStrategy: normal, platformName: Windows 11, proxy: Proxy(), se:bidiEnabled: false, se:cdp: ws://localhost:4444/session..., se:cdpVersion: 147.0.3912.72, setWindowRect: true, strictFileInteractability: false, timeouts: {implicit: 0, pageLoad: 300000, script: 30000}, unhandledPromptBehavior: dismiss and notify, webauthn:extension:credBlob: true, webauthn:extension:largeBlob: true, webauthn:extension:minPinLength: true, webauthn:extension:prf: true, webauthn:virtualAuthenticators: true}
Session ID: 10a90d74501640b144223a6ed4966ad1" type="org.openqa.selenium.TimeoutException">
      <![CDATA[org.openqa.selenium.TimeoutException: Expected condition failed: waiting for com.test.Base.BaseTest$1@4a9fa00f
(tried for 15 seconds with 500 milliseconds interval)
Build info: version: '4.43.0', revision: 'dd0f534'
System info: os.name: 'Windows 11', os.arch: 'amd64', os.version: '10.0', java.version: '21.0.9'
Driver info: org.openqa.selenium.remote.RemoteWebDriver
Capabilities {acceptInsecureCerts: false, browserName: MicrosoftEdge, browserVersion: 147.0.3912.72, fedcm:accounts: true, goog:processID: 1612, ms:edgeOptions: {debuggerAddress: localhost:60174}, msedge: {msedgedriverVersion: 147.0.3912.86 (3a0d90fcf938..., userDataDir: C:\Users\chnag\AppData\Loca...}, networkConnectionEnabled: false, pageLoadStrategy: normal, platformName: Windows 11, proxy: Proxy(), se:bidiEnabled: false, se:cdp: ws://localhost:4444/session..., se:cdpVersion: 147.0.3912.72, setWindowRect: true, strictFileInteractability: false, timeouts: {implicit: 0, pageLoad: 300000, script: 30000}, unhandledPromptBehavior: dismiss and notify, webauthn:extension:credBlob: true, webauthn:extension:largeBlob: true, webauthn:extension:minPinLength: true, webauthn:extension:prf: true, webauthn:virtualAuthenticators: true}
Session ID: 10a90d74501640b144223a6ed4966ad1
at org.openqa.selenium.support.ui.WebDriverWait.timeoutException(WebDriverWait.java:85)
at org.openqa.selenium.support.ui.FluentWait.until(FluentWait.java:234)
at com.test.Base.BaseTest.waitForPageLoadComplete(BaseTest.java:43)
at com.test.Base.BaseTest.setUp(BaseTest.java:37)
at java.base/jdk.internal.reflect.DirectMethodHandleAccessor.invoke(DirectMethodHandleAccessor.java:103)
at java.base/java.lang.reflect.Method.invoke(Method.java:580)
at org.testng.internal.invokers.MethodInvocationHelper.invokeMethod(MethodInvocationHelper.java:141)
at org.testng.internal.invokers.MethodInvocationHelper.invokeMethodConsideringTimeout(MethodInvocationHelper.java:71)
at org.testng.internal.invokers.ConfigInvoker.invokeConfigurationMethod(ConfigInvoker.java:400)
at org.testng.internal.invokers.ConfigInvoker.invokeConfigurations(ConfigInvoker.java:333)
at org.testng.internal.invokers.TestInvoker.runConfigMethods(TestInvoker.java:846)
at org.testng.internal.invokers.TestInvoker.invokeMethod(TestInvoker.java:611)
at org.testng.internal.invokers.TestInvoker.invokeTestMethod(TestInvoker.java:230)
at org.testng.internal.invokers.MethodRunner.runInSequence(MethodRunner.java:63)
at org.testng.internal.invokers.TestInvoker$MethodInvocationAgent.invoke(TestInvoker.java:1005)
at org.testng.internal.invokers.TestInvoker.invokeTestMethods(TestInvoker.java:203)
at org.testng.internal.invokers.TestMethodWorker.invokeTestMethods(TestMethodWorker.java:154)
at org.testng.internal.invokers.TestMethodWorker.run(TestMethodWorker.java:134)
at java.base/java.util.ArrayList.forEach(ArrayList.java:1596)
at org.testng.TestRunner.privateRun(TestRunner.java:744)
at org.testng.TestRunner.run(TestRunner.java:616)
at org.testng.SuiteRunner.runTest(SuiteRunner.java:421)
at org.testng.SuiteRunner$SuiteWorker.run(SuiteRunner.java:463)
at org.testng.internal.thread.ThreadUtil.lambda$execute$0(ThreadUtil.java:64)
at java.base/java.util.concurrent.FutureTask.run(FutureTask.java:317)
at java.base/java.util.concurrent.ThreadPoolExecutor.runWorker(ThreadPoolExecutor.java:1144)
at java.base/java.util.concurrent.ThreadPoolExecutor$Worker.run(ThreadPoolExecutor.java:642)
at java.base/java.lang.Thread.run(Thread.java:1583)
]]>
    </error>
  </testcase> <!-- setUp -->
  <testcase classname="com.test.TestCases.TestCases_2" name="testCase_008" time="62.285">
    <skipped/>
  </testcase> <!-- testCase_008 -->
  <testcase classname="com.test.TestCases.TestCases_2" name="testCase_016" time="117.823">
    <skipped/>
  </testcase> <!-- testCase_016 -->
  <testcase classname="com.test.TestCases.TestCases_2" name="testCase_004" time="97.917"/>
  <testcase classname="com.test.TestCases.TestCases_2" name="setUp" time="139.340">
    <error message="Expected condition failed: waiting for com.test.Base.BaseTest$1@4e232eda
(tried for 15 seconds with 500 milliseconds interval)
Build info: version: &#039;4.43.0&#039;, revision: &#039;dd0f534&#039;
System info: os.name: &#039;Windows 11&#039;, os.arch: &#039;amd64&#039;, os.version: &#039;10.0&#039;, java.version: &#039;21.0.9&#039;
Driver info: org.openqa.selenium.remote.RemoteWebDriver
Capabilities {acceptInsecureCerts: false, browserName: chrome, browserVersion: 147.0.7727.103, chrome: {chromedriverVersion: 147.0.7727.117 (474cc805edd..., userDataDir: C:\Users\chnag\AppData\Loca...}, fedcm:accounts: true, goog:chromeOptions: {debuggerAddress: localhost:61656}, goog:processID: 13064, networkConnectionEnabled: false, pageLoadStrategy: normal, platformName: Windows 11, proxy: Proxy(), se:bidiEnabled: false, se:cdp: ws://localhost:4444/session..., se:cdpVersion: 147.0.7727.103, setWindowRect: true, strictFileInteractability: false, timeouts: {implicit: 0, pageLoad: 300000, script: 30000}, unhandledPromptBehavior: dismiss and notify, webauthn:extension:credBlob: true, webauthn:extension:largeBlob: true, webauthn:extension:minPinLength: true, webauthn:extension:prf: true, webauthn:virtualAuthenticators: true}
Session ID: 15aaede4e4906e89f55f88e9e08a9f34" type="org.openqa.selenium.TimeoutException">
      <![CDATA[org.openqa.selenium.TimeoutException: Expected condition failed: waiting for com.test.Base.BaseTest$1@4e232eda
(tried for 15 seconds with 500 milliseconds interval)
Build info: version: '4.43.0', revision: 'dd0f534'
System info: os.name: 'Windows 11', os.arch: 'amd64', os.version: '10.0', java.version: '21.0.9'
Driver info: org.openqa.selenium.remote.RemoteWebDriver
Capabilities {acceptInsecureCerts: false, browserName: chrome, browserVersion: 147.0.7727.103, chrome: {chromedriverVersion: 147.0.7727.117 (474cc805edd..., userDataDir: C:\Users\chnag\AppData\Loca...}, fedcm:accounts: true, goog:chromeOptions: {debuggerAddress: localhost:61656}, goog:processID: 13064, networkConnectionEnabled: false, pageLoadStrategy: normal, platformName: Windows 11, proxy: Proxy(), se:bidiEnabled: false, se:cdp: ws://localhost:4444/session..., se:cdpVersion: 147.0.7727.103, setWindowRect: true, strictFileInteractability: false, timeouts: {implicit: 0, pageLoad: 300000, script: 30000}, unhandledPromptBehavior: dismiss and notify, webauthn:extension:credBlob: true, webauthn:extension:largeBlob: true, webauthn:extension:minPinLength: true, webauthn:extension:prf: true, webauthn:virtualAuthenticators: true}
Session ID: 15aaede4e4906e89f55f88e9e08a9f34
at org.openqa.selenium.support.ui.WebDriverWait.timeoutException(WebDriverWait.java:85)
at org.openqa.selenium.support.ui.FluentWait.until(FluentWait.java:234)
at com.test.Base.BaseTest.waitForPageLoadComplete(BaseTest.java:43)
at com.test.Base.BaseTest.setUp(BaseTest.java:37)
at java.base/jdk.internal.reflect.DirectMethodHandleAccessor.invoke(DirectMethodHandleAccessor.java:103)
at java.base/java.lang.reflect.Method.invoke(Method.java:580)
at org.testng.internal.invokers.MethodInvocationHelper.invokeMethod(MethodInvocationHelper.java:141)
at org.testng.internal.invokers.MethodInvocationHelper.invokeMethodConsideringTimeout(MethodInvocationHelper.java:71)
at org.testng.internal.invokers.ConfigInvoker.invokeConfigurationMethod(ConfigInvoker.java:400)
at org.testng.internal.invokers.ConfigInvoker.invokeConfigurations(ConfigInvoker.java:333)
at org.testng.internal.invokers.TestInvoker.runConfigMethods(TestInvoker.java:846)
at org.testng.internal.invokers.TestInvoker.invokeMethod(TestInvoker.java:611)
at org.testng.internal.invokers.TestInvoker.invokeTestMethod(TestInvoker.java:230)
at org.testng.internal.invokers.MethodRunner.runInSequence(MethodRunner.java:63)
at org.testng.internal.invokers.TestInvoker$MethodInvocationAgent.invoke(TestInvoker.java:1005)
at org.testng.internal.invokers.TestInvoker.invokeTestMethods(TestInvoker.java:203)
at org.testng.internal.invokers.TestMethodWorker.invokeTestMethods(TestMethodWorker.java:154)
at org.testng.internal.invokers.TestMethodWorker.run(TestMethodWorker.java:134)
at java.base/java.util.ArrayList.forEach(ArrayList.java:1596)
at org.testng.TestRunner.privateRun(TestRunner.java:744)
at org.testng.TestRunner.run(TestRunner.java:616)
at org.testng.SuiteRunner.runTest(SuiteRunner.java:421)
at org.testng.SuiteRunner$SuiteWorker.run(SuiteRunner.java:463)
at org.testng.internal.thread.ThreadUtil.lambda$execute$0(ThreadUtil.java:64)
at java.base/java.util.concurrent.FutureTask.run(FutureTask.java:317)
at java.base/java.util.concurrent.ThreadPoolExecutor.runWorker(ThreadPoolExecutor.java:1144)
at java.base/java.util.concurrent.ThreadPoolExecutor$Worker.run(ThreadPoolExecutor.java:642)
at java.base/java.lang.Thread.run(Thread.java:1583)
]]>
    </error>
  </testcase> <!-- setUp -->
  <testcase classname="com.test.TestCases.TestCases_2" name="testCase_003" time="36.281"/>
  <testcase classname="com.test.TestCases.TestCases_2" name="testCase_005" time="47.933">
    <skipped/>
  </testcase> <!-- testCase_005 -->
  <testcase classname="com.test.TestCases.TestCases_2" name="testCase_013" time="79.448"/>
  <testcase classname="com.test.TestCases.TestCases_2" name="testCase_022" time="70.820"/>
  <testcase classname="com.test.TestCases.TestCases_2" name="testCase_001" time="109.587"/>
  <testcase classname="com.test.TestCases.TestCases_2" name="testCase_009" time="44.059">
    <skipped/>
  </testcase> <!-- testCase_009 -->
  <testcase classname="com.test.TestCases.TestCases_2" name="setUp" time="105.206">
    <error message="Expected condition failed: waiting for com.test.Base.BaseTest$1@56cda2ff
(tried for 15 seconds with 500 milliseconds interval)
Build info: version: &#039;4.43.0&#039;, revision: &#039;dd0f534&#039;
System info: os.name: &#039;Windows 11&#039;, os.arch: &#039;amd64&#039;, os.version: &#039;10.0&#039;, java.version: &#039;21.0.9&#039;
Driver info: org.openqa.selenium.remote.RemoteWebDriver
Capabilities {acceptInsecureCerts: false, browserName: MicrosoftEdge, browserVersion: 147.0.3912.72, fedcm:accounts: true, goog:processID: 4704, ms:edgeOptions: {debuggerAddress: localhost:51931}, msedge: {msedgedriverVersion: 147.0.3912.86 (3a0d90fcf938..., userDataDir: C:\Users\chnag\AppData\Loca...}, networkConnectionEnabled: false, pageLoadStrategy: normal, platformName: Windows 11, proxy: Proxy(), se:bidiEnabled: false, se:cdp: ws://localhost:4444/session..., se:cdpVersion: 147.0.3912.72, setWindowRect: true, strictFileInteractability: false, timeouts: {implicit: 0, pageLoad: 300000, script: 30000}, unhandledPromptBehavior: dismiss and notify, webauthn:extension:credBlob: true, webauthn:extension:largeBlob: true, webauthn:extension:minPinLength: true, webauthn:extension:prf: true, webauthn:virtualAuthenticators: true}
Session ID: f31099fb2fa36614c73448217b2a29f6" type="org.openqa.selenium.TimeoutException">
      <![CDATA[org.openqa.selenium.TimeoutException: Expected condition failed: waiting for com.test.Base.BaseTest$1@56cda2ff
(tried for 15 seconds with 500 milliseconds interval)
Build info: version: '4.43.0', revision: 'dd0f534'
System info: os.name: 'Windows 11', os.arch: 'amd64', os.version: '10.0', java.version: '21.0.9'
Driver info: org.openqa.selenium.remote.RemoteWebDriver
Capabilities {acceptInsecureCerts: false, browserName: MicrosoftEdge, browserVersion: 147.0.3912.72, fedcm:accounts: true, goog:processID: 4704, ms:edgeOptions: {debuggerAddress: localhost:51931}, msedge: {msedgedriverVersion: 147.0.3912.86 (3a0d90fcf938..., userDataDir: C:\Users\chnag\AppData\Loca...}, networkConnectionEnabled: false, pageLoadStrategy: normal, platformName: Windows 11, proxy: Proxy(), se:bidiEnabled: false, se:cdp: ws://localhost:4444/session..., se:cdpVersion: 147.0.3912.72, setWindowRect: true, strictFileInteractability: false, timeouts: {implicit: 0, pageLoad: 300000, script: 30000}, unhandledPromptBehavior: dismiss and notify, webauthn:extension:credBlob: true, webauthn:extension:largeBlob: true, webauthn:extension:minPinLength: true, webauthn:extension:prf: true, webauthn:virtualAuthenticators: true}
Session ID: f31099fb2fa36614c73448217b2a29f6
at org.openqa.selenium.support.ui.WebDriverWait.timeoutException(WebDriverWait.java:85)
at org.openqa.selenium.support.ui.FluentWait.until(FluentWait.java:234)
at com.test.Base.BaseTest.waitForPageLoadComplete(BaseTest.java:43)
at com.test.Base.BaseTest.setUp(BaseTest.java:37)
at java.base/jdk.internal.reflect.DirectMethodHandleAccessor.invoke(DirectMethodHandleAccessor.java:103)
at java.base/java.lang.reflect.Method.invoke(Method.java:580)
at org.testng.internal.invokers.MethodInvocationHelper.invokeMethod(MethodInvocationHelper.java:141)
at org.testng.internal.invokers.MethodInvocationHelper.invokeMethodConsideringTimeout(MethodInvocationHelper.java:71)
at org.testng.internal.invokers.ConfigInvoker.invokeConfigurationMethod(ConfigInvoker.java:400)
at org.testng.internal.invokers.ConfigInvoker.invokeConfigurations(ConfigInvoker.java:333)
at org.testng.internal.invokers.TestInvoker.runConfigMethods(TestInvoker.java:846)
at org.testng.internal.invokers.TestInvoker.invokeMethod(TestInvoker.java:611)
at org.testng.internal.invokers.TestInvoker.invokeTestMethod(TestInvoker.java:230)
at org.testng.internal.invokers.MethodRunner.runInSequence(MethodRunner.java:63)
at org.testng.internal.invokers.TestInvoker$MethodInvocationAgent.invoke(TestInvoker.java:1005)
at org.testng.internal.invokers.TestInvoker.invokeTestMethods(TestInvoker.java:203)
at org.testng.internal.invokers.TestMethodWorker.invokeTestMethods(TestMethodWorker.java:154)
at org.testng.internal.invokers.TestMethodWorker.run(TestMethodWorker.java:134)
at java.base/java.util.ArrayList.forEach(ArrayList.java:1596)
at org.testng.TestRunner.privateRun(TestRunner.java:744)
at org.testng.TestRunner.run(TestRunner.java:616)
at org.testng.SuiteRunner.runTest(SuiteRunner.java:421)
at org.testng.SuiteRunner$SuiteWorker.run(SuiteRunner.java:463)
at org.testng.internal.thread.ThreadUtil.lambda$execute$0(ThreadUtil.java:64)
at java.base/java.util.concurrent.FutureTask.run(FutureTask.java:317)
at java.base/java.util.concurrent.ThreadPoolExecutor.runWorker(ThreadPoolExecutor.java:1144)
at java.base/java.util.concurrent.ThreadPoolExecutor$Worker.run(ThreadPoolExecutor.java:642)
at java.base/java.lang.Thread.run(Thread.java:1583)
]]>
    </error>
  </testcase> <!-- setUp -->
  <testcase classname="com.test.TestCases.TestCases_2" name="testCase_013" time="73.587">
    <skipped/>
  </testcase> <!-- testCase_013 -->
  <testcase classname="com.test.TestCases.TestCases_2" name="testCase_007" time="63.952"/>
  <testcase classname="com.test.TestCases.TestCases_2" name="testCase_020" time="78.524">
    <skipped/>
  </testcase> <!-- testCase_020 -->
  <testcase classname="com.test.TestCases.TestCases_2" name="testCase_023" time="74.927"/>
  <testcase classname="com.test.TestCases.TestCases_2" name="testCase_012" time="91.885">
    <skipped/>
  </testcase> <!-- testCase_012 -->
  <testcase classname="com.test.TestCases.TestCases_2" name="testCase_009" time="96.970"/>
  <testcase classname="com.test.TestCases.TestCases_2" name="testCase_025" time="51.430"/>
  <testcase classname="com.test.TestCases.TestCases_2" name="testCase_021" time="89.445"/>
  <testcase classname="com.test.TestCases.TestCases_2" name="testCase_015" time="150.899">
    <skipped/>
  </testcase> <!-- testCase_015 -->
  <testcase classname="com.test.TestCases.TestCases_2" name="testCase_018" time="68.945"/>
  <testcase classname="com.test.TestCases.TestCases_2" name="testCase_021" time="57.569">
    <skipped/>
  </testcase> <!-- testCase_021 -->
  <testcase classname="com.test.TestCases.TestCases_2" name="testCase_002" time="105.976"/>
  <testcase classname="com.test.TestCases.TestCases_2" name="testCase_013" time="73.764">
    <skipped/>
  </testcase> <!-- testCase_013 -->
  <testcase classname="com.test.TestCases.TestCases_2" name="testCase_017" time="23.223">
    <skipped/>
  </testcase> <!-- testCase_017 -->
  <testcase classname="com.test.TestCases.TestCases_2" name="testCase_004" time="20.332">
    <skipped/>
  </testcase> <!-- testCase_004 -->
  <testcase classname="com.test.TestCases.TestCases_2" name="testCase_018" time="57.161">
    <skipped/>
  </testcase> <!-- testCase_018 -->
  <testcase classname="com.test.TestCases.TestCases_2" name="testCase_014" time="102.634">
    <skipped/>
  </testcase> <!-- testCase_014 -->
  <testcase classname="com.test.TestCases.TestCases_2" name="testCase_016" time="95.897">
    <skipped/>
  </testcase> <!-- testCase_016 -->
  <testcase classname="com.test.TestCases.TestCases_2" name="testCase_005" time="148.044"/>
  <testcase classname="com.test.TestCases.TestCases_2" name="testCase_012" time="85.492">
    <skipped/>
  </testcase> <!-- testCase_012 -->
  <testcase classname="com.test.TestCases.TestCases_2" name="testCase_024" time="39.085">
    <skipped/>
  </testcase> <!-- testCase_024 -->
  <testcase classname="com.test.TestCases.TestCases_2" name="testCase_011" time="94.614"/>
  <testcase classname="com.test.TestCases.TestCases_2" name="testCase_024" time="7.080">
    <skipped/>
  </testcase> <!-- testCase_024 -->
  <testcase classname="com.test.TestCases.TestCases_2" name="testCase_019" time="123.598"/>
  <testcase classname="com.test.TestCases.TestCases_2" name="testCase_007" time="36.255">
    <skipped/>
  </testcase> <!-- testCase_007 -->
  <testcase classname="com.test.TestCases.TestCases_2" name="testCase_020" time="46.403">
    <skipped/>
  </testcase> <!-- testCase_020 -->
  <testcase classname="com.test.TestCases.TestCases_2" name="testCase_005" time="41.902">
    <skipped/>
  </testcase> <!-- testCase_005 -->
  <testcase classname="com.test.TestCases.TestCases_2" name="testCase_019" time="6.244">
    <skipped/>
  </testcase> <!-- testCase_019 -->
  <testcase classname="com.test.TestCases.TestCases_2" name="testCase_018" time="36.585">
    <skipped/>
  </testcase> <!-- testCase_018 -->
  <testcase classname="com.test.TestCases.TestCases_2" name="testCase_019" time="8.441">
    <skipped/>
  </testcase> <!-- testCase_019 -->
  <testcase classname="com.test.TestCases.TestCases_2" name="testCase_023" time="0.000">
    <skipped/>
  </testcase> <!-- testCase_023 -->
  <testcase classname="com.test.TestCases.TestCases_2" name="testCase_006" time="0.000">
    <skipped/>
  </testcase> <!-- testCase_006 -->
  <testcase classname="com.test.TestCases.TestCases_2" name="testCase_002" time="97.049"/>
  <testcase classname="com.test.TestCases.TestCases_2" name="testCase_006" time="0.000">
    <skipped/>
  </testcase> <!-- testCase_006 -->
  <testcase classname="com.test.TestCases.TestCases_2" name="testCase_017" time="0.000">
    <skipped/>
  </testcase> <!-- testCase_017 -->
  <testcase classname="com.test.TestCases.TestCases_2" name="testCase_006" time="68.988"/>
</testsuite> <!-- com.test.TestCases.TestCases_2 -->
