<?xml version="1.0" encoding="UTF-8"?>
<!-- Generated by org.testng.reporters.JUnitXMLReporter -->
<testsuite ignored="0" hostname="BUDDI_DESKTOP" failures="0" tests="6" name="Test1" time="303.663" errors="0" timestamp="2026-04-25T23:55:28 IST">
  <testcase classname="com.test.TestCases.TestCases_1" name="verifyLoginWithInvalidCredentials" time="8.679"/>
  <testcase classname="com.test.TestCases.TestCases_1" name="verifyLoginWithInvalidCredentials" time="11.242"/>
  <testcase classname="com.test.TestCases.TestCases_1" name="verifyLoginWithInvalidCredentials" time="10.563"/>
  <testcase classname="com.test.TestCases.TestCases_1" name="verifySignupWithExistingEmail" time="10.064"/>
  <testcase classname="com.test.TestCases.TestCases_1" name="verifySignupWithExistingEmail" time="13.096"/>
  <testcase classname="com.test.TestCases.TestCases_1" name="verifySignupWithExistingEmail" time="10.46"/>
</testsuite> <!-- Test1 -->
