<?xml version="1.0" encoding="UTF-8"?>
<!-- Generated by org.testng.reporters.JUnitXMLReporter -->
<testsuite ignored="0" hostname="BUDDI_DESKTOP" failures="0" tests="6" name="Test2" time="290.044" errors="0" timestamp="2026-04-29T07:56:15 IST">
  <testcase classname="com.test.TestCases.TestCases_1" name="verifyLoginWithInvalidCredentials" time="30.669"/>
  <testcase classname="com.test.TestCases.TestCases_1" name="verifyLoginWithInvalidCredentials" time="0.0">
    <skipped/>
  </testcase> <!-- verifyLoginWithInvalidCredentials -->
  <testcase classname="com.test.TestCases.TestCases_1" name="verifyLoginWithInvalidCredentials" time="29.447"/>
  <testcase classname="com.test.TestCases.TestCases_1" name="verifySignupWithExistingEmail" time="0.0">
    <skipped/>
  </testcase> <!-- verifySignupWithExistingEmail -->
  <testcase classname="com.test.TestCases.TestCases_1" name="verifySignupWithExistingEmail" time="0.0">
    <skipped/>
  </testcase> <!-- verifySignupWithExistingEmail -->
  <testcase classname="com.test.TestCases.TestCases_1" name="verifySignupWithExistingEmail" time="0.0">
    <skipped/>
  </testcase> <!-- verifySignupWithExistingEmail -->
</testsuite> <!-- Test2 -->
