<?xml version="1.0" encoding="UTF-8"?>
<!-- Generated by org.testng.reporters.JUnitXMLReporter -->
<testsuite ignored="0" hostname="BUDDI_DESKTOP" failures="0" tests="6" name="Test1" time="471.889" errors="0" timestamp="2026-04-29T07:59:14 IST">
  <testcase classname="com.test.Base.BaseTest" name="@BeforeMethod setUp" time="154.469">
    <failure type="java.lang.RuntimeException" message="Failed to create WebDriver">
      <![CDATA[java.lang.RuntimeException: Failed to create WebDriver
at com.test.Base.DriverFactory.createDriver(DriverFactory.java:41)
at com.test.Base.BaseTest.setUp(BaseTest.java:23)
at java.base/java.util.concurrent.ThreadPoolExecutor.runWorker(ThreadPoolExecutor.java:1144)
at java.base/java.util.concurrent.ThreadPoolExecutor$Worker.run(ThreadPoolExecutor.java:642)
at java.base/java.lang.Thread.run(Thread.java:1583)
Caused by: org.openqa.selenium.SessionNotCreatedException: Could not start a new session. Response code 500. Message: Failed to read marionette port 
Host info: host: 'BUDDI_DESKTOP', ip: '192.168.1.37'
Build info: version: '4.43.0', revision: 'dd0f534'
System info: os.name: 'Windows 11', os.arch: 'amd64', os.version: '10.0', java.version: '21.0.9'
Driver info: org.openqa.selenium.firefox.FirefoxDriver
Command: [null, newSession {capabilities=[Capabilities {acceptInsecureCerts: true, browserName: firefox, moz:firefoxOptions: {args: [-headless], prefs: {remote.active-protocols: 1}}}]}]
at org.openqa.selenium.remote.ProtocolHandshake.createSession(ProtocolHandshake.java:114)
at org.openqa.selenium.remote.ProtocolHandshake.createSession(ProtocolHandshake.java:75)
at org.openqa.selenium.remote.ProtocolHandshake.createSession(ProtocolHandshake.java:61)
at org.openqa.selenium.remote.HttpCommandExecutor.execute(HttpCommandExecutor.java:195)
at org.openqa.selenium.remote.service.DriverCommandExecutor.invokeExecute(DriverCommandExecutor.java:216)
at org.openqa.selenium.remote.service.DriverCommandExecutor.execute(DriverCommandExecutor.java:174)
at org.openqa.selenium.remote.RemoteWebDriver.execute(RemoteWebDriver.java:606)
at org.openqa.selenium.remote.RemoteWebDriver.startSession(RemoteWebDriver.java:290)
at org.openqa.selenium.remote.RemoteWebDriver.<init>(RemoteWebDriver.java:213)
at org.openqa.selenium.firefox.FirefoxDriver.<init>(FirefoxDriver.java:137)
at org.openqa.selenium.firefox.FirefoxDriver.<init>(FirefoxDriver.java:118)
at org.openqa.selenium.firefox.FirefoxDriver.<init>(FirefoxDriver.java:98)
at org.openqa.selenium.firefox.FirefoxDriver.<init>(FirefoxDriver.java:94)
at com.test.Base.DriverFactory.createLocalDriver(DriverFactory.java:55)
at com.test.Base.DriverFactory.createDriver(DriverFactory.java:36)
... 15 more
... Removed 11 stack frames]]>
    </failure>
  </testcase> <!-- @BeforeMethod setUp -->
  <testcase classname="com.test.TestCases.TestCases_1" name="verifyLoginWithInvalidCredentials" time="80.646"/>
  <testcase classname="com.test.TestCases.TestCases_1" name="verifyLoginWithInvalidCredentials" time="120.066"/>
  <testcase classname="com.test.TestCases.TestCases_1" name="verifyLoginWithInvalidCredentials" time="80.514"/>
  <testcase classname="com.test.TestCases.TestCases_1" name="verifySignupWithExistingEmail" time="10.783"/>
  <testcase classname="com.test.TestCases.TestCases_1" name="verifySignupWithExistingEmail" time="11.009"/>
  <testcase classname="com.test.TestCases.TestCases_1" name="verifySignupWithExistingEmail" time="65.611"/>
</testsuite> <!-- Test1 -->
