<?xml version="1.0" encoding="UTF-8"?>
<!-- Generated by org.testng.reporters.JUnitXMLReporter -->
<testsuite ignored="0" hostname="BUDDI_DESKTOP" failures="0" tests="6" name="Test3" time="11.346" errors="0" timestamp="2026-04-26T18:32:48 IST">
  <testcase classname="com.test.TestCases.TestCases_1" name="verifyLoginWithInvalidCredentials" time="0.001">
    <skipped/>
  </testcase> <!-- verifyLoginWithInvalidCredentials -->
  <testcase classname="com.test.TestCases.TestCases_1" name="verifyLoginWithInvalidCredentials" time="0.003">
    <skipped/>
  </testcase> <!-- verifyLoginWithInvalidCredentials -->
  <testcase classname="com.test.TestCases.TestCases_1" name="verifyLoginWithInvalidCredentials" time="0.0">
    <skipped/>
  </testcase> <!-- verifyLoginWithInvalidCredentials -->
  <testcase classname="com.test.TestCases.TestCases_1" name="verifySignupWithExistingEmail" time="0.0">
    <skipped/>
  </testcase> <!-- verifySignupWithExistingEmail -->
  <testcase classname="com.test.TestCases.TestCases_1" name="verifySignupWithExistingEmail" time="0.0">
    <skipped/>
  </testcase> <!-- verifySignupWithExistingEmail -->
  <testcase classname="com.test.TestCases.TestCases_1" name="verifySignupWithExistingEmail" time="0.0">
    <skipped/>
  </testcase> <!-- verifySignupWithExistingEmail -->
</testsuite> <!-- Test3 -->
