<?xml version="1.0" encoding="UTF-8"?>
<!-- Generated by org.testng.reporters.JUnitXMLReporter -->
<testsuite ignored="0" hostname="BUDDI_DESKTOP" failures="0" tests="6" name="Test2" time="418.036" errors="0" timestamp="2026-04-25T23:57:17 IST">
  <testcase classname="com.test.TestCases.TestCases_1" name="verifyLoginWithInvalidCredentials" time="22.361"/>
  <testcase classname="com.test.TestCases.TestCases_1" name="verifyLoginWithInvalidCredentials" time="28.215"/>
  <testcase classname="com.test.TestCases.TestCases_1" name="verifyLoginWithInvalidCredentials" time="14.407"/>
  <testcase classname="com.test.TestCases.TestCases_1" name="verifySignupWithExistingEmail" time="21.352"/>
  <testcase classname="com.test.TestCases.TestCases_1" name="verifySignupWithExistingEmail" time="29.64"/>
  <testcase classname="com.test.TestCases.TestCases_1" name="verifySignupWithExistingEmail" time="20.536"/>
</testsuite> <!-- Test2 -->
