<?xml version="1.0" encoding="UTF-8"?>
<!-- Generated by org.testng.reporters.JUnitXMLReporter -->
<testsuite ignored="5" hostname="BUDDI_DESKTOP" failures="1" tests="1" name="Default test" time="31.253" errors="0" timestamp="2026-04-25T02:34:51 IST">
  <testcase classname="com.test.TestCases.TestCases" name="testCase_001" time="9.114">
    <failure type="java.lang.NullPointerException" message="Cannot invoke &amp;quot;com.aventstack.extentreports.ExtentTest.info(String)&amp;quot; because the return value of &amp;quot;com.test.Listener.ExtentLogger.getTest()&amp;quot; is null">
      <![CDATA[java.lang.NullPointerException: Cannot invoke "com.aventstack.extentreports.ExtentTest.info(String)" because the return value of "com.test.Listener.ExtentLogger.getTest()" is null
at com.test.Listener.ExtentLogger.info(ExtentLogger.java:16)
at com.test.Pages.Home_Page.click_HomePage_SignUp_Or_Login_Link(Home_Page.java:26)
at com.test.TestCases.TestCases.testCase_001(TestCases.java:30)
at java.base/jdk.internal.reflect.DirectMethodHandleAccessor.invoke(DirectMethodHandleAccessor.java:103)
at java.base/java.lang.reflect.Method.invoke(Method.java:580)
at org.testng.internal.invokers.MethodInvocationHelper.invokeMethod(MethodInvocationHelper.java:141)
at org.testng.internal.invokers.TestInvoker.invokeMethod(TestInvoker.java:697)
at org.testng.internal.invokers.TestInvoker.invokeTestMethod(TestInvoker.java:230)
at org.testng.internal.invokers.MethodRunner.runInSequence(MethodRunner.java:63)
at org.testng.internal.invokers.TestInvoker$MethodInvocationAgent.invoke(TestInvoker.java:1005)
at org.testng.internal.invokers.TestInvoker.invokeTestMethods(TestInvoker.java:203)
at org.testng.internal.invokers.TestMethodWorker.invokeTestMethods(TestMethodWorker.java:154)
at org.testng.internal.invokers.TestMethodWorker.run(TestMethodWorker.java:134)
at java.base/java.util.ArrayList.forEach(ArrayList.java:1596)
at org.testng.TestRunner.privateRun(TestRunner.java:744)
at org.testng.TestRunner.run(TestRunner.java:616)
at org.testng.SuiteRunner.runTest(SuiteRunner.java:421)
at org.testng.SuiteRunner.runSequentially(SuiteRunner.java:413)
at org.testng.SuiteRunner.privateRun(SuiteRunner.java:373)
at org.testng.SuiteRunner.run(SuiteRunner.java:312)
at org.testng.SuiteRunnerWorker.runSuite(SuiteRunnerWorker.java:52)
at org.testng.SuiteRunnerWorker.run(SuiteRunnerWorker.java:95)
at org.testng.TestNG.runSuitesSequentially(TestNG.java:1274)
at org.testng.TestNG.runSuitesLocally(TestNG.java:1208)
at org.testng.TestNG.runSuites(TestNG.java:1112)
at org.testng.TestNG.run(TestNG.java:1079)
at org.testng.remote.AbstractRemoteTestNG.run(AbstractRemoteTestNG.java:115)
at org.testng.remote.RemoteTestNG.initAndRun(RemoteTestNG.java:293)
at org.testng.remote.RemoteTestNG.main(RemoteTestNG.java:91)
]]>
    </failure>
  </testcase> <!-- testCase_001 -->
  <testcase classname="com.test.TestCases.TestCases" name="testCase_005" time="0.0">
    <ignored/>
  </testcase> <!-- testCase_005 -->
  <testcase classname="com.test.TestCases.TestCases" name="testCase_006" time="0.0">
    <ignored/>
  </testcase> <!-- testCase_006 -->
  <testcase classname="com.test.TestCases.TestCases" name="testCase_003" time="0.0">
    <ignored/>
  </testcase> <!-- testCase_003 -->
  <testcase classname="com.test.TestCases.TestCases" name="testCase_004" time="0.0">
    <ignored/>
  </testcase> <!-- testCase_004 -->
  <testcase classname="com.test.TestCases.TestCases" name="testCase_002" time="0.0">
    <ignored/>
  </testcase> <!-- testCase_002 -->
</testsuite> <!-- Default test -->
