<?xml version="1.0" encoding="UTF-8"?>
<testng-results ignored="0" total="6" passed="6" failed="0" skipped="0">
  <reporter-output>
  </reporter-output>
  <suite started-at="2026-04-28T01:08:54 IST" name="Automation Suite" finished-at="2026-04-28T01:10:23 IST" duration-ms="89231">
    <groups>
    </groups>
    <test started-at="2026-04-28T01:08:54 IST" name="Test1" finished-at="2026-04-28T01:10:23 IST" duration-ms="89231">
      <class name="com.test.TestCases.TestCases_1">
        <test-method is-config="true" signature="setUp(java.lang.String,java.lang.String,java.lang.String,java.lang.String,java.lang.String)[pri:0, instance:com.test.TestCases.TestCases_1@1903b5d]" started-at="2026-04-28T01:08:54 IST" name="setUp" finished-at="2026-04-28T01:09:33 IST" duration-ms="38730" status="PASS">
          <params>
            <param index="0">
              <value>
                <![CDATA[Chrome]]>
              </value>
            </param>
            <param index="1">
              <value>
                <![CDATA[local]]>
              </value>
            </param>
            <param index="2">
              <value>
                <![CDATA[http://localhost:4444/wd/hub]]>
              </value>
            </param>
            <param index="3">
              <value>
                <![CDATA[https://automationexercise.com]]>
              </value>
            </param>
            <param index="4">
              <value>
                <![CDATA[true]]>
              </value>
            </param>
          </params>
          <reporter-output>
          </reporter-output>
        </test-method> <!-- setUp -->
        <test-method is-config="true" signature="setUp(java.lang.String,java.lang.String,java.lang.String,java.lang.String,java.lang.String)[pri:0, instance:com.test.TestCases.TestCases_1@1903b5d]" started-at="2026-04-28T01:08:54 IST" name="setUp" finished-at="2026-04-28T01:09:26 IST" duration-ms="31729" status="PASS">
          <params>
            <param index="0">
              <value>
                <![CDATA[Chrome]]>
              </value>
            </param>
            <param index="1">
              <value>
                <![CDATA[local]]>
              </value>
            </param>
            <param index="2">
              <value>
                <![CDATA[http://localhost:4444/wd/hub]]>
              </value>
            </param>
            <param index="3">
              <value>
                <![CDATA[https://automationexercise.com]]>
              </value>
            </param>
            <param index="4">
              <value>
                <![CDATA[true]]>
              </value>
            </param>
          </params>
          <reporter-output>
          </reporter-output>
        </test-method> <!-- setUp -->
        <test-method is-config="true" signature="setUp(java.lang.String,java.lang.String,java.lang.String,java.lang.String,java.lang.String)[pri:0, instance:com.test.TestCases.TestCases_1@1903b5d]" started-at="2026-04-28T01:08:54 IST" name="setUp" finished-at="2026-04-28T01:09:30 IST" duration-ms="36037" status="PASS">
          <params>
            <param index="0">
              <value>
                <![CDATA[Chrome]]>
              </value>
            </param>
            <param index="1">
              <value>
                <![CDATA[local]]>
              </value>
            </param>
            <param index="2">
              <value>
                <![CDATA[http://localhost:4444/wd/hub]]>
              </value>
            </param>
            <param index="3">
              <value>
                <![CDATA[https://automationexercise.com]]>
              </value>
            </param>
            <param index="4">
              <value>
                <![CDATA[true]]>
              </value>
            </param>
          </params>
          <reporter-output>
          </reporter-output>
        </test-method> <!-- setUp -->
        <test-method is-config="true" signature="setUpPages()[pri:0, instance:com.test.TestCases.TestCases_1@1903b5d]" started-at="2026-04-28T01:09:27 IST" name="setUpPages" finished-at="2026-04-28T01:09:27 IST" duration-ms="10" status="PASS">
          <reporter-output>
          </reporter-output>
        </test-method> <!-- setUpPages -->
        <test-method signature="verifyLoginWithInvalidCredentials(java.lang.String,java.lang.String)[pri:0, instance:com.test.TestCases.TestCases_1@1903b5d]" started-at="2026-04-28T01:09:27 IST" name="verifyLoginWithInvalidCredentials" data-provider="invalidLoginData" finished-at="2026-04-28T01:09:48 IST" duration-ms="20831" status="PASS">
          <params>
            <param index="0">
              <value>
                <![CDATA[nag@nag.com]]>
              </value>
            </param>
            <param index="1">
              <value>
                <![CDATA[wrongpass]]>
              </value>
            </param>
          </params>
          <reporter-output>
          </reporter-output>
        </test-method> <!-- verifyLoginWithInvalidCredentials -->
        <test-method is-config="true" signature="setUpPages()[pri:0, instance:com.test.TestCases.TestCases_1@1903b5d]" started-at="2026-04-28T01:09:30 IST" name="setUpPages" finished-at="2026-04-28T01:09:30 IST" duration-ms="2" status="PASS">
          <reporter-output>
          </reporter-output>
        </test-method> <!-- setUpPages -->
        <test-method signature="verifyLoginWithInvalidCredentials(java.lang.String,java.lang.String)[pri:0, instance:com.test.TestCases.TestCases_1@1903b5d]" started-at="2026-04-28T01:09:30 IST" name="verifyLoginWithInvalidCredentials" data-provider="invalidLoginData" finished-at="2026-04-28T01:09:47 IST" duration-ms="16708" status="PASS">
          <params>
            <param index="0">
              <value>
                <![CDATA[user@demo.com]]>
              </value>
            </param>
            <param index="1">
              <value>
                <![CDATA[password]]>
              </value>
            </param>
          </params>
          <reporter-output>
          </reporter-output>
        </test-method> <!-- verifyLoginWithInvalidCredentials -->
        <test-method is-config="true" signature="setUpPages()[pri:0, instance:com.test.TestCases.TestCases_1@1903b5d]" started-at="2026-04-28T01:09:33 IST" name="setUpPages" finished-at="2026-04-28T01:09:33 IST" duration-ms="3" status="PASS">
          <reporter-output>
          </reporter-output>
        </test-method> <!-- setUpPages -->
        <test-method signature="verifyLoginWithInvalidCredentials(java.lang.String,java.lang.String)[pri:0, instance:com.test.TestCases.TestCases_1@1903b5d]" started-at="2026-04-28T01:09:33 IST" name="verifyLoginWithInvalidCredentials" data-provider="invalidLoginData" finished-at="2026-04-28T01:09:48 IST" duration-ms="14817" status="PASS">
          <params>
            <param index="0">
              <value>
                <![CDATA[test@test.com]]>
              </value>
            </param>
            <param index="1">
              <value>
                <![CDATA[123456]]>
              </value>
            </param>
          </params>
          <reporter-output>
          </reporter-output>
        </test-method> <!-- verifyLoginWithInvalidCredentials -->
        <test-method is-config="true" signature="tearDown()[pri:0, instance:com.test.TestCases.TestCases_1@1903b5d]" started-at="2026-04-28T01:09:47 IST" name="tearDown" finished-at="2026-04-28T01:09:55 IST" duration-ms="8211" status="PASS">
          <reporter-output>
          </reporter-output>
        </test-method> <!-- tearDown -->
        <test-method is-config="true" signature="tearDown()[pri:0, instance:com.test.TestCases.TestCases_1@1903b5d]" started-at="2026-04-28T01:09:48 IST" name="tearDown" finished-at="2026-04-28T01:09:55 IST" duration-ms="7517" status="PASS">
          <reporter-output>
          </reporter-output>
        </test-method> <!-- tearDown -->
        <test-method is-config="true" signature="tearDown()[pri:0, instance:com.test.TestCases.TestCases_1@1903b5d]" started-at="2026-04-28T01:09:48 IST" name="tearDown" finished-at="2026-04-28T01:09:56 IST" duration-ms="7356" status="PASS">
          <reporter-output>
          </reporter-output>
        </test-method> <!-- tearDown -->
        <test-method is-config="true" signature="setUp(java.lang.String,java.lang.String,java.lang.String,java.lang.String,java.lang.String)[pri:0, instance:com.test.TestCases.TestCases_1@1903b5d]" started-at="2026-04-28T01:09:56 IST" name="setUp" finished-at="2026-04-28T01:10:09 IST" duration-ms="13132" status="PASS">
          <params>
            <param index="0">
              <value>
                <![CDATA[Chrome]]>
              </value>
            </param>
            <param index="1">
              <value>
                <![CDATA[local]]>
              </value>
            </param>
            <param index="2">
              <value>
                <![CDATA[http://localhost:4444/wd/hub]]>
              </value>
            </param>
            <param index="3">
              <value>
                <![CDATA[https://automationexercise.com]]>
              </value>
            </param>
            <param index="4">
              <value>
                <![CDATA[true]]>
              </value>
            </param>
          </params>
          <reporter-output>
          </reporter-output>
        </test-method> <!-- setUp -->
        <test-method is-config="true" signature="setUp(java.lang.String,java.lang.String,java.lang.String,java.lang.String,java.lang.String)[pri:0, instance:com.test.TestCases.TestCases_1@1903b5d]" started-at="2026-04-28T01:09:56 IST" name="setUp" finished-at="2026-04-28T01:10:02 IST" duration-ms="6911" status="PASS">
          <params>
            <param index="0">
              <value>
                <![CDATA[Chrome]]>
              </value>
            </param>
            <param index="1">
              <value>
                <![CDATA[local]]>
              </value>
            </param>
            <param index="2">
              <value>
                <![CDATA[http://localhost:4444/wd/hub]]>
              </value>
            </param>
            <param index="3">
              <value>
                <![CDATA[https://automationexercise.com]]>
              </value>
            </param>
            <param index="4">
              <value>
                <![CDATA[true]]>
              </value>
            </param>
          </params>
          <reporter-output>
          </reporter-output>
        </test-method> <!-- setUp -->
        <test-method is-config="true" signature="setUp(java.lang.String,java.lang.String,java.lang.String,java.lang.String,java.lang.String)[pri:0, instance:com.test.TestCases.TestCases_1@1903b5d]" started-at="2026-04-28T01:09:56 IST" name="setUp" finished-at="2026-04-28T01:10:03 IST" duration-ms="7400" status="PASS">
          <params>
            <param index="0">
              <value>
                <![CDATA[Chrome]]>
              </value>
            </param>
            <param index="1">
              <value>
                <![CDATA[local]]>
              </value>
            </param>
            <param index="2">
              <value>
                <![CDATA[http://localhost:4444/wd/hub]]>
              </value>
            </param>
            <param index="3">
              <value>
                <![CDATA[https://automationexercise.com]]>
              </value>
            </param>
            <param index="4">
              <value>
                <![CDATA[true]]>
              </value>
            </param>
          </params>
          <reporter-output>
          </reporter-output>
        </test-method> <!-- setUp -->
        <test-method is-config="true" signature="setUpPages()[pri:0, instance:com.test.TestCases.TestCases_1@1903b5d]" started-at="2026-04-28T01:10:02 IST" name="setUpPages" finished-at="2026-04-28T01:10:02 IST" duration-ms="3" status="PASS">
          <reporter-output>
          </reporter-output>
        </test-method> <!-- setUpPages -->
        <test-method signature="verifySignupWithExistingEmail(java.lang.String,java.lang.String)[pri:0, instance:com.test.TestCases.TestCases_1@1903b5d]" started-at="2026-04-28T01:10:02 IST" name="verifySignupWithExistingEmail" data-provider="existingSignupData" finished-at="2026-04-28T01:10:21 IST" duration-ms="19017" status="PASS">
          <params>
            <param index="0">
              <value>
                <![CDATA[DemoUser]]>
              </value>
            </param>
            <param index="1">
              <value>
                <![CDATA[user@demo.com]]>
              </value>
            </param>
          </params>
          <reporter-output>
          </reporter-output>
        </test-method> <!-- verifySignupWithExistingEmail -->
        <test-method is-config="true" signature="setUpPages()[pri:0, instance:com.test.TestCases.TestCases_1@1903b5d]" started-at="2026-04-28T01:10:03 IST" name="setUpPages" finished-at="2026-04-28T01:10:03 IST" duration-ms="12" status="PASS">
          <reporter-output>
          </reporter-output>
        </test-method> <!-- setUpPages -->
        <test-method signature="verifySignupWithExistingEmail(java.lang.String,java.lang.String)[pri:0, instance:com.test.TestCases.TestCases_1@1903b5d]" started-at="2026-04-28T01:10:03 IST" name="verifySignupWithExistingEmail" data-provider="existingSignupData" finished-at="2026-04-28T01:10:18 IST" duration-ms="15399" status="PASS">
          <params>
            <param index="0">
              <value>
                <![CDATA[Nagendra]]>
              </value>
            </param>
            <param index="1">
              <value>
                <![CDATA[nage@nag.com]]>
              </value>
            </param>
          </params>
          <reporter-output>
          </reporter-output>
        </test-method> <!-- verifySignupWithExistingEmail -->
        <test-method is-config="true" signature="setUpPages()[pri:0, instance:com.test.TestCases.TestCases_1@1903b5d]" started-at="2026-04-28T01:10:09 IST" name="setUpPages" finished-at="2026-04-28T01:10:09 IST" duration-ms="3" status="PASS">
          <reporter-output>
          </reporter-output>
        </test-method> <!-- setUpPages -->
        <test-method signature="verifySignupWithExistingEmail(java.lang.String,java.lang.String)[pri:0, instance:com.test.TestCases.TestCases_1@1903b5d]" started-at="2026-04-28T01:10:09 IST" name="verifySignupWithExistingEmail" data-provider="existingSignupData" finished-at="2026-04-28T01:10:20 IST" duration-ms="11178" status="PASS">
          <params>
            <param index="0">
              <value>
                <![CDATA[TestUser]]>
              </value>
            </param>
            <param index="1">
              <value>
                <![CDATA[existing@test.com]]>
              </value>
            </param>
          </params>
          <reporter-output>
          </reporter-output>
        </test-method> <!-- verifySignupWithExistingEmail -->
        <test-method is-config="true" signature="tearDown()[pri:0, instance:com.test.TestCases.TestCases_1@1903b5d]" started-at="2026-04-28T01:10:18 IST" name="tearDown" finished-at="2026-04-28T01:10:23 IST" duration-ms="4819" status="PASS">
          <reporter-output>
          </reporter-output>
        </test-method> <!-- tearDown -->
        <test-method is-config="true" signature="tearDown()[pri:0, instance:com.test.TestCases.TestCases_1@1903b5d]" started-at="2026-04-28T01:10:20 IST" name="tearDown" finished-at="2026-04-28T01:10:23 IST" duration-ms="3281" status="PASS">
          <reporter-output>
          </reporter-output>
        </test-method> <!-- tearDown -->
        <test-method is-config="true" signature="tearDown()[pri:0, instance:com.test.TestCases.TestCases_1@1903b5d]" started-at="2026-04-28T01:10:21 IST" name="tearDown" finished-at="2026-04-28T01:10:23 IST" duration-ms="1709" status="PASS">
          <reporter-output>
          </reporter-output>
        </test-method> <!-- tearDown -->
      </class> <!-- com.test.TestCases.TestCases_1 -->
    </test> <!-- Test1 -->
  </suite> <!-- Automation Suite -->
</testng-results>
