<?xml version="1.0" encoding="UTF-8"?>
<testng-results ignored="0" total="18" passed="18" failed="0" skipped="0">
  <reporter-output>
  </reporter-output>
  <suite started-at="2026-04-25T23:50:19 IST" name="Automation Suite" finished-at="2026-04-25T23:57:21 IST" duration-ms="422223">
    <groups>
    </groups>
    <test started-at="2026-04-25T23:50:19 IST" name="Test1" finished-at="2026-04-25T23:55:22 IST" duration-ms="303663">
      <class name="com.test.TestCases.TestCases_1">
        <test-method is-config="true" signature="setUp(java.lang.String,java.lang.String,java.lang.String,java.lang.String,java.lang.String)[pri:0, instance:com.test.TestCases.TestCases_1@3db432c2]" started-at="2026-04-25T23:50:19 IST" name="setUp" finished-at="2026-04-25T23:52:48 IST" duration-ms="149222" status="PASS">
          <params>
            <param index="0">
              <value>
                <![CDATA[Chrome]]>
              </value>
            </param>
            <param index="1">
              <value>
                <![CDATA[grid]]>
              </value>
            </param>
            <param index="2">
              <value>
                <![CDATA[http://localhost:4444/wd/hub]]>
              </value>
            </param>
            <param index="3">
              <value>
                <![CDATA[https://automationexercise.com]]>
              </value>
            </param>
            <param index="4">
              <value>
                <![CDATA[true]]>
              </value>
            </param>
          </params>
          <reporter-output>
          </reporter-output>
        </test-method> <!-- setUp -->
        <test-method is-config="true" signature="setUp(java.lang.String,java.lang.String,java.lang.String,java.lang.String,java.lang.String)[pri:0, instance:com.test.TestCases.TestCases_1@3db432c2]" started-at="2026-04-25T23:50:19 IST" name="setUp" finished-at="2026-04-25T23:51:44 IST" duration-ms="85104" status="PASS">
          <params>
            <param index="0">
              <value>
                <![CDATA[Chrome]]>
              </value>
            </param>
            <param index="1">
              <value>
                <![CDATA[grid]]>
              </value>
            </param>
            <param index="2">
              <value>
                <![CDATA[http://localhost:4444/wd/hub]]>
              </value>
            </param>
            <param index="3">
              <value>
                <![CDATA[https://automationexercise.com]]>
              </value>
            </param>
            <param index="4">
              <value>
                <![CDATA[true]]>
              </value>
            </param>
          </params>
          <reporter-output>
          </reporter-output>
        </test-method> <!-- setUp -->
        <test-method is-config="true" signature="setUp(java.lang.String,java.lang.String,java.lang.String,java.lang.String,java.lang.String)[pri:0, instance:com.test.TestCases.TestCases_1@3db432c2]" started-at="2026-04-25T23:50:19 IST" name="setUp" finished-at="2026-04-25T23:52:49 IST" duration-ms="150059" status="PASS">
          <params>
            <param index="0">
              <value>
                <![CDATA[Chrome]]>
              </value>
            </param>
            <param index="1">
              <value>
                <![CDATA[grid]]>
              </value>
            </param>
            <param index="2">
              <value>
                <![CDATA[http://localhost:4444/wd/hub]]>
              </value>
            </param>
            <param index="3">
              <value>
                <![CDATA[https://automationexercise.com]]>
              </value>
            </param>
            <param index="4">
              <value>
                <![CDATA[true]]>
              </value>
            </param>
          </params>
          <reporter-output>
          </reporter-output>
        </test-method> <!-- setUp -->
        <test-method is-config="true" signature="setUpPages()[pri:0, instance:com.test.TestCases.TestCases_1@3db432c2]" started-at="2026-04-25T23:51:44 IST" name="setUpPages" finished-at="2026-04-25T23:51:44 IST" duration-ms="2" status="PASS">
          <reporter-output>
          </reporter-output>
        </test-method> <!-- setUpPages -->
        <test-method signature="verifyLoginWithInvalidCredentials(java.lang.String,java.lang.String)[pri:0, instance:com.test.TestCases.TestCases_1@3db432c2]" started-at="2026-04-25T23:51:44 IST" name="verifyLoginWithInvalidCredentials" data-provider="invalidLoginData" finished-at="2026-04-25T23:51:53 IST" duration-ms="8679" status="PASS">
          <params>
            <param index="0">
              <value>
                <![CDATA[user@demo.com]]>
              </value>
            </param>
            <param index="1">
              <value>
                <![CDATA[password]]>
              </value>
            </param>
          </params>
          <reporter-output>
          </reporter-output>
        </test-method> <!-- verifyLoginWithInvalidCredentials -->
        <test-method is-config="true" signature="tearDown()[pri:0, instance:com.test.TestCases.TestCases_1@3db432c2]" started-at="2026-04-25T23:51:53 IST" name="tearDown" finished-at="2026-04-25T23:51:56 IST" duration-ms="2923" status="PASS">
          <reporter-output>
          </reporter-output>
        </test-method> <!-- tearDown -->
        <test-method is-config="true" signature="setUpPages()[pri:0, instance:com.test.TestCases.TestCases_1@3db432c2]" started-at="2026-04-25T23:52:48 IST" name="setUpPages" finished-at="2026-04-25T23:52:48 IST" duration-ms="2" status="PASS">
          <reporter-output>
          </reporter-output>
        </test-method> <!-- setUpPages -->
        <test-method signature="verifyLoginWithInvalidCredentials(java.lang.String,java.lang.String)[pri:0, instance:com.test.TestCases.TestCases_1@3db432c2]" started-at="2026-04-25T23:52:48 IST" name="verifyLoginWithInvalidCredentials" data-provider="invalidLoginData" finished-at="2026-04-25T23:53:00 IST" duration-ms="11242" status="PASS">
          <params>
            <param index="0">
              <value>
                <![CDATA[test@test.com]]>
              </value>
            </param>
            <param index="1">
              <value>
                <![CDATA[123456]]>
              </value>
            </param>
          </params>
          <reporter-output>
          </reporter-output>
        </test-method> <!-- verifyLoginWithInvalidCredentials -->
        <test-method is-config="true" signature="setUpPages()[pri:0, instance:com.test.TestCases.TestCases_1@3db432c2]" started-at="2026-04-25T23:52:49 IST" name="setUpPages" finished-at="2026-04-25T23:52:49 IST" duration-ms="1" status="PASS">
          <reporter-output>
          </reporter-output>
        </test-method> <!-- setUpPages -->
        <test-method signature="verifyLoginWithInvalidCredentials(java.lang.String,java.lang.String)[pri:0, instance:com.test.TestCases.TestCases_1@3db432c2]" started-at="2026-04-25T23:52:49 IST" name="verifyLoginWithInvalidCredentials" data-provider="invalidLoginData" finished-at="2026-04-25T23:53:00 IST" duration-ms="10563" status="PASS">
          <params>
            <param index="0">
              <value>
                <![CDATA[nag@nag.com]]>
              </value>
            </param>
            <param index="1">
              <value>
                <![CDATA[wrongpass]]>
              </value>
            </param>
          </params>
          <reporter-output>
          </reporter-output>
        </test-method> <!-- verifyLoginWithInvalidCredentials -->
        <test-method is-config="true" signature="tearDown()[pri:0, instance:com.test.TestCases.TestCases_1@3db432c2]" started-at="2026-04-25T23:53:00 IST" name="tearDown" finished-at="2026-04-25T23:53:03 IST" duration-ms="3016" status="PASS">
          <reporter-output>
          </reporter-output>
        </test-method> <!-- tearDown -->
        <test-method is-config="true" signature="tearDown()[pri:0, instance:com.test.TestCases.TestCases_1@3db432c2]" started-at="2026-04-25T23:53:00 IST" name="tearDown" finished-at="2026-04-25T23:53:06 IST" duration-ms="6317" status="PASS">
          <reporter-output>
          </reporter-output>
        </test-method> <!-- tearDown -->
        <test-method is-config="true" signature="setUp(java.lang.String,java.lang.String,java.lang.String,java.lang.String,java.lang.String)[pri:0, instance:com.test.TestCases.TestCases_1@3db432c2]" started-at="2026-04-25T23:53:06 IST" name="setUp" finished-at="2026-04-25T23:54:15 IST" duration-ms="68978" status="PASS">
          <params>
            <param index="0">
              <value>
                <![CDATA[Chrome]]>
              </value>
            </param>
            <param index="1">
              <value>
                <![CDATA[grid]]>
              </value>
            </param>
            <param index="2">
              <value>
                <![CDATA[http://localhost:4444/wd/hub]]>
              </value>
            </param>
            <param index="3">
              <value>
                <![CDATA[https://automationexercise.com]]>
              </value>
            </param>
            <param index="4">
              <value>
                <![CDATA[true]]>
              </value>
            </param>
          </params>
          <reporter-output>
          </reporter-output>
        </test-method> <!-- setUp -->
        <test-method is-config="true" signature="setUp(java.lang.String,java.lang.String,java.lang.String,java.lang.String,java.lang.String)[pri:0, instance:com.test.TestCases.TestCases_1@3db432c2]" started-at="2026-04-25T23:53:06 IST" name="setUp" finished-at="2026-04-25T23:55:05 IST" duration-ms="118479" status="PASS">
          <params>
            <param index="0">
              <value>
                <![CDATA[Chrome]]>
              </value>
            </param>
            <param index="1">
              <value>
                <![CDATA[grid]]>
              </value>
            </param>
            <param index="2">
              <value>
                <![CDATA[http://localhost:4444/wd/hub]]>
              </value>
            </param>
            <param index="3">
              <value>
                <![CDATA[https://automationexercise.com]]>
              </value>
            </param>
            <param index="4">
              <value>
                <![CDATA[true]]>
              </value>
            </param>
          </params>
          <reporter-output>
          </reporter-output>
        </test-method> <!-- setUp -->
        <test-method is-config="true" signature="setUp(java.lang.String,java.lang.String,java.lang.String,java.lang.String,java.lang.String)[pri:0, instance:com.test.TestCases.TestCases_1@3db432c2]" started-at="2026-04-25T23:53:06 IST" name="setUp" finished-at="2026-04-25T23:55:01 IST" duration-ms="115204" status="PASS">
          <params>
            <param index="0">
              <value>
                <![CDATA[Chrome]]>
              </value>
            </param>
            <param index="1">
              <value>
                <![CDATA[grid]]>
              </value>
            </param>
            <param index="2">
              <value>
                <![CDATA[http://localhost:4444/wd/hub]]>
              </value>
            </param>
            <param index="3">
              <value>
                <![CDATA[https://automationexercise.com]]>
              </value>
            </param>
            <param index="4">
              <value>
                <![CDATA[true]]>
              </value>
            </param>
          </params>
          <reporter-output>
          </reporter-output>
        </test-method> <!-- setUp -->
        <test-method is-config="true" signature="setUpPages()[pri:0, instance:com.test.TestCases.TestCases_1@3db432c2]" started-at="2026-04-25T23:54:15 IST" name="setUpPages" finished-at="2026-04-25T23:54:15 IST" duration-ms="1" status="PASS">
          <reporter-output>
          </reporter-output>
        </test-method> <!-- setUpPages -->
        <test-method signature="verifySignupWithExistingEmail(java.lang.String,java.lang.String)[pri:0, instance:com.test.TestCases.TestCases_1@3db432c2]" started-at="2026-04-25T23:54:15 IST" name="verifySignupWithExistingEmail" data-provider="existingSignupData" finished-at="2026-04-25T23:54:25 IST" duration-ms="10064" status="PASS">
          <params>
            <param index="0">
              <value>
                <![CDATA[TestUser]]>
              </value>
            </param>
            <param index="1">
              <value>
                <![CDATA[existing@test.com]]>
              </value>
            </param>
          </params>
          <reporter-output>
          </reporter-output>
        </test-method> <!-- verifySignupWithExistingEmail -->
        <test-method is-config="true" signature="tearDown()[pri:0, instance:com.test.TestCases.TestCases_1@3db432c2]" started-at="2026-04-25T23:54:25 IST" name="tearDown" finished-at="2026-04-25T23:55:15 IST" duration-ms="50134" status="PASS">
          <reporter-output>
          </reporter-output>
        </test-method> <!-- tearDown -->
        <test-method is-config="true" signature="setUpPages()[pri:0, instance:com.test.TestCases.TestCases_1@3db432c2]" started-at="2026-04-25T23:55:01 IST" name="setUpPages" finished-at="2026-04-25T23:55:01 IST" duration-ms="22" status="PASS">
          <reporter-output>
          </reporter-output>
        </test-method> <!-- setUpPages -->
        <test-method signature="verifySignupWithExistingEmail(java.lang.String,java.lang.String)[pri:0, instance:com.test.TestCases.TestCases_1@3db432c2]" started-at="2026-04-25T23:55:01 IST" name="verifySignupWithExistingEmail" data-provider="existingSignupData" finished-at="2026-04-25T23:55:14 IST" duration-ms="13096" status="PASS">
          <params>
            <param index="0">
              <value>
                <![CDATA[DemoUser]]>
              </value>
            </param>
            <param index="1">
              <value>
                <![CDATA[user@demo.com]]>
              </value>
            </param>
          </params>
          <reporter-output>
          </reporter-output>
        </test-method> <!-- verifySignupWithExistingEmail -->
        <test-method is-config="true" signature="setUpPages()[pri:0, instance:com.test.TestCases.TestCases_1@3db432c2]" started-at="2026-04-25T23:55:05 IST" name="setUpPages" finished-at="2026-04-25T23:55:05 IST" duration-ms="19" status="PASS">
          <reporter-output>
          </reporter-output>
        </test-method> <!-- setUpPages -->
        <test-method signature="verifySignupWithExistingEmail(java.lang.String,java.lang.String)[pri:0, instance:com.test.TestCases.TestCases_1@3db432c2]" started-at="2026-04-25T23:55:05 IST" name="verifySignupWithExistingEmail" data-provider="existingSignupData" finished-at="2026-04-25T23:55:15 IST" duration-ms="10460" status="PASS">
          <params>
            <param index="0">
              <value>
                <![CDATA[Nagendra]]>
              </value>
            </param>
            <param index="1">
              <value>
                <![CDATA[nage@nag.com]]>
              </value>
            </param>
          </params>
          <reporter-output>
          </reporter-output>
        </test-method> <!-- verifySignupWithExistingEmail -->
        <test-method is-config="true" signature="tearDown()[pri:0, instance:com.test.TestCases.TestCases_1@3db432c2]" started-at="2026-04-25T23:55:14 IST" name="tearDown" finished-at="2026-04-25T23:55:20 IST" duration-ms="5942" status="PASS">
          <reporter-output>
          </reporter-output>
        </test-method> <!-- tearDown -->
        <test-method is-config="true" signature="tearDown()[pri:0, instance:com.test.TestCases.TestCases_1@3db432c2]" started-at="2026-04-25T23:55:15 IST" name="tearDown" finished-at="2026-04-25T23:55:22 IST" duration-ms="7294" status="PASS">
          <reporter-output>
          </reporter-output>
        </test-method> <!-- tearDown -->
      </class> <!-- com.test.TestCases.TestCases_1 -->
    </test> <!-- Test1 -->
    <test started-at="2026-04-25T23:50:19 IST" name="Test2" finished-at="2026-04-25T23:57:17 IST" duration-ms="418036">
      <class name="com.test.TestCases.TestCases_1">
        <test-method is-config="true" signature="setUp(java.lang.String,java.lang.String,java.lang.String,java.lang.String,java.lang.String)[pri:0, instance:com.test.TestCases.TestCases_1@629a9f26]" started-at="2026-04-25T23:50:19 IST" name="setUp" finished-at="2026-04-25T23:51:13 IST" duration-ms="54285" status="PASS">
          <params>
            <param index="0">
              <value>
                <![CDATA[Firefox]]>
              </value>
            </param>
            <param index="1">
              <value>
                <![CDATA[grid]]>
              </value>
            </param>
            <param index="2">
              <value>
                <![CDATA[http://localhost:4444/wd/hub]]>
              </value>
            </param>
            <param index="3">
              <value>
                <![CDATA[https://automationexercise.com]]>
              </value>
            </param>
            <param index="4">
              <value>
                <![CDATA[true]]>
              </value>
            </param>
          </params>
          <reporter-output>
          </reporter-output>
        </test-method> <!-- setUp -->
        <test-method is-config="true" signature="setUp(java.lang.String,java.lang.String,java.lang.String,java.lang.String,java.lang.String)[pri:0, instance:com.test.TestCases.TestCases_1@629a9f26]" started-at="2026-04-25T23:50:19 IST" name="setUp" finished-at="2026-04-25T23:52:32 IST" duration-ms="132680" status="PASS">
          <params>
            <param index="0">
              <value>
                <![CDATA[Firefox]]>
              </value>
            </param>
            <param index="1">
              <value>
                <![CDATA[grid]]>
              </value>
            </param>
            <param index="2">
              <value>
                <![CDATA[http://localhost:4444/wd/hub]]>
              </value>
            </param>
            <param index="3">
              <value>
                <![CDATA[https://automationexercise.com]]>
              </value>
            </param>
            <param index="4">
              <value>
                <![CDATA[true]]>
              </value>
            </param>
          </params>
          <reporter-output>
          </reporter-output>
        </test-method> <!-- setUp -->
        <test-method is-config="true" signature="setUp(java.lang.String,java.lang.String,java.lang.String,java.lang.String,java.lang.String)[pri:0, instance:com.test.TestCases.TestCases_1@629a9f26]" started-at="2026-04-25T23:50:19 IST" name="setUp" finished-at="2026-04-25T23:51:09 IST" duration-ms="49900" status="PASS">
          <params>
            <param index="0">
              <value>
                <![CDATA[Firefox]]>
              </value>
            </param>
            <param index="1">
              <value>
                <![CDATA[grid]]>
              </value>
            </param>
            <param index="2">
              <value>
                <![CDATA[http://localhost:4444/wd/hub]]>
              </value>
            </param>
            <param index="3">
              <value>
                <![CDATA[https://automationexercise.com]]>
              </value>
            </param>
            <param index="4">
              <value>
                <![CDATA[true]]>
              </value>
            </param>
          </params>
          <reporter-output>
          </reporter-output>
        </test-method> <!-- setUp -->
        <test-method is-config="true" signature="setUpPages()[pri:0, instance:com.test.TestCases.TestCases_1@629a9f26]" started-at="2026-04-25T23:51:09 IST" name="setUpPages" finished-at="2026-04-25T23:51:09 IST" duration-ms="5" status="PASS">
          <reporter-output>
          </reporter-output>
        </test-method> <!-- setUpPages -->
        <test-method signature="verifyLoginWithInvalidCredentials(java.lang.String,java.lang.String)[pri:0, instance:com.test.TestCases.TestCases_1@629a9f26]" started-at="2026-04-25T23:51:09 IST" name="verifyLoginWithInvalidCredentials" data-provider="invalidLoginData" finished-at="2026-04-25T23:51:37 IST" duration-ms="28215" status="PASS">
          <params>
            <param index="0">
              <value>
                <![CDATA[test@test.com]]>
              </value>
            </param>
            <param index="1">
              <value>
                <![CDATA[123456]]>
              </value>
            </param>
          </params>
          <reporter-output>
          </reporter-output>
        </test-method> <!-- verifyLoginWithInvalidCredentials -->
        <test-method is-config="true" signature="setUpPages()[pri:0, instance:com.test.TestCases.TestCases_1@629a9f26]" started-at="2026-04-25T23:51:13 IST" name="setUpPages" finished-at="2026-04-25T23:51:13 IST" duration-ms="1" status="PASS">
          <reporter-output>
          </reporter-output>
        </test-method> <!-- setUpPages -->
        <test-method signature="verifyLoginWithInvalidCredentials(java.lang.String,java.lang.String)[pri:0, instance:com.test.TestCases.TestCases_1@629a9f26]" started-at="2026-04-25T23:51:13 IST" name="verifyLoginWithInvalidCredentials" data-provider="invalidLoginData" finished-at="2026-04-25T23:51:36 IST" duration-ms="22361" status="PASS">
          <params>
            <param index="0">
              <value>
                <![CDATA[user@demo.com]]>
              </value>
            </param>
            <param index="1">
              <value>
                <![CDATA[password]]>
              </value>
            </param>
          </params>
          <reporter-output>
          </reporter-output>
        </test-method> <!-- verifyLoginWithInvalidCredentials -->
        <test-method is-config="true" signature="tearDown()[pri:0, instance:com.test.TestCases.TestCases_1@629a9f26]" started-at="2026-04-25T23:51:36 IST" name="tearDown" finished-at="2026-04-25T23:51:54 IST" duration-ms="18197" status="PASS">
          <reporter-output>
          </reporter-output>
        </test-method> <!-- tearDown -->
        <test-method is-config="true" signature="tearDown()[pri:0, instance:com.test.TestCases.TestCases_1@629a9f26]" started-at="2026-04-25T23:51:37 IST" name="tearDown" finished-at="2026-04-25T23:51:54 IST" duration-ms="16520" status="PASS">
          <reporter-output>
          </reporter-output>
        </test-method> <!-- tearDown -->
        <test-method is-config="true" signature="setUpPages()[pri:0, instance:com.test.TestCases.TestCases_1@629a9f26]" started-at="2026-04-25T23:52:32 IST" name="setUpPages" finished-at="2026-04-25T23:52:32 IST" duration-ms="2" status="PASS">
          <reporter-output>
          </reporter-output>
        </test-method> <!-- setUpPages -->
        <test-method signature="verifyLoginWithInvalidCredentials(java.lang.String,java.lang.String)[pri:0, instance:com.test.TestCases.TestCases_1@629a9f26]" started-at="2026-04-25T23:52:32 IST" name="verifyLoginWithInvalidCredentials" data-provider="invalidLoginData" finished-at="2026-04-25T23:52:46 IST" duration-ms="14407" status="PASS">
          <params>
            <param index="0">
              <value>
                <![CDATA[nag@nag.com]]>
              </value>
            </param>
            <param index="1">
              <value>
                <![CDATA[wrongpass]]>
              </value>
            </param>
          </params>
          <reporter-output>
          </reporter-output>
        </test-method> <!-- verifyLoginWithInvalidCredentials -->
        <test-method is-config="true" signature="tearDown()[pri:0, instance:com.test.TestCases.TestCases_1@629a9f26]" started-at="2026-04-25T23:52:46 IST" name="tearDown" finished-at="2026-04-25T23:53:01 IST" duration-ms="14756" status="PASS">
          <reporter-output>
          </reporter-output>
        </test-method> <!-- tearDown -->
        <test-method is-config="true" signature="setUp(java.lang.String,java.lang.String,java.lang.String,java.lang.String,java.lang.String)[pri:0, instance:com.test.TestCases.TestCases_1@629a9f26]" started-at="2026-04-25T23:53:01 IST" name="setUp" finished-at="2026-04-25T23:53:46 IST" duration-ms="44978" status="PASS">
          <params>
            <param index="0">
              <value>
                <![CDATA[Firefox]]>
              </value>
            </param>
            <param index="1">
              <value>
                <![CDATA[grid]]>
              </value>
            </param>
            <param index="2">
              <value>
                <![CDATA[http://localhost:4444/wd/hub]]>
              </value>
            </param>
            <param index="3">
              <value>
                <![CDATA[https://automationexercise.com]]>
              </value>
            </param>
            <param index="4">
              <value>
                <![CDATA[true]]>
              </value>
            </param>
          </params>
          <reporter-output>
          </reporter-output>
        </test-method> <!-- setUp -->
        <test-method is-config="true" signature="setUp(java.lang.String,java.lang.String,java.lang.String,java.lang.String,java.lang.String)[pri:0, instance:com.test.TestCases.TestCases_1@629a9f26]" started-at="2026-04-25T23:53:01 IST" name="setUp" finished-at="2026-04-25T23:56:26 IST" duration-ms="204702" status="PASS">
          <params>
            <param index="0">
              <value>
                <![CDATA[Firefox]]>
              </value>
            </param>
            <param index="1">
              <value>
                <![CDATA[grid]]>
              </value>
            </param>
            <param index="2">
              <value>
                <![CDATA[http://localhost:4444/wd/hub]]>
              </value>
            </param>
            <param index="3">
              <value>
                <![CDATA[https://automationexercise.com]]>
              </value>
            </param>
            <param index="4">
              <value>
                <![CDATA[true]]>
              </value>
            </param>
          </params>
          <reporter-output>
          </reporter-output>
        </test-method> <!-- setUp -->
        <test-method is-config="true" signature="setUp(java.lang.String,java.lang.String,java.lang.String,java.lang.String,java.lang.String)[pri:0, instance:com.test.TestCases.TestCases_1@629a9f26]" started-at="2026-04-25T23:53:01 IST" name="setUp" finished-at="2026-04-25T23:53:40 IST" duration-ms="38730" status="PASS">
          <params>
            <param index="0">
              <value>
                <![CDATA[Firefox]]>
              </value>
            </param>
            <param index="1">
              <value>
                <![CDATA[grid]]>
              </value>
            </param>
            <param index="2">
              <value>
                <![CDATA[http://localhost:4444/wd/hub]]>
              </value>
            </param>
            <param index="3">
              <value>
                <![CDATA[https://automationexercise.com]]>
              </value>
            </param>
            <param index="4">
              <value>
                <![CDATA[true]]>
              </value>
            </param>
          </params>
          <reporter-output>
          </reporter-output>
        </test-method> <!-- setUp -->
        <test-method is-config="true" signature="setUpPages()[pri:0, instance:com.test.TestCases.TestCases_1@629a9f26]" started-at="2026-04-25T23:53:40 IST" name="setUpPages" finished-at="2026-04-25T23:53:40 IST" duration-ms="3" status="PASS">
          <reporter-output>
          </reporter-output>
        </test-method> <!-- setUpPages -->
        <test-method signature="verifySignupWithExistingEmail(java.lang.String,java.lang.String)[pri:0, instance:com.test.TestCases.TestCases_1@629a9f26]" started-at="2026-04-25T23:53:40 IST" name="verifySignupWithExistingEmail" data-provider="existingSignupData" finished-at="2026-04-25T23:54:09 IST" duration-ms="29640" status="PASS">
          <params>
            <param index="0">
              <value>
                <![CDATA[Nagendra]]>
              </value>
            </param>
            <param index="1">
              <value>
                <![CDATA[nage@nag.com]]>
              </value>
            </param>
          </params>
          <reporter-output>
          </reporter-output>
        </test-method> <!-- verifySignupWithExistingEmail -->
        <test-method is-config="true" signature="setUpPages()[pri:0, instance:com.test.TestCases.TestCases_1@629a9f26]" started-at="2026-04-25T23:53:46 IST" name="setUpPages" finished-at="2026-04-25T23:53:46 IST" duration-ms="1" status="PASS">
          <reporter-output>
          </reporter-output>
        </test-method> <!-- setUpPages -->
        <test-method signature="verifySignupWithExistingEmail(java.lang.String,java.lang.String)[pri:0, instance:com.test.TestCases.TestCases_1@629a9f26]" started-at="2026-04-25T23:53:46 IST" name="verifySignupWithExistingEmail" data-provider="existingSignupData" finished-at="2026-04-25T23:54:07 IST" duration-ms="21352" status="PASS">
          <params>
            <param index="0">
              <value>
                <![CDATA[DemoUser]]>
              </value>
            </param>
            <param index="1">
              <value>
                <![CDATA[user@demo.com]]>
              </value>
            </param>
          </params>
          <reporter-output>
          </reporter-output>
        </test-method> <!-- verifySignupWithExistingEmail -->
        <test-method is-config="true" signature="tearDown()[pri:0, instance:com.test.TestCases.TestCases_1@629a9f26]" started-at="2026-04-25T23:54:07 IST" name="tearDown" finished-at="2026-04-25T23:54:27 IST" duration-ms="19787" status="PASS">
          <reporter-output>
          </reporter-output>
        </test-method> <!-- tearDown -->
        <test-method is-config="true" signature="tearDown()[pri:0, instance:com.test.TestCases.TestCases_1@629a9f26]" started-at="2026-04-25T23:54:09 IST" name="tearDown" finished-at="2026-04-25T23:54:27 IST" duration-ms="17991" status="PASS">
          <reporter-output>
          </reporter-output>
        </test-method> <!-- tearDown -->
        <test-method is-config="true" signature="setUpPages()[pri:0, instance:com.test.TestCases.TestCases_1@629a9f26]" started-at="2026-04-25T23:56:26 IST" name="setUpPages" finished-at="2026-04-25T23:56:26 IST" duration-ms="1" status="PASS">
          <reporter-output>
          </reporter-output>
        </test-method> <!-- setUpPages -->
        <test-method signature="verifySignupWithExistingEmail(java.lang.String,java.lang.String)[pri:0, instance:com.test.TestCases.TestCases_1@629a9f26]" started-at="2026-04-25T23:56:26 IST" name="verifySignupWithExistingEmail" data-provider="existingSignupData" finished-at="2026-04-25T23:56:46 IST" duration-ms="20536" status="PASS">
          <params>
            <param index="0">
              <value>
                <![CDATA[TestUser]]>
              </value>
            </param>
            <param index="1">
              <value>
                <![CDATA[existing@test.com]]>
              </value>
            </param>
          </params>
          <reporter-output>
          </reporter-output>
        </test-method> <!-- verifySignupWithExistingEmail -->
        <test-method is-config="true" signature="tearDown()[pri:0, instance:com.test.TestCases.TestCases_1@629a9f26]" started-at="2026-04-25T23:56:46 IST" name="tearDown" finished-at="2026-04-25T23:57:17 IST" duration-ms="30474" status="PASS">
          <reporter-output>
          </reporter-output>
        </test-method> <!-- tearDown -->
      </class> <!-- com.test.TestCases.TestCases_1 -->
    </test> <!-- Test2 -->
    <test started-at="2026-04-25T23:50:19 IST" name="Test3" finished-at="2026-04-25T23:57:21 IST" duration-ms="422221">
      <class name="com.test.TestCases.TestCases_1">
        <test-method is-config="true" signature="setUp(java.lang.String,java.lang.String,java.lang.String,java.lang.String,java.lang.String)[pri:0, instance:com.test.TestCases.TestCases_1@4391a2d8]" started-at="2026-04-25T23:50:19 IST" name="setUp" finished-at="2026-04-25T23:53:06 IST" duration-ms="167326" status="PASS">
          <params>
            <param index="0">
              <value>
                <![CDATA[Edge]]>
              </value>
            </param>
            <param index="1">
              <value>
                <![CDATA[grid]]>
              </value>
            </param>
            <param index="2">
              <value>
                <![CDATA[http://localhost:4444/wd/hub]]>
              </value>
            </param>
            <param index="3">
              <value>
                <![CDATA[https://automationexercise.com]]>
              </value>
            </param>
            <param index="4">
              <value>
                <![CDATA[true]]>
              </value>
            </param>
          </params>
          <reporter-output>
          </reporter-output>
        </test-method> <!-- setUp -->
        <test-method is-config="true" signature="setUp(java.lang.String,java.lang.String,java.lang.String,java.lang.String,java.lang.String)[pri:0, instance:com.test.TestCases.TestCases_1@4391a2d8]" started-at="2026-04-25T23:50:19 IST" name="setUp" finished-at="2026-04-25T23:50:31 IST" duration-ms="12013" status="PASS">
          <params>
            <param index="0">
              <value>
                <![CDATA[Edge]]>
              </value>
            </param>
            <param index="1">
              <value>
                <![CDATA[grid]]>
              </value>
            </param>
            <param index="2">
              <value>
                <![CDATA[http://localhost:4444/wd/hub]]>
              </value>
            </param>
            <param index="3">
              <value>
                <![CDATA[https://automationexercise.com]]>
              </value>
            </param>
            <param index="4">
              <value>
                <![CDATA[true]]>
              </value>
            </param>
          </params>
          <reporter-output>
          </reporter-output>
        </test-method> <!-- setUp -->
        <test-method is-config="true" signature="setUp(java.lang.String,java.lang.String,java.lang.String,java.lang.String,java.lang.String)[pri:0, instance:com.test.TestCases.TestCases_1@4391a2d8]" started-at="2026-04-25T23:50:19 IST" name="setUp" finished-at="2026-04-25T23:52:22 IST" duration-ms="122519" status="PASS">
          <params>
            <param index="0">
              <value>
                <![CDATA[Edge]]>
              </value>
            </param>
            <param index="1">
              <value>
                <![CDATA[grid]]>
              </value>
            </param>
            <param index="2">
              <value>
                <![CDATA[http://localhost:4444/wd/hub]]>
              </value>
            </param>
            <param index="3">
              <value>
                <![CDATA[https://automationexercise.com]]>
              </value>
            </param>
            <param index="4">
              <value>
                <![CDATA[true]]>
              </value>
            </param>
          </params>
          <reporter-output>
          </reporter-output>
        </test-method> <!-- setUp -->
        <test-method is-config="true" signature="setUpPages()[pri:0, instance:com.test.TestCases.TestCases_1@4391a2d8]" started-at="2026-04-25T23:50:32 IST" name="setUpPages" finished-at="2026-04-25T23:50:32 IST" duration-ms="51" status="PASS">
          <reporter-output>
          </reporter-output>
        </test-method> <!-- setUpPages -->
        <test-method signature="verifyLoginWithInvalidCredentials(java.lang.String,java.lang.String)[pri:0, instance:com.test.TestCases.TestCases_1@4391a2d8]" started-at="2026-04-25T23:50:33 IST" name="verifyLoginWithInvalidCredentials" data-provider="invalidLoginData" finished-at="2026-04-25T23:51:53 IST" duration-ms="80046" status="PASS">
          <params>
            <param index="0">
              <value>
                <![CDATA[user@demo.com]]>
              </value>
            </param>
            <param index="1">
              <value>
                <![CDATA[password]]>
              </value>
            </param>
          </params>
          <reporter-output>
          </reporter-output>
        </test-method> <!-- verifyLoginWithInvalidCredentials -->
        <test-method is-config="true" signature="tearDown()[pri:0, instance:com.test.TestCases.TestCases_1@4391a2d8]" started-at="2026-04-25T23:51:53 IST" name="tearDown" finished-at="2026-04-25T23:51:56 IST" duration-ms="3231" status="PASS">
          <reporter-output>
          </reporter-output>
        </test-method> <!-- tearDown -->
        <test-method is-config="true" signature="setUpPages()[pri:0, instance:com.test.TestCases.TestCases_1@4391a2d8]" started-at="2026-04-25T23:52:22 IST" name="setUpPages" finished-at="2026-04-25T23:52:22 IST" duration-ms="2" status="PASS">
          <reporter-output>
          </reporter-output>
        </test-method> <!-- setUpPages -->
        <test-method signature="verifyLoginWithInvalidCredentials(java.lang.String,java.lang.String)[pri:0, instance:com.test.TestCases.TestCases_1@4391a2d8]" started-at="2026-04-25T23:52:22 IST" name="verifyLoginWithInvalidCredentials" data-provider="invalidLoginData" finished-at="2026-04-25T23:52:57 IST" duration-ms="35652" status="PASS">
          <params>
            <param index="0">
              <value>
                <![CDATA[nag@nag.com]]>
              </value>
            </param>
            <param index="1">
              <value>
                <![CDATA[wrongpass]]>
              </value>
            </param>
          </params>
          <reporter-output>
          </reporter-output>
        </test-method> <!-- verifyLoginWithInvalidCredentials -->
        <test-method is-config="true" signature="tearDown()[pri:0, instance:com.test.TestCases.TestCases_1@4391a2d8]" started-at="2026-04-25T23:52:57 IST" name="tearDown" finished-at="2026-04-25T23:53:13 IST" duration-ms="15422" status="PASS">
          <reporter-output>
          </reporter-output>
        </test-method> <!-- tearDown -->
        <test-method is-config="true" signature="setUpPages()[pri:0, instance:com.test.TestCases.TestCases_1@4391a2d8]" started-at="2026-04-25T23:53:06 IST" name="setUpPages" finished-at="2026-04-25T23:53:06 IST" duration-ms="1" status="PASS">
          <reporter-output>
          </reporter-output>
        </test-method> <!-- setUpPages -->
        <test-method signature="verifyLoginWithInvalidCredentials(java.lang.String,java.lang.String)[pri:0, instance:com.test.TestCases.TestCases_1@4391a2d8]" started-at="2026-04-25T23:53:06 IST" name="verifyLoginWithInvalidCredentials" data-provider="invalidLoginData" finished-at="2026-04-25T23:54:24 IST" duration-ms="77290" status="PASS">
          <params>
            <param index="0">
              <value>
                <![CDATA[test@test.com]]>
              </value>
            </param>
            <param index="1">
              <value>
                <![CDATA[123456]]>
              </value>
            </param>
          </params>
          <reporter-output>
          </reporter-output>
        </test-method> <!-- verifyLoginWithInvalidCredentials -->
        <test-method is-config="true" signature="tearDown()[pri:0, instance:com.test.TestCases.TestCases_1@4391a2d8]" started-at="2026-04-25T23:54:24 IST" name="tearDown" finished-at="2026-04-25T23:55:19 IST" duration-ms="55102" status="PASS">
          <reporter-output>
          </reporter-output>
        </test-method> <!-- tearDown -->
        <test-method is-config="true" signature="setUp(java.lang.String,java.lang.String,java.lang.String,java.lang.String,java.lang.String)[pri:0, instance:com.test.TestCases.TestCases_1@4391a2d8]" started-at="2026-04-25T23:55:19 IST" name="setUp" finished-at="2026-04-25T23:56:54 IST" duration-ms="95325" status="PASS">
          <params>
            <param index="0">
              <value>
                <![CDATA[Edge]]>
              </value>
            </param>
            <param index="1">
              <value>
                <![CDATA[grid]]>
              </value>
            </param>
            <param index="2">
              <value>
                <![CDATA[http://localhost:4444/wd/hub]]>
              </value>
            </param>
            <param index="3">
              <value>
                <![CDATA[https://automationexercise.com]]>
              </value>
            </param>
            <param index="4">
              <value>
                <![CDATA[true]]>
              </value>
            </param>
          </params>
          <reporter-output>
          </reporter-output>
        </test-method> <!-- setUp -->
        <test-method is-config="true" signature="setUp(java.lang.String,java.lang.String,java.lang.String,java.lang.String,java.lang.String)[pri:0, instance:com.test.TestCases.TestCases_1@4391a2d8]" started-at="2026-04-25T23:55:19 IST" name="setUp" finished-at="2026-04-25T23:56:53 IST" duration-ms="94348" status="PASS">
          <params>
            <param index="0">
              <value>
                <![CDATA[Edge]]>
              </value>
            </param>
            <param index="1">
              <value>
                <![CDATA[grid]]>
              </value>
            </param>
            <param index="2">
              <value>
                <![CDATA[http://localhost:4444/wd/hub]]>
              </value>
            </param>
            <param index="3">
              <value>
                <![CDATA[https://automationexercise.com]]>
              </value>
            </param>
            <param index="4">
              <value>
                <![CDATA[true]]>
              </value>
            </param>
          </params>
          <reporter-output>
          </reporter-output>
        </test-method> <!-- setUp -->
        <test-method is-config="true" signature="setUp(java.lang.String,java.lang.String,java.lang.String,java.lang.String,java.lang.String)[pri:0, instance:com.test.TestCases.TestCases_1@4391a2d8]" started-at="2026-04-25T23:55:19 IST" name="setUp" finished-at="2026-04-25T23:55:55 IST" duration-ms="36606" status="PASS">
          <params>
            <param index="0">
              <value>
                <![CDATA[Edge]]>
              </value>
            </param>
            <param index="1">
              <value>
                <![CDATA[grid]]>
              </value>
            </param>
            <param index="2">
              <value>
                <![CDATA[http://localhost:4444/wd/hub]]>
              </value>
            </param>
            <param index="3">
              <value>
                <![CDATA[https://automationexercise.com]]>
              </value>
            </param>
            <param index="4">
              <value>
                <![CDATA[true]]>
              </value>
            </param>
          </params>
          <reporter-output>
          </reporter-output>
        </test-method> <!-- setUp -->
        <test-method is-config="true" signature="setUpPages()[pri:0, instance:com.test.TestCases.TestCases_1@4391a2d8]" started-at="2026-04-25T23:55:55 IST" name="setUpPages" finished-at="2026-04-25T23:55:56 IST" duration-ms="66" status="PASS">
          <reporter-output>
          </reporter-output>
        </test-method> <!-- setUpPages -->
        <test-method signature="verifySignupWithExistingEmail(java.lang.String,java.lang.String)[pri:0, instance:com.test.TestCases.TestCases_1@4391a2d8]" started-at="2026-04-25T23:55:56 IST" name="verifySignupWithExistingEmail" data-provider="existingSignupData" finished-at="2026-04-25T23:57:14 IST" duration-ms="78743" status="PASS">
          <params>
            <param index="0">
              <value>
                <![CDATA[DemoUser]]>
              </value>
            </param>
            <param index="1">
              <value>
                <![CDATA[user@demo.com]]>
              </value>
            </param>
          </params>
          <reporter-output>
          </reporter-output>
        </test-method> <!-- verifySignupWithExistingEmail -->
        <test-method is-config="true" signature="setUpPages()[pri:0, instance:com.test.TestCases.TestCases_1@4391a2d8]" started-at="2026-04-25T23:56:53 IST" name="setUpPages" finished-at="2026-04-25T23:56:53 IST" duration-ms="7" status="PASS">
          <reporter-output>
          </reporter-output>
        </test-method> <!-- setUpPages -->
        <test-method signature="verifySignupWithExistingEmail(java.lang.String,java.lang.String)[pri:0, instance:com.test.TestCases.TestCases_1@4391a2d8]" started-at="2026-04-25T23:56:53 IST" name="verifySignupWithExistingEmail" data-provider="existingSignupData" finished-at="2026-04-25T23:57:12 IST" duration-ms="18579" status="PASS">
          <params>
            <param index="0">
              <value>
                <![CDATA[Nagendra]]>
              </value>
            </param>
            <param index="1">
              <value>
                <![CDATA[nage@nag.com]]>
              </value>
            </param>
          </params>
          <reporter-output>
          </reporter-output>
        </test-method> <!-- verifySignupWithExistingEmail -->
        <test-method is-config="true" signature="setUpPages()[pri:0, instance:com.test.TestCases.TestCases_1@4391a2d8]" started-at="2026-04-25T23:56:54 IST" name="setUpPages" finished-at="2026-04-25T23:56:54 IST" duration-ms="2" status="PASS">
          <reporter-output>
          </reporter-output>
        </test-method> <!-- setUpPages -->
        <test-method signature="verifySignupWithExistingEmail(java.lang.String,java.lang.String)[pri:0, instance:com.test.TestCases.TestCases_1@4391a2d8]" started-at="2026-04-25T23:56:54 IST" name="verifySignupWithExistingEmail" data-provider="existingSignupData" finished-at="2026-04-25T23:57:13 IST" duration-ms="18821" status="PASS">
          <params>
            <param index="0">
              <value>
                <![CDATA[TestUser]]>
              </value>
            </param>
            <param index="1">
              <value>
                <![CDATA[existing@test.com]]>
              </value>
            </param>
          </params>
          <reporter-output>
          </reporter-output>
        </test-method> <!-- verifySignupWithExistingEmail -->
        <test-method is-config="true" signature="tearDown()[pri:0, instance:com.test.TestCases.TestCases_1@4391a2d8]" started-at="2026-04-25T23:57:12 IST" name="tearDown" finished-at="2026-04-25T23:57:21 IST" duration-ms="8980" status="PASS">
          <reporter-output>
          </reporter-output>
        </test-method> <!-- tearDown -->
        <test-method is-config="true" signature="tearDown()[pri:0, instance:com.test.TestCases.TestCases_1@4391a2d8]" started-at="2026-04-25T23:57:13 IST" name="tearDown" finished-at="2026-04-25T23:57:21 IST" duration-ms="7699" status="PASS">
          <reporter-output>
          </reporter-output>
        </test-method> <!-- tearDown -->
        <test-method is-config="true" signature="tearDown()[pri:0, instance:com.test.TestCases.TestCases_1@4391a2d8]" started-at="2026-04-25T23:57:14 IST" name="tearDown" finished-at="2026-04-25T23:57:21 IST" duration-ms="6420" status="PASS">
          <reporter-output>
          </reporter-output>
        </test-method> <!-- tearDown -->
      </class> <!-- com.test.TestCases.TestCases_1 -->
    </test> <!-- Test3 -->
  </suite> <!-- Automation Suite -->
</testng-results>
